# JRE version: OpenJDK Runtime Environment (11.0.8+10) (build 11.0.8+10-b944.6842174)
# Java VM: OpenJDK 64-Bit Server VM (11.0.8+10-b944.6842174, mixed mode, tiered, compressed oops, g1 gc, windows-amd64)
Heap:
 garbage-first heap   total 189440K, used 91058K [0x0000000080000000, 0x0000000100000000)
  region size 1024K, 20 young (20480K), 7 survivors (7168K)
 Metaspace       used 94118K, capacity 96424K, committed 96640K, reserved 1132544K
  class space    used 12039K, capacity 12921K, committed 12928K, reserved 1048576K
GC Heap History (20 events):
Event: 11.490 GC heap before
{Heap before GC invocations=12 (full 0):
 garbage-first heap   total 157696K, used 50263K [0x0000000080000000, 0x0000000100000000)
  region size 1024K, 5 young (5120K), 3 survivors (3072K)
 Metaspace       used 58560K, capacity 60050K, committed 60160K, reserved 1101824K
  class space    used 7425K, capacity 7994K, committed 8064K, reserved 1048576K
}
Event: 11.497 GC heap after
{Heap after GC invocations=13 (full 0):
 garbage-first heap   total 157696K, used 49310K [0x0000000080000000, 0x0000000100000000)
  region size 1024K, 4 young (4096K), 4 survivors (4096K)
 Metaspace       used 58560K, capacity 60050K, committed 60160K, reserved 1101824K
  class space    used 7425K, capacity 7994K, committed 8064K, reserved 1048576K
}
Event: 12.306 GC heap before
{Heap before GC invocations=14 (full 0):
 garbage-first heap   total 157696K, used 97438K [0x0000000080000000, 0x0000000100000000)
  region size 1024K, 51 young (52224K), 4 survivors (4096K)
 Metaspace       used 62818K, capacity 64338K, committed 64640K, reserved 1105920K
  class space    used 7941K, capacity 8516K, committed 8576K, reserved 1048576K
}
Event: 12.318 GC heap after
{Heap after GC invocations=15 (full 0):
 garbage-first heap   total 157696K, used 52781K [0x0000000080000000, 0x0000000100000000)
  region size 1024K, 7 young (7168K), 7 survivors (7168K)
 Metaspace       used 62818K, capacity 64338K, committed 64640K, reserved 1105920K
  class space    used 7941K, capacity 8516K, committed 8576K, reserved 1048576K
}
Event: 12.973 GC heap before
{Heap before GC invocations=16 (full 0):
 garbage-first heap   total 157696K, used 102957K [0x0000000080000000, 0x0000000100000000)
  region size 1024K, 56 young (57344K), 7 survivors (7168K)
 Metaspace       used 64950K, capacity 66550K, committed 66688K, reserved 1107968K
  class space    used 8196K, capacity 8821K, committed 8832K, reserved 1048576K
}
Event: 12.982 GC heap after
{Heap after GC invocations=17 (full 0):
 garbage-first heap   total 157696K, used 56995K [0x0000000080000000, 0x0000000100000000)
  region size 1024K, 5 young (5120K), 5 survivors (5120K)
 Metaspace       used 64950K, capacity 66550K, committed 66688K, reserved 1107968K
  class space    used 8196K, capacity 8821K, committed 8832K, reserved 1048576K
}
Event: 13.767 GC heap before
{Heap before GC invocations=17 (full 0):
 garbage-first heap   total 157696K, used 108195K [0x0000000080000000, 0x0000000100000000)
  region size 1024K, 55 young (56320K), 5 survivors (5120K)
 Metaspace       used 70704K, capacity 72390K, committed 72576K, reserved 1112064K
  class space    used 9115K, capacity 9760K, committed 9856K, reserved 1048576K
}
Event: 13.775 GC heap after
{Heap after GC invocations=18 (full 0):
 garbage-first heap   total 157696K, used 60173K [0x0000000080000000, 0x0000000100000000)
  region size 1024K, 4 young (4096K), 4 survivors (4096K)
 Metaspace       used 70704K, capacity 72390K, committed 72576K, reserved 1112064K
  class space    used 9115K, capacity 9760K, committed 9856K, reserved 1048576K
}
Event: 14.571 GC heap before
{Heap before GC invocations=18 (full 0):
 garbage-first heap   total 157696K, used 113421K [0x0000000080000000, 0x0000000100000000)
  region size 1024K, 56 young (57344K), 4 survivors (4096K)
 Metaspace       used 76875K, capacity 78694K, committed 78848K, reserved 1118208K
  class space    used 9982K, capacity 10671K, committed 10752K, reserved 1048576K
}
Event: 14.578 GC heap after
{Heap after GC invocations=19 (full 0):
 garbage-first heap   total 157696K, used 62404K [0x0000000080000000, 0x0000000100000000)
  region size 1024K, 6 young (6144K), 6 survivors (6144K)
 Metaspace       used 76875K, capacity 78694K, committed 78848K, reserved 1118208K
  class space    used 9982K, capacity 10671K, committed 10752K, reserved 1048576K
}
Event: 15.513 GC heap before
{Heap before GC invocations=19 (full 0):
 garbage-first heap   total 157696K, used 116676K [0x0000000080000000, 0x0000000100000000)
  region size 1024K, 60 young (61440K), 6 survivors (6144K)
 Metaspace       used 81718K, capacity 83706K, committed 83840K, reserved 1122304K
  class space    used 10625K, capacity 11349K, committed 11392K, reserved 1048576K
}
Event: 15.524 GC heap after
{Heap after GC invocations=20 (full 0):
 garbage-first heap   total 157696K, used 66425K [0x0000000080000000, 0x0000000100000000)
  region size 1024K, 7 young (7168K), 7 survivors (7168K)
 Metaspace       used 81718K, capacity 83706K, committed 83840K, reserved 1122304K
  class space    used 10625K, capacity 11349K, committed 11392K, reserved 1048576K
}
Event: 16.142 GC heap before
{Heap before GC invocations=20 (full 0):
 garbage-first heap   total 157696K, used 119673K [0x0000000080000000, 0x0000000100000000)
  region size 1024K, 60 young (61440K), 7 survivors (7168K)
 Metaspace       used 82526K, capacity 84660K, committed 84864K, reserved 1122304K
  class space    used 10715K, capacity 11548K, committed 11648K, reserved 1048576K
}
Event: 16.154 GC heap after
{Heap after GC invocations=21 (full 0):
 garbage-first heap   total 157696K, used 70533K [0x0000000080000000, 0x0000000100000000)
  region size 1024K, 8 young (8192K), 8 survivors (8192K)
 Metaspace       used 82526K, capacity 84660K, committed 84864K, reserved 1122304K
  class space    used 10715K, capacity 11548K, committed 11648K, reserved 1048576K
}
Event: 16.714 GC heap before
{Heap before GC invocations=21 (full 0):
 garbage-first heap   total 157696K, used 122757K [0x0000000080000000, 0x0000000100000000)
  region size 1024K, 60 young (61440K), 8 survivors (8192K)
 Metaspace       used 84539K, capacity 86745K, committed 86912K, reserved 1124352K
  class space    used 10964K, capacity 11816K, committed 11904K, reserved 1048576K
}
Event: 16.725 GC heap after
{Heap after GC invocations=22 (full 0):
 garbage-first heap   total 157696K, used 72938K [0x0000000080000000, 0x0000000100000000)
  region size 1024K, 7 young (7168K), 7 survivors (7168K)
 Metaspace       used 84539K, capacity 86745K, committed 86912K, reserved 1124352K
  class space    used 10964K, capacity 11816K, committed 11904K, reserved 1048576K
}
Event: 17.341 GC heap before
{Heap before GC invocations=22 (full 0):
 garbage-first heap   total 157696K, used 125162K [0x0000000080000000, 0x0000000100000000)
  region size 1024K, 58 young (59392K), 7 survivors (7168K)
 Metaspace       used 88348K, capacity 90554K, committed 90624K, reserved 1128448K
  class space    used 11429K, capacity 12273K, committed 12288K, reserved 1048576K
}
Event: 17.352 GC heap after
{Heap after GC invocations=23 (full 0):
 garbage-first heap   total 157696K, used 76337K [0x0000000080000000, 0x0000000100000000)
  region size 1024K, 7 young (7168K), 7 survivors (7168K)
 Metaspace       used 88348K, capacity 90554K, committed 90624K, reserved 1128448K
  class space    used 11429K, capacity 12273K, committed 12288K, reserved 1048576K
}
Event: 30.913 GC heap before
{Heap before GC invocations=23 (full 0):
 garbage-first heap   total 157696K, used 125489K [0x0000000080000000, 0x0000000100000000)
  region size 1024K, 56 young (57344K), 7 survivors (7168K)
 Metaspace       used 93995K, capacity 96345K, committed 96384K, reserved 1132544K
  class space    used 12037K, capacity 12919K, committed 12928K, reserved 1048576K
}
Event: 30.926 GC heap after
{Heap after GC invocations=24 (full 0):
 garbage-first heap   total 189440K, used 78770K [0x0000000080000000, 0x0000000100000000)
  region size 1024K, 7 young (7168K), 7 survivors (7168K)
 Metaspace       used 93995K, capacity 96345K, committed 96384K, reserved 1132544K
  class space    used 12037K, capacity 12919K, committed 12928K, reserved 1048576K
}

