# JRE version: OpenJDK Runtime Environment (11.0.8+10) (build 11.0.8+10-b944.6842174)
# Java VM: OpenJDK 64-Bit Server VM (11.0.8+10-b944.6842174, mixed mode, tiered, compressed oops, g1 gc, windows-amd64)
Heap:
 garbage-first heap   total 467968K, used 172111K [0x0000000080000000, 0x0000000100000000)
  region size 1024K, 7 young (7168K), 7 survivors (7168K)
 Metaspace       used 97624K, capacity 100090K, committed 100428K, reserved 1136640K
  class space    used 12726K, capacity 13671K, committed 13900K, reserved 1048576K
GC Heap History (20 events):
Event: 15.331 GC heap after
{Heap after GC invocations=22 (full 0):
 garbage-first heap   total 189440K, used 109887K [0x0000000080000000, 0x0000000100000000)
  region size 1024K, 8 young (8192K), 8 survivors (8192K)
 Metaspace       used 90680K, capacity 93118K, committed 93260K, reserved 1130496K
  class space    used 11830K, capacity 12769K, committed 12876K, reserved 1048576K
}
Event: 15.510 GC heap before
{Heap before GC invocations=22 (full 0):
 garbage-first heap   total 189440K, used 148799K [0x0000000080000000, 0x0000000100000000)
  region size 1024K, 47 young (48128K), 8 survivors (8192K)
 Metaspace       used 91055K, capacity 93359K, committed 93772K, reserved 1130496K
  class space    used 11845K, capacity 12735K, committed 12876K, reserved 1048576K
}
Event: 15.532 GC heap after
{Heap after GC invocations=23 (full 0):
 garbage-first heap   total 189440K, used 121067K [0x0000000080000000, 0x0000000100000000)
  region size 1024K, 6 young (6144K), 6 survivors (6144K)
 Metaspace       used 91055K, capacity 93359K, committed 93772K, reserved 1130496K
  class space    used 11845K, capacity 12735K, committed 12876K, reserved 1048576K
}
Event: 15.647 GC heap before
{Heap before GC invocations=24 (full 0):
 garbage-first heap   total 189440K, used 150763K [0x0000000080000000, 0x0000000100000000)
  region size 1024K, 36 young (36864K), 6 survivors (6144K)
 Metaspace       used 91704K, capacity 94041K, committed 94668K, reserved 1130496K
  class space    used 11926K, capacity 12831K, committed 13004K, reserved 1048576K
}
Event: 15.664 GC heap after
{Heap after GC invocations=25 (full 0):
 garbage-first heap   total 227328K, used 129887K [0x0000000080000000, 0x0000000100000000)
  region size 1024K, 5 young (5120K), 5 survivors (5120K)
 Metaspace       used 91704K, capacity 94041K, committed 94668K, reserved 1130496K
  class space    used 11926K, capacity 12831K, committed 13004K, reserved 1048576K
}
Event: 15.766 GC heap before
{Heap before GC invocations=25 (full 0):
 garbage-first heap   total 227328K, used 169823K [0x0000000080000000, 0x0000000100000000)
  region size 1024K, 45 young (46080K), 5 survivors (5120K)
 Metaspace       used 92498K, capacity 94881K, committed 95308K, reserved 1132544K
  class space    used 12057K, capacity 13005K, committed 13132K, reserved 1048576K
}
Event: 15.784 GC heap after
{Heap after GC invocations=26 (full 0):
 garbage-first heap   total 227328K, used 139141K [0x0000000080000000, 0x0000000100000000)
  region size 1024K, 6 young (6144K), 6 survivors (6144K)
 Metaspace       used 92498K, capacity 94881K, committed 95308K, reserved 1132544K
  class space    used 12057K, capacity 13005K, committed 13132K, reserved 1048576K
}
Event: 16.000 GC heap before
{Heap before GC invocations=26 (full 0):
 garbage-first heap   total 227328K, used 176005K [0x0000000080000000, 0x0000000100000000)
  region size 1024K, 43 young (44032K), 6 survivors (6144K)
 Metaspace       used 93035K, capacity 95588K, committed 95692K, reserved 1132544K
  class space    used 12165K, capacity 13181K, committed 13260K, reserved 1048576K
}
Event: 16.019 GC heap after
{Heap after GC invocations=27 (full 0):
 garbage-first heap   total 227328K, used 149240K [0x0000000080000000, 0x0000000100000000)
  region size 1024K, 6 young (6144K), 6 survivors (6144K)
 Metaspace       used 93035K, capacity 95588K, committed 95692K, reserved 1132544K
  class space    used 12165K, capacity 13181K, committed 13260K, reserved 1048576K
}
Event: 16.227 GC heap before
{Heap before GC invocations=28 (full 0):
 garbage-first heap   total 227328K, used 182008K [0x0000000080000000, 0x0000000100000000)
  region size 1024K, 39 young (39936K), 6 survivors (6144K)
 Metaspace       used 94574K, capacity 97003K, committed 97228K, reserved 1132544K
  class space    used 12396K, capacity 13374K, committed 13516K, reserved 1048576K
}
Event: 16.245 GC heap after
{Heap after GC invocations=29 (full 0):
 garbage-first heap   total 227328K, used 155055K [0x0000000080000000, 0x0000000100000000)
  region size 1024K, 5 young (5120K), 5 survivors (5120K)
 Metaspace       used 94574K, capacity 97003K, committed 97228K, reserved 1132544K
  class space    used 12396K, capacity 13374K, committed 13516K, reserved 1048576K
}
Event: 16.391 GC heap before
{Heap before GC invocations=29 (full 0):
 garbage-first heap   total 227328K, used 184751K [0x0000000080000000, 0x0000000100000000)
  region size 1024K, 35 young (35840K), 5 survivors (5120K)
 Metaspace       used 95656K, capacity 98121K, committed 98380K, reserved 1134592K
  class space    used 12578K, capacity 13577K, committed 13644K, reserved 1048576K
}
Event: 16.406 GC heap after
{Heap after GC invocations=30 (full 0):
 garbage-first heap   total 309248K, used 159473K [0x0000000080000000, 0x0000000100000000)
  region size 1024K, 4 young (4096K), 4 survivors (4096K)
 Metaspace       used 95656K, capacity 98121K, committed 98380K, reserved 1134592K
  class space    used 12578K, capacity 13577K, committed 13644K, reserved 1048576K
}
Event: 16.865 GC heap before
{Heap before GC invocations=31 (full 0):
 garbage-first heap   total 309248K, used 214769K [0x0000000080000000, 0x0000000100000000)
  region size 1024K, 58 young (59392K), 4 survivors (4096K)
 Metaspace       used 96825K, capacity 99298K, committed 99788K, reserved 1134592K
  class space    used 12652K, capacity 13628K, committed 13772K, reserved 1048576K
}
Event: 16.878 GC heap after
{Heap after GC invocations=32 (full 0):
 garbage-first heap   total 309248K, used 162282K [0x0000000080000000, 0x0000000100000000)
  region size 1024K, 7 young (7168K), 7 survivors (7168K)
 Metaspace       used 96825K, capacity 99298K, committed 99788K, reserved 1134592K
  class space    used 12652K, capacity 13628K, committed 13772K, reserved 1048576K
}
Event: 17.060 GC heap before
{Heap before GC invocations=32 (full 0):
 garbage-first heap   total 309248K, used 218602K [0x0000000080000000, 0x0000000100000000)
  region size 1024K, 63 young (64512K), 7 survivors (7168K)
 Metaspace       used 97406K, capacity 99897K, committed 100172K, reserved 1136640K
  class space    used 12743K, capacity 13722K, committed 13900K, reserved 1048576K
}
Event: 17.078 GC heap after
{Heap after GC invocations=33 (full 0):
 garbage-first heap   total 309248K, used 165921K [0x0000000080000000, 0x0000000100000000)
  region size 1024K, 7 young (7168K), 7 survivors (7168K)
 Metaspace       used 97406K, capacity 99897K, committed 100172K, reserved 1136640K
  class space    used 12743K, capacity 13722K, committed 13900K, reserved 1048576K
}
Event: 17.459 GC heap before
{Heap before GC invocations=33 (full 0):
 garbage-first heap   total 309248K, used 226337K [0x0000000080000000, 0x0000000100000000)
  region size 1024K, 66 young (67584K), 7 survivors (7168K)
 Metaspace       used 97588K, capacity 100090K, committed 100428K, reserved 1136640K
  class space    used 12717K, capacity 13671K, committed 13900K, reserved 1048576K
}
Event: 17.473 GC heap after
{Heap after GC invocations=34 (full 0):
 garbage-first heap   total 309248K, used 169085K [0x0000000080000000, 0x0000000100000000)
  region size 1024K, 8 young (8192K), 8 survivors (8192K)
 Metaspace       used 97588K, capacity 100090K, committed 100428K, reserved 1136640K
  class space    used 12717K, capacity 13671K, committed 13900K, reserved 1048576K
}
Event: 17.655 GC heap before
{Heap before GC invocations=35 (full 0):
 garbage-first heap   total 309248K, used 230525K [0x0000000080000000, 0x0000000100000000)
  region size 1024K, 69 young (70656K), 8 survivors (8192K)
 Metaspace       used 97624K, capacity 100090K, committed 100428K, reserved 1136640K
  class space    used 12726K, capacity 13671K, committed 13900K, reserved 1048576K
}

