# JRE version: OpenJDK Runtime Environment (11.0.8+10) (build 11.0.8+10-b944.6842174)
# Java VM: OpenJDK 64-Bit Server VM (11.0.8+10-b944.6842174, mixed mode, tiered, compressed oops, g1 gc, windows-amd64)
Heap:
 garbage-first heap   total 189440K, used 127275K [0x0000000080000000, 0x0000000100000000)
  region size 1024K, 44 young (45056K), 7 survivors (7168K)
 Metaspace       used 99328K, capacity 101892K, committed 102144K, reserved 1136640K
  class space    used 13012K, capacity 14052K, committed 14080K, reserved 1048576K
GC Heap History (20 events):
Event: 9.662 GC heap before
{Heap before GC invocations=11 (full 0):
 garbage-first heap   total 131072K, used 61702K [0x0000000080000000, 0x0000000100000000)
  region size 1024K, 16 young (16384K), 2 survivors (2048K)
 Metaspace       used 58524K, capacity 60006K, committed 60160K, reserved 1101824K
  class space    used 7416K, capacity 7959K, committed 8064K, reserved 1048576K
}
Event: 9.669 GC heap after
{Heap after GC invocations=12 (full 0):
 garbage-first heap   total 157696K, used 49514K [0x0000000080000000, 0x0000000100000000)
  region size 1024K, 3 young (3072K), 3 survivors (3072K)
 Metaspace       used 58524K, capacity 60006K, committed 60160K, reserved 1101824K
  class space    used 7416K, capacity 7959K, committed 8064K, reserved 1048576K
}
Event: 10.435 GC heap before
{Heap before GC invocations=13 (full 0):
 garbage-first heap   total 157696K, used 101738K [0x0000000080000000, 0x0000000100000000)
  region size 1024K, 54 young (55296K), 3 survivors (3072K)
 Metaspace       used 63271K, capacity 64806K, committed 65024K, reserved 1105920K
  class space    used 8009K, capacity 8587K, committed 8704K, reserved 1048576K
}
Event: 10.444 GC heap after
{Heap after GC invocations=14 (full 0):
 garbage-first heap   total 157696K, used 53153K [0x0000000080000000, 0x0000000100000000)
  region size 1024K, 7 young (7168K), 7 survivors (7168K)
 Metaspace       used 63271K, capacity 64806K, committed 65024K, reserved 1105920K
  class space    used 8009K, capacity 8587K, committed 8704K, reserved 1048576K
}
Event: 10.952 GC heap before
{Heap before GC invocations=15 (full 0):
 garbage-first heap   total 157696K, used 106401K [0x0000000080000000, 0x0000000100000000)
  region size 1024K, 59 young (60416K), 7 survivors (7168K)
 Metaspace       used 65838K, capacity 67451K, committed 67584K, reserved 1107968K
  class space    used 8298K, capacity 8951K, committed 8960K, reserved 1048576K
}
Event: 10.965 GC heap after
{Heap after GC invocations=16 (full 0):
 garbage-first heap   total 157696K, used 57112K [0x0000000080000000, 0x0000000100000000)
  region size 1024K, 8 young (8192K), 8 survivors (8192K)
 Metaspace       used 65838K, capacity 67451K, committed 67584K, reserved 1107968K
  class space    used 8298K, capacity 8951K, committed 8960K, reserved 1048576K
}
Event: 11.808 GC heap before
{Heap before GC invocations=16 (full 0):
 garbage-first heap   total 157696K, used 111384K [0x0000000080000000, 0x0000000100000000)
  region size 1024K, 61 young (62464K), 8 survivors (8192K)
 Metaspace       used 72816K, capacity 74455K, committed 74624K, reserved 1114112K
  class space    used 9370K, capacity 10017K, committed 10112K, reserved 1048576K
}
Event: 11.818 GC heap after
{Heap after GC invocations=17 (full 0):
 garbage-first heap   total 157696K, used 61107K [0x0000000080000000, 0x0000000100000000)
  region size 1024K, 8 young (8192K), 8 survivors (8192K)
 Metaspace       used 72816K, capacity 74455K, committed 74624K, reserved 1114112K
  class space    used 9370K, capacity 10017K, committed 10112K, reserved 1048576K
}
Event: 12.530 GC heap before
{Heap before GC invocations=17 (full 0):
 garbage-first heap   total 157696K, used 115379K [0x0000000080000000, 0x0000000100000000)
  region size 1024K, 61 young (62464K), 8 survivors (8192K)
 Metaspace       used 77778K, capacity 79567K, committed 79744K, reserved 1118208K
  class space    used 10113K, capacity 10787K, committed 10880K, reserved 1048576K
}
Event: 12.543 GC heap after
{Heap after GC invocations=18 (full 0):
 garbage-first heap   total 157696K, used 63575K [0x0000000080000000, 0x0000000100000000)
  region size 1024K, 7 young (7168K), 7 survivors (7168K)
 Metaspace       used 77778K, capacity 79567K, committed 79744K, reserved 1118208K
  class space    used 10113K, capacity 10787K, committed 10880K, reserved 1048576K
}
Event: 13.436 GC heap before
{Heap before GC invocations=18 (full 0):
 garbage-first heap   total 157696K, used 116823K [0x0000000080000000, 0x0000000100000000)
  region size 1024K, 60 young (61440K), 7 survivors (7168K)
 Metaspace       used 82092K, capacity 84149K, committed 84224K, reserved 1122304K
  class space    used 10686K, capacity 11478K, committed 11520K, reserved 1048576K
}
Event: 13.449 GC heap after
{Heap after GC invocations=19 (full 0):
 garbage-first heap   total 157696K, used 67716K [0x0000000080000000, 0x0000000100000000)
  region size 1024K, 7 young (7168K), 7 survivors (7168K)
 Metaspace       used 82092K, capacity 84149K, committed 84224K, reserved 1122304K
  class space    used 10686K, capacity 11478K, committed 11520K, reserved 1048576K
}
Event: 14.026 GC heap before
{Heap before GC invocations=19 (full 0):
 garbage-first heap   total 157696K, used 120964K [0x0000000080000000, 0x0000000100000000)
  region size 1024K, 60 young (61440K), 7 survivors (7168K)
 Metaspace       used 82588K, capacity 84746K, committed 84864K, reserved 1122304K
  class space    used 10709K, capacity 11533K, committed 11648K, reserved 1048576K
}
Event: 14.040 GC heap after
{Heap after GC invocations=20 (full 0):
 garbage-first heap   total 189440K, used 71371K [0x0000000080000000, 0x0000000100000000)
  region size 1024K, 8 young (8192K), 8 survivors (8192K)
 Metaspace       used 82588K, capacity 84746K, committed 84864K, reserved 1122304K
  class space    used 10709K, capacity 11533K, committed 11648K, reserved 1048576K
}
Event: 14.796 GC heap before
{Heap before GC invocations=20 (full 0):
 garbage-first heap   total 189440K, used 137931K [0x0000000080000000, 0x0000000100000000)
  region size 1024K, 73 young (74752K), 8 survivors (8192K)
 Metaspace       used 86402K, capacity 88581K, committed 88832K, reserved 1126400K
  class space    used 11184K, capacity 12025K, committed 12032K, reserved 1048576K
}
Event: 14.805 GC heap after
{Heap after GC invocations=21 (full 0):
 garbage-first heap   total 189440K, used 74255K [0x0000000080000000, 0x0000000100000000)
  region size 1024K, 7 young (7168K), 7 survivors (7168K)
 Metaspace       used 86402K, capacity 88581K, committed 88832K, reserved 1126400K
  class space    used 11184K, capacity 12025K, committed 12032K, reserved 1048576K
}
Event: 15.619 GC heap before
{Heap before GC invocations=21 (full 0):
 garbage-first heap   total 189440K, used 141839K [0x0000000080000000, 0x0000000100000000)
  region size 1024K, 74 young (75776K), 7 survivors (7168K)
 Metaspace       used 88956K, capacity 91095K, committed 91264K, reserved 1128448K
  class space    used 11477K, capacity 12313K, committed 12416K, reserved 1048576K
}
Event: 15.632 GC heap after
{Heap after GC invocations=22 (full 0):
 garbage-first heap   total 189440K, used 78746K [0x0000000080000000, 0x0000000100000000)
  region size 1024K, 8 young (8192K), 8 survivors (8192K)
 Metaspace       used 88956K, capacity 91095K, committed 91264K, reserved 1128448K
  class space    used 11477K, capacity 12313K, committed 12416K, reserved 1048576K
}
Event: 16.719 GC heap before
{Heap before GC invocations=22 (full 0):
 garbage-first heap   total 189440K, used 146330K [0x0000000080000000, 0x0000000100000000)
  region size 1024K, 74 young (75776K), 8 survivors (8192K)
 Metaspace       used 96599K, capacity 99208K, committed 99456K, reserved 1134592K
  class space    used 12667K, capacity 13641K, committed 13696K, reserved 1048576K
}
Event: 16.728 GC heap after
{Heap after GC invocations=23 (full 0):
 garbage-first heap   total 189440K, used 81195K [0x0000000080000000, 0x0000000100000000)
  region size 1024K, 7 young (7168K), 7 survivors (7168K)
 Metaspace       used 96599K, capacity 99208K, committed 99456K, reserved 1134592K
  class space    used 12667K, capacity 13641K, committed 13696K, reserved 1048576K
}

