# JRE version: OpenJDK Runtime Environment (11.0.8+10) (build 11.0.8+10-b944.6842174)
# Java VM: OpenJDK 64-Bit Server VM (11.0.8+10-b944.6842174, mixed mode, tiered, compressed oops, g1 gc, windows-amd64)
Heap:
 garbage-first heap   total 157696K, used 77902K [0x0000000080000000, 0x0000000100000000)
  region size 1024K, 7 young (7168K), 6 survivors (6144K)
 Metaspace       used 91041K, capacity 93444K, committed 93696K, reserved 1138688K
  class space    used 11840K, capacity 12757K, committed 12800K, reserved 1048576K
GC Heap History (20 events):
Event: 10.933 GC heap before
{Heap before GC invocations=11 (full 0):
 garbage-first heap   total 157696K, used 103424K [0x0000000080000000, 0x0000000100000000)
  region size 1024K, 70 young (71680K), 6 survivors (6144K)
 Metaspace       used 54861K, capacity 56384K, committed 56448K, reserved 1097728K
  class space    used 6953K, capacity 7523K, committed 7552K, reserved 1048576K
}
Event: 10.941 GC heap after
{Heap after GC invocations=12 (full 0):
 garbage-first heap   total 157696K, used 46416K [0x0000000080000000, 0x0000000100000000)
  region size 1024K, 9 young (9216K), 9 survivors (9216K)
 Metaspace       used 54861K, capacity 56384K, committed 56448K, reserved 1097728K
  class space    used 6953K, capacity 7523K, committed 7552K, reserved 1048576K
}
Event: 11.383 GC heap before
{Heap before GC invocations=12 (full 0):
 garbage-first heap   total 157696K, used 69968K [0x0000000080000000, 0x0000000100000000)
  region size 1024K, 33 young (33792K), 9 survivors (9216K)
 Metaspace       used 58537K, capacity 60008K, committed 60160K, reserved 1101824K
  class space    used 7415K, capacity 7958K, committed 8064K, reserved 1048576K
}
Event: 11.398 GC heap after
{Heap after GC invocations=13 (full 0):
 garbage-first heap   total 157696K, used 48975K [0x0000000080000000, 0x0000000100000000)
  region size 1024K, 2 young (2048K), 2 survivors (2048K)
 Metaspace       used 58537K, capacity 60008K, committed 60160K, reserved 1101824K
  class space    used 7415K, capacity 7958K, committed 8064K, reserved 1048576K
}
Event: 12.125 GC heap before
{Heap before GC invocations=14 (full 0):
 garbage-first heap   total 157696K, used 98127K [0x0000000080000000, 0x0000000100000000)
  region size 1024K, 50 young (51200K), 2 survivors (2048K)
 Metaspace       used 62925K, capacity 64519K, committed 64640K, reserved 1105920K
  class space    used 7962K, capacity 8575K, committed 8576K, reserved 1048576K
}
Event: 12.132 GC heap after
{Heap after GC invocations=15 (full 0):
 garbage-first heap   total 157696K, used 52409K [0x0000000080000000, 0x0000000100000000)
  region size 1024K, 6 young (6144K), 6 survivors (6144K)
 Metaspace       used 62925K, capacity 64519K, committed 64640K, reserved 1105920K
  class space    used 7962K, capacity 8575K, committed 8576K, reserved 1048576K
}
Event: 12.759 GC heap before
{Heap before GC invocations=16 (full 0):
 garbage-first heap   total 157696K, used 102585K [0x0000000080000000, 0x0000000100000000)
  region size 1024K, 55 young (56320K), 6 survivors (6144K)
 Metaspace       used 65014K, capacity 66655K, committed 66816K, reserved 1107968K
  class space    used 8203K, capacity 8855K, committed 8960K, reserved 1048576K
}
Event: 12.768 GC heap after
{Heap after GC invocations=17 (full 0):
 garbage-first heap   total 157696K, used 56587K [0x0000000080000000, 0x0000000100000000)
  region size 1024K, 5 young (5120K), 5 survivors (5120K)
 Metaspace       used 65014K, capacity 66655K, committed 66816K, reserved 1107968K
  class space    used 8203K, capacity 8855K, committed 8960K, reserved 1048576K
}
Event: 13.617 GC heap before
{Heap before GC invocations=17 (full 0):
 garbage-first heap   total 157696K, used 107787K [0x0000000080000000, 0x0000000100000000)
  region size 1024K, 55 young (56320K), 5 survivors (5120K)
 Metaspace       used 72005K, capacity 73659K, committed 73984K, reserved 1114112K
  class space    used 9246K, capacity 9861K, committed 9984K, reserved 1048576K
}
Event: 13.624 GC heap after
{Heap after GC invocations=18 (full 0):
 garbage-first heap   total 157696K, used 60098K [0x0000000080000000, 0x0000000100000000)
  region size 1024K, 4 young (4096K), 4 survivors (4096K)
 Metaspace       used 72005K, capacity 73659K, committed 73984K, reserved 1114112K
  class space    used 9246K, capacity 9861K, committed 9984K, reserved 1048576K
}
Event: 14.377 GC heap before
{Heap before GC invocations=18 (full 0):
 garbage-first heap   total 157696K, used 112322K [0x0000000080000000, 0x0000000100000000)
  region size 1024K, 55 young (56320K), 4 survivors (4096K)
 Metaspace       used 77062K, capacity 78803K, committed 79104K, reserved 1118208K
  class space    used 10000K, capacity 10705K, committed 10752K, reserved 1048576K
}
Event: 14.384 GC heap after
{Heap after GC invocations=19 (full 0):
 garbage-first heap   total 157696K, used 62161K [0x0000000080000000, 0x0000000100000000)
  region size 1024K, 6 young (6144K), 6 survivors (6144K)
 Metaspace       used 77062K, capacity 78803K, committed 79104K, reserved 1118208K
  class space    used 10000K, capacity 10705K, committed 10752K, reserved 1048576K
}
Event: 15.234 GC heap before
{Heap before GC invocations=19 (full 0):
 garbage-first heap   total 157696K, used 115409K [0x0000000080000000, 0x0000000100000000)
  region size 1024K, 59 young (60416K), 6 survivors (6144K)
 Metaspace       used 81786K, capacity 83827K, committed 84096K, reserved 1122304K
  class space    used 10620K, capacity 11346K, committed 11392K, reserved 1048576K
}
Event: 15.242 GC heap after
{Heap after GC invocations=20 (full 0):
 garbage-first heap   total 157696K, used 65995K [0x0000000080000000, 0x0000000100000000)
  region size 1024K, 7 young (7168K), 7 survivors (7168K)
 Metaspace       used 81786K, capacity 83827K, committed 84096K, reserved 1122304K
  class space    used 10620K, capacity 11346K, committed 11392K, reserved 1048576K
}
Event: 15.822 GC heap before
{Heap before GC invocations=20 (full 0):
 garbage-first heap   total 157696K, used 118219K [0x0000000080000000, 0x0000000100000000)
  region size 1024K, 59 young (60416K), 7 survivors (7168K)
 Metaspace       used 82616K, capacity 84901K, committed 85120K, reserved 1122304K
  class space    used 10723K, capacity 11565K, committed 11648K, reserved 1048576K
}
Event: 15.832 GC heap after
{Heap after GC invocations=21 (full 0):
 garbage-first heap   total 157696K, used 69658K [0x0000000080000000, 0x0000000100000000)
  region size 1024K, 8 young (8192K), 8 survivors (8192K)
 Metaspace       used 82616K, capacity 84901K, committed 85120K, reserved 1122304K
  class space    used 10723K, capacity 11565K, committed 11648K, reserved 1048576K
}
Event: 16.401 GC heap before
{Heap before GC invocations=21 (full 0):
 garbage-first heap   total 157696K, used 121882K [0x0000000080000000, 0x0000000100000000)
  region size 1024K, 60 young (61440K), 8 survivors (8192K)
 Metaspace       used 84483K, capacity 86704K, committed 86912K, reserved 1124352K
  class space    used 10952K, capacity 11803K, committed 11904K, reserved 1048576K
}
Event: 16.409 GC heap after
{Heap after GC invocations=22 (full 0):
 garbage-first heap   total 157696K, used 72698K [0x0000000080000000, 0x0000000100000000)
  region size 1024K, 7 young (7168K), 7 survivors (7168K)
 Metaspace       used 84483K, capacity 86704K, committed 86912K, reserved 1124352K
  class space    used 10952K, capacity 11803K, committed 11904K, reserved 1048576K
}
Event: 16.934 GC heap before
{Heap before GC invocations=22 (full 0):
 garbage-first heap   total 157696K, used 124922K [0x0000000080000000, 0x0000000100000000)
  region size 1024K, 58 young (59392K), 7 survivors (7168K)
 Metaspace       used 88300K, capacity 90504K, committed 90624K, reserved 1128448K
  class space    used 11411K, capacity 12258K, committed 12288K, reserved 1048576K
}
Event: 16.942 GC heap after
{Heap after GC invocations=23 (full 0):
 garbage-first heap   total 157696K, used 75642K [0x0000000080000000, 0x0000000100000000)
  region size 1024K, 7 young (7168K), 7 survivors (7168K)
 Metaspace       used 88300K, capacity 90504K, committed 90624K, reserved 1128448K
  class space    used 11411K, capacity 12258K, committed 12288K, reserved 1048576K
}

