# JRE version: OpenJDK Runtime Environment (11.0.8+10) (build 11.0.8+10-b944.6842174)
# Java VM: OpenJDK 64-Bit Server VM (11.0.8+10-b944.6842174, mixed mode, tiered, compressed oops, g1 gc, windows-amd64)
Heap:
 garbage-first heap   total 189440K, used 69125K [0x0000000080000000, 0x0000000100000000)
  region size 1024K, 8 young (8192K), 8 survivors (8192K)
 Metaspace       used 82391K, capacity 84458K, committed 84480K, reserved 1122304K
  class space    used 10698K, capacity 11511K, committed 11520K, reserved 1048576K
GC Heap History (20 events):
Event: 5.940 GC heap after
{Heap after GC invocations=6 (full 0):
 garbage-first heap   total 131072K, used 22752K [0x0000000080000000, 0x0000000100000000)
  region size 1024K, 7 young (7168K), 7 survivors (7168K)
 Metaspace       used 34933K, capacity 35750K, committed 35840K, reserved 1081344K
  class space    used 4530K, capacity 4832K, committed 4864K, reserved 1048576K
}
Event: 6.667 GC heap before
{Heap before GC invocations=7 (full 0):
 garbage-first heap   total 131072K, used 86240K [0x0000000080000000, 0x0000000100000000)
  region size 1024K, 67 young (68608K), 7 survivors (7168K)
 Metaspace       used 39449K, capacity 40379K, committed 40576K, reserved 1085440K
  class space    used 5039K, capacity 5389K, committed 5504K, reserved 1048576K
}
Event: 6.676 GC heap after
{Heap after GC invocations=8 (full 0):
 garbage-first heap   total 131072K, used 27360K [0x0000000080000000, 0x0000000100000000)
  region size 1024K, 9 young (9216K), 9 survivors (9216K)
 Metaspace       used 39449K, capacity 40379K, committed 40576K, reserved 1085440K
  class space    used 5039K, capacity 5389K, committed 5504K, reserved 1048576K
}
Event: 7.363 GC heap before
{Heap before GC invocations=8 (full 0):
 garbage-first heap   total 131072K, used 87776K [0x0000000080000000, 0x0000000100000000)
  region size 1024K, 68 young (69632K), 9 survivors (9216K)
 Metaspace       used 44681K, capacity 45824K, committed 45952K, reserved 1089536K
  class space    used 5743K, capacity 6177K, committed 6272K, reserved 1048576K
}
Event: 7.375 GC heap after
{Heap after GC invocations=9 (full 0):
 garbage-first heap   total 131072K, used 29738K [0x0000000080000000, 0x0000000100000000)
  region size 1024K, 4 young (4096K), 4 survivors (4096K)
 Metaspace       used 44681K, capacity 45824K, committed 45952K, reserved 1089536K
  class space    used 5743K, capacity 6177K, committed 6272K, reserved 1048576K
}
Event: 8.300 GC heap before
{Heap before GC invocations=9 (full 0):
 garbage-first heap   total 131072K, used 98346K [0x0000000080000000, 0x0000000100000000)
  region size 1024K, 65 young (66560K), 4 survivors (4096K)
 Metaspace       used 48022K, capacity 49299K, committed 49408K, reserved 1091584K
  class space    used 6149K, capacity 6653K, committed 6656K, reserved 1048576K
}
Event: 8.308 GC heap after
{Heap after GC invocations=10 (full 0):
 garbage-first heap   total 157696K, used 45509K [0x0000000080000000, 0x0000000100000000)
  region size 1024K, 9 young (9216K), 9 survivors (9216K)
 Metaspace       used 48022K, capacity 49299K, committed 49408K, reserved 1091584K
  class space    used 6149K, capacity 6653K, committed 6656K, reserved 1048576K
}
Event: 9.286 GC heap before
{Heap before GC invocations=10 (full 0):
 garbage-first heap   total 157696K, used 112069K [0x0000000080000000, 0x0000000100000000)
  region size 1024K, 74 young (75776K), 9 survivors (9216K)
 Metaspace       used 57872K, capacity 59352K, committed 59648K, reserved 1101824K
  class space    used 7350K, capacity 7891K, committed 7936K, reserved 1048576K
}
Event: 9.295 GC heap after
{Heap after GC invocations=11 (full 0):
 garbage-first heap   total 157696K, used 48686K [0x0000000080000000, 0x0000000100000000)
  region size 1024K, 3 young (3072K), 3 survivors (3072K)
 Metaspace       used 57872K, capacity 59352K, committed 59648K, reserved 1101824K
  class space    used 7350K, capacity 7891K, committed 7936K, reserved 1048576K
}
Event: 9.349 GC heap before
{Heap before GC invocations=11 (full 0):
 garbage-first heap   total 157696K, used 51758K [0x0000000080000000, 0x0000000100000000)
  region size 1024K, 7 young (7168K), 3 survivors (3072K)
 Metaspace       used 58521K, capacity 60010K, committed 60160K, reserved 1101824K
  class space    used 7412K, capacity 7960K, committed 8064K, reserved 1048576K
}
Event: 9.355 GC heap after
{Heap after GC invocations=12 (full 0):
 garbage-first heap   total 157696K, used 49179K [0x0000000080000000, 0x0000000100000000)
  region size 1024K, 4 young (4096K), 4 survivors (4096K)
 Metaspace       used 58521K, capacity 60010K, committed 60160K, reserved 1101824K
  class space    used 7412K, capacity 7960K, committed 8064K, reserved 1048576K
}
Event: 10.210 GC heap before
{Heap before GC invocations=13 (full 0):
 garbage-first heap   total 157696K, used 110619K [0x0000000080000000, 0x0000000100000000)
  region size 1024K, 64 young (65536K), 4 survivors (4096K)
 Metaspace       used 64092K, capacity 65622K, committed 65792K, reserved 1105920K
  class space    used 8097K, capacity 8685K, committed 8704K, reserved 1048576K
}
Event: 10.230 GC heap after
{Heap after GC invocations=14 (full 0):
 garbage-first heap   total 157696K, used 52926K [0x0000000080000000, 0x0000000100000000)
  region size 1024K, 7 young (7168K), 7 survivors (7168K)
 Metaspace       used 64092K, capacity 65622K, committed 65792K, reserved 1105920K
  class space    used 8097K, capacity 8685K, committed 8704K, reserved 1048576K
}
Event: 10.956 GC heap before
{Heap before GC invocations=15 (full 0):
 garbage-first heap   total 157696K, used 114366K [0x0000000080000000, 0x0000000100000000)
  region size 1024K, 67 young (68608K), 7 survivors (7168K)
 Metaspace       used 67972K, capacity 69544K, committed 69760K, reserved 1110016K
  class space    used 8675K, capacity 9308K, committed 9344K, reserved 1048576K
}
Event: 10.967 GC heap after
{Heap after GC invocations=16 (full 0):
 garbage-first heap   total 157696K, used 57657K [0x0000000080000000, 0x0000000100000000)
  region size 1024K, 9 young (9216K), 9 survivors (9216K)
 Metaspace       used 67972K, capacity 69544K, committed 69760K, reserved 1110016K
  class space    used 8675K, capacity 9308K, committed 9344K, reserved 1048576K
}
Event: 11.867 GC heap before
{Heap before GC invocations=16 (full 0):
 garbage-first heap   total 157696K, used 118073K [0x0000000080000000, 0x0000000100000000)
  region size 1024K, 68 young (69632K), 9 survivors (9216K)
 Metaspace       used 74954K, capacity 76712K, committed 76928K, reserved 1116160K
  class space    used 9686K, capacity 10362K, committed 10368K, reserved 1048576K
}
Event: 11.881 GC heap after
{Heap after GC invocations=17 (full 0):
 garbage-first heap   total 157696K, used 61450K [0x0000000080000000, 0x0000000100000000)
  region size 1024K, 9 young (9216K), 9 survivors (9216K)
 Metaspace       used 74954K, capacity 76712K, committed 76928K, reserved 1116160K
  class space    used 9686K, capacity 10362K, committed 10368K, reserved 1048576K
}
Event: 12.749 GC heap before
{Heap before GC invocations=17 (full 0):
 garbage-first heap   total 157696K, used 120842K [0x0000000080000000, 0x0000000100000000)
  region size 1024K, 67 young (68608K), 9 survivors (9216K)
 Metaspace       used 80658K, capacity 82549K, committed 82688K, reserved 1120256K
  class space    used 10440K, capacity 11144K, committed 11264K, reserved 1048576K
}
Event: 12.760 GC heap after
{Heap after GC invocations=18 (full 0):
 garbage-first heap   total 157696K, used 65307K [0x0000000080000000, 0x0000000100000000)
  region size 1024K, 8 young (8192K), 8 survivors (8192K)
 Metaspace       used 80658K, capacity 82549K, committed 82688K, reserved 1120256K
  class space    used 10440K, capacity 11144K, committed 11264K, reserved 1048576K
}
Event: 13.429 GC heap before
{Heap before GC invocations=18 (full 0):
 garbage-first heap   total 157696K, used 122651K [0x0000000080000000, 0x0000000100000000)
  region size 1024K, 65 young (66560K), 8 survivors (8192K)
 Metaspace       used 82391K, capacity 84458K, committed 84480K, reserved 1122304K
  class space    used 10698K, capacity 11511K, committed 11520K, reserved 1048576K
}

