# JRE version: OpenJDK Runtime Environment (11.0.8+10) (build 11.0.8+10-b944.6842174)
# Java VM: OpenJDK 64-Bit Server VM (11.0.8+10-b944.6842174, mixed mode, tiered, compressed oops, g1 gc, windows-amd64)
Heap:
 garbage-first heap   total 189440K, used 84567K [0x0000000080000000, 0x0000000100000000)
  region size 1024K, 14 young (14336K), 8 survivors (8192K)
 Metaspace       used 95297K, capacity 97852K, committed 97920K, reserved 1134592K
  class space    used 12448K, capacity 13402K, committed 13440K, reserved 1048576K
GC Heap History (20 events):
Event: 8.154 GC heap before
{Heap before GC invocations=9 (full 0):
 garbage-first heap   total 131072K, used 98912K [0x0000000080000000, 0x0000000100000000)
  region size 1024K, 66 young (67584K), 4 survivors (4096K)
 Metaspace       used 48525K, capacity 49888K, committed 50048K, reserved 1093632K
  class space    used 6206K, capacity 6721K, committed 6784K, reserved 1048576K
}
Event: 8.164 GC heap after
{Heap after GC invocations=10 (full 0):
 garbage-first heap   total 157696K, used 44786K [0x0000000080000000, 0x0000000100000000)
  region size 1024K, 9 young (9216K), 9 survivors (9216K)
 Metaspace       used 48525K, capacity 49888K, committed 50048K, reserved 1093632K
  class space    used 6206K, capacity 6721K, committed 6784K, reserved 1048576K
}
Event: 9.362 GC heap before
{Heap before GC invocations=10 (full 0):
 garbage-first heap   total 157696K, used 110322K [0x0000000080000000, 0x0000000100000000)
  region size 1024K, 74 young (75776K), 9 survivors (9216K)
 Metaspace       used 58548K, capacity 60022K, committed 60160K, reserved 1101824K
  class space    used 7422K, capacity 7964K, committed 8064K, reserved 1048576K
}
Event: 9.380 GC heap after
{Heap after GC invocations=11 (full 0):
 garbage-first heap   total 157696K, used 48985K [0x0000000080000000, 0x0000000100000000)
  region size 1024K, 4 young (4096K), 4 survivors (4096K)
 Metaspace       used 58548K, capacity 60022K, committed 60160K, reserved 1101824K
  class space    used 7422K, capacity 7964K, committed 8064K, reserved 1048576K
}
Event: 10.322 GC heap before
{Heap before GC invocations=12 (full 0):
 garbage-first heap   total 157696K, used 115545K [0x0000000080000000, 0x0000000100000000)
  region size 1024K, 69 young (70656K), 4 survivors (4096K)
 Metaspace       used 64498K, capacity 66077K, committed 66176K, reserved 1105920K
  class space    used 8157K, capacity 8750K, committed 8832K, reserved 1048576K
}
Event: 10.332 GC heap after
{Heap after GC invocations=13 (full 0):
 garbage-first heap   total 157696K, used 52984K [0x0000000080000000, 0x0000000100000000)
  region size 1024K, 8 young (8192K), 8 survivors (8192K)
 Metaspace       used 64498K, capacity 66077K, committed 66176K, reserved 1105920K
  class space    used 8157K, capacity 8750K, committed 8832K, reserved 1048576K
}
Event: 11.232 GC heap before
{Heap before GC invocations=14 (full 0):
 garbage-first heap   total 157696K, used 118520K [0x0000000080000000, 0x0000000100000000)
  region size 1024K, 72 young (73728K), 8 survivors (8192K)
 Metaspace       used 69153K, capacity 70911K, committed 71040K, reserved 1110016K
  class space    used 8916K, capacity 9571K, committed 9600K, reserved 1048576K
}
Event: 11.255 GC heap after
{Heap after GC invocations=15 (full 0):
 garbage-first heap   total 157696K, used 58079K [0x0000000080000000, 0x0000000100000000)
  region size 1024K, 6 young (6144K), 6 survivors (6144K)
 Metaspace       used 69153K, capacity 70911K, committed 71040K, reserved 1110016K
  class space    used 8916K, capacity 9571K, committed 9600K, reserved 1048576K
}
Event: 12.191 GC heap before
{Heap before GC invocations=15 (full 0):
 garbage-first heap   total 157696K, used 121567K [0x0000000080000000, 0x0000000100000000)
  region size 1024K, 68 young (69632K), 6 survivors (6144K)
 Metaspace       used 75919K, capacity 77692K, committed 77952K, reserved 1116160K
  class space    used 9843K, capacity 10513K, committed 10624K, reserved 1048576K
}
Event: 12.201 GC heap after
{Heap after GC invocations=16 (full 0):
 garbage-first heap   total 157696K, used 62232K [0x0000000080000000, 0x0000000100000000)
  region size 1024K, 5 young (5120K), 5 survivors (5120K)
 Metaspace       used 75919K, capacity 77692K, committed 77952K, reserved 1116160K
  class space    used 9843K, capacity 10513K, committed 10624K, reserved 1048576K
}
Event: 13.193 GC heap before
{Heap before GC invocations=16 (full 0):
 garbage-first heap   total 157696K, used 123672K [0x0000000080000000, 0x0000000100000000)
  region size 1024K, 65 young (66560K), 5 survivors (5120K)
 Metaspace       used 81637K, capacity 83693K, committed 83840K, reserved 1122304K
  class space    used 10613K, capacity 11346K, committed 11392K, reserved 1048576K
}
Event: 13.203 GC heap after
{Heap after GC invocations=17 (full 0):
 garbage-first heap   total 157696K, used 65572K [0x0000000080000000, 0x0000000100000000)
  region size 1024K, 8 young (8192K), 8 survivors (8192K)
 Metaspace       used 81637K, capacity 83693K, committed 83840K, reserved 1122304K
  class space    used 10613K, capacity 11346K, committed 11392K, reserved 1048576K
}
Event: 13.924 GC heap before
{Heap before GC invocations=17 (full 0):
 garbage-first heap   total 157696K, used 124964K [0x0000000080000000, 0x0000000100000000)
  region size 1024K, 67 young (68608K), 8 survivors (8192K)
 Metaspace       used 82547K, capacity 84640K, committed 84736K, reserved 1122304K
  class space    used 10703K, capacity 11519K, committed 11520K, reserved 1048576K
}
Event: 13.937 GC heap after
{Heap after GC invocations=18 (full 0):
 garbage-first heap   total 157696K, used 70163K [0x0000000080000000, 0x0000000100000000)
  region size 1024K, 8 young (8192K), 8 survivors (8192K)
 Metaspace       used 82547K, capacity 84640K, committed 84736K, reserved 1122304K
  class space    used 10703K, capacity 11519K, committed 11520K, reserved 1048576K
}
Event: 14.536 GC heap before
{Heap before GC invocations=18 (full 0):
 garbage-first heap   total 157696K, used 126483K [0x0000000080000000, 0x0000000100000000)
  region size 1024K, 64 young (65536K), 8 survivors (8192K)
 Metaspace       used 85315K, capacity 87442K, committed 87680K, reserved 1124352K
  class space    used 11060K, capacity 11883K, committed 11904K, reserved 1048576K
}
Event: 14.547 GC heap after
{Heap after GC invocations=19 (full 0):
 garbage-first heap   total 157696K, used 72668K [0x0000000080000000, 0x0000000100000000)
  region size 1024K, 3 young (3072K), 3 survivors (3072K)
 Metaspace       used 85315K, capacity 87442K, committed 87680K, reserved 1124352K
  class space    used 11060K, capacity 11883K, committed 11904K, reserved 1048576K
}
Event: 15.348 GC heap before
{Heap before GC invocations=19 (full 0):
 garbage-first heap   total 157696K, used 128988K [0x0000000080000000, 0x0000000100000000)
  region size 1024K, 58 young (59392K), 3 survivors (3072K)
 Metaspace       used 89440K, capacity 91641K, committed 91776K, reserved 1128448K
  class space    used 11582K, capacity 12403K, committed 12416K, reserved 1048576K
}
Event: 15.369 GC heap after
{Heap after GC invocations=20 (full 0):
 garbage-first heap   total 189440K, used 76189K [0x0000000080000000, 0x0000000100000000)
  region size 1024K, 7 young (7168K), 7 survivors (7168K)
 Metaspace       used 89440K, capacity 91641K, committed 91776K, reserved 1128448K
  class space    used 11582K, capacity 12403K, committed 12416K, reserved 1048576K
}
Event: 47.941 GC heap before
{Heap before GC invocations=20 (full 0):
 garbage-first heap   total 189440K, used 144797K [0x0000000080000000, 0x0000000100000000)
  region size 1024K, 75 young (76800K), 7 survivors (7168K)
 Metaspace       used 94165K, capacity 96686K, committed 97024K, reserved 1132544K
  class space    used 12271K, capacity 13201K, committed 13312K, reserved 1048576K
}
Event: 47.951 GC heap after
{Heap after GC invocations=21 (full 0):
 garbage-first heap   total 189440K, used 79447K [0x0000000080000000, 0x0000000100000000)
  region size 1024K, 8 young (8192K), 8 survivors (8192K)
 Metaspace       used 94165K, capacity 96686K, committed 97024K, reserved 1132544K
  class space    used 12271K, capacity 13201K, committed 13312K, reserved 1048576K
}

