# JRE version: OpenJDK Runtime Environment (11.0.8+10) (build 11.0.8+10-b944.6842174)
# Java VM: OpenJDK 64-Bit Server VM (11.0.8+10-b944.6842174, mixed mode, tiered, compressed oops, g1 gc, windows-amd64)
Heap:
 garbage-first heap   total 131072K, used 45712K [0x0000000081c00000, 0x0000000100000000)
  region size 1024K, 20 young (20480K), 7 survivors (7168K)
 Metaspace       used 49117K, capacity 49729K, committed 49996K, reserved 1093632K
  class space    used 5701K, capacity 5897K, committed 5964K, reserved 1048576K
GC Heap History (12 events):
Event: 1.121 GC heap before
{Heap before GC invocations=0 (full 0):
 garbage-first heap   total 131072K, used 27648K [0x0000000081c00000, 0x0000000100000000)
  region size 1024K, 24 young (24576K), 0 survivors (0K)
 Metaspace       used 12315K, capacity 12405K, committed 12544K, reserved 1060864K
  class space    used 1155K, capacity 1174K, committed 1280K, reserved 1048576K
}
Event: 1.125 GC heap after
{Heap after GC invocations=1 (full 0):
 garbage-first heap   total 131072K, used 5638K [0x0000000081c00000, 0x0000000100000000)
  region size 1024K, 3 young (3072K), 3 survivors (3072K)
 Metaspace       used 12315K, capacity 12405K, committed 12544K, reserved 1060864K
  class space    used 1155K, capacity 1174K, committed 1280K, reserved 1048576K
}
Event: 1.917 GC heap before
{Heap before GC invocations=1 (full 0):
 garbage-first heap   total 131072K, used 42502K [0x0000000081c00000, 0x0000000100000000)
  region size 1024K, 40 young (40960K), 3 survivors (3072K)
 Metaspace       used 20977K, capacity 21201K, committed 21248K, reserved 1069056K
  class space    used 2215K, capacity 2297K, committed 2304K, reserved 1048576K
}
Event: 1.930 GC heap after
{Heap after GC invocations=2 (full 0):
 garbage-first heap   total 131072K, used 9545K [0x0000000081c00000, 0x0000000100000000)
  region size 1024K, 7 young (7168K), 7 survivors (7168K)
 Metaspace       used 20977K, capacity 21201K, committed 21248K, reserved 1069056K
  class space    used 2215K, capacity 2297K, committed 2304K, reserved 1048576K
}
Event: 2.895 GC heap before
{Heap before GC invocations=3 (full 0):
 garbage-first heap   total 131072K, used 68937K [0x0000000081c00000, 0x0000000100000000)
  region size 1024K, 57 young (58368K), 7 survivors (7168K)
 Metaspace       used 32262K, capacity 32734K, committed 33024K, reserved 1079296K
  class space    used 3839K, capacity 4003K, committed 4096K, reserved 1048576K
}
Event: 2.915 GC heap after
{Heap after GC invocations=4 (full 0):
 garbage-first heap   total 131072K, used 23235K [0x0000000081c00000, 0x0000000100000000)
  region size 1024K, 8 young (8192K), 8 survivors (8192K)
 Metaspace       used 32262K, capacity 32734K, committed 33024K, reserved 1079296K
  class space    used 3839K, capacity 4003K, committed 4096K, reserved 1048576K
}
Event: 3.183 GC heap before
{Heap before GC invocations=4 (full 0):
 garbage-first heap   total 131072K, used 37571K [0x0000000081c00000, 0x0000000100000000)
  region size 1024K, 23 young (23552K), 8 survivors (8192K)
 Metaspace       used 35270K, capacity 35768K, committed 35840K, reserved 1081344K
  class space    used 4154K, capacity 4332K, committed 4352K, reserved 1048576K
}
Event: 3.213 GC heap after
{Heap after GC invocations=5 (full 0):
 garbage-first heap   total 131072K, used 25478K [0x0000000081c00000, 0x0000000100000000)
  region size 1024K, 2 young (2048K), 2 survivors (2048K)
 Metaspace       used 35270K, capacity 35768K, committed 35840K, reserved 1081344K
  class space    used 4154K, capacity 4332K, committed 4352K, reserved 1048576K
}
Event: 4.662 GC heap before
{Heap before GC invocations=6 (full 0):
 garbage-first heap   total 131072K, used 71558K [0x0000000081c00000, 0x0000000100000000)
  region size 1024K, 47 young (48128K), 2 survivors (2048K)
 Metaspace       used 45142K, capacity 45728K, committed 45772K, reserved 1089536K
  class space    used 5359K, capacity 5555K, committed 5580K, reserved 1048576K
}
Event: 4.669 GC heap after
{Heap after GC invocations=7 (full 0):
 garbage-first heap   total 131072K, used 28751K [0x0000000081c00000, 0x0000000100000000)
  region size 1024K, 6 young (6144K), 6 survivors (6144K)
 Metaspace       used 45142K, capacity 45728K, committed 45772K, reserved 1089536K
  class space    used 5359K, capacity 5555K, committed 5580K, reserved 1048576K
}
Event: 5.221 GC heap before
{Heap before GC invocations=7 (full 0):
 garbage-first heap   total 131072K, used 77903K [0x0000000081c00000, 0x0000000100000000)
  region size 1024K, 53 young (54272K), 6 survivors (6144K)
 Metaspace       used 47663K, capacity 48233K, committed 48332K, reserved 1091584K
  class space    used 5583K, capacity 5790K, committed 5836K, reserved 1048576K
}
Event: 5.234 GC heap after
{Heap after GC invocations=8 (full 0):
 garbage-first heap   total 131072K, used 33424K [0x0000000081c00000, 0x0000000100000000)
  region size 1024K, 7 young (7168K), 7 survivors (7168K)
 Metaspace       used 47663K, capacity 48233K, committed 48332K, reserved 1091584K
  class space    used 5583K, capacity 5790K, committed 5836K, reserved 1048576K
}

