# JRE version: OpenJDK Runtime Environment (11.0.8+10) (build 11.0.8+10-b944.6842174)
# Java VM: OpenJDK 64-Bit Server VM (11.0.8+10-b944.6842174, mixed mode, tiered, compressed oops, g1 gc, windows-amd64)
Heap:
 garbage-first heap   total 157696K, used 94401K [0x0000000080000000, 0x0000000100000000)
  region size 1024K, 37 young (37888K), 7 survivors (7168K)
 Metaspace       used 81848K, capacity 83882K, committed 84096K, reserved 1122304K
  class space    used 10640K, capacity 11390K, committed 11392K, reserved 1048576K
GC Heap History (20 events):
Event: 6.142 GC heap before
{Heap before GC invocations=7 (full 0):
 garbage-first heap   total 131072K, used 87635K [0x0000000080000000, 0x0000000100000000)
  region size 1024K, 68 young (69632K), 7 survivors (7168K)
 Metaspace       used 39513K, capacity 40510K, committed 40832K, reserved 1085440K
  class space    used 5052K, capacity 5390K, committed 5504K, reserved 1048576K
}
Event: 6.153 GC heap after
{Heap after GC invocations=8 (full 0):
 garbage-first heap   total 131072K, used 26797K [0x0000000080000000, 0x0000000100000000)
  region size 1024K, 9 young (9216K), 9 survivors (9216K)
 Metaspace       used 39513K, capacity 40510K, committed 40832K, reserved 1085440K
  class space    used 5052K, capacity 5390K, committed 5504K, reserved 1048576K
}
Event: 6.892 GC heap before
{Heap before GC invocations=8 (full 0):
 garbage-first heap   total 131072K, used 90285K [0x0000000080000000, 0x0000000100000000)
  region size 1024K, 70 young (71680K), 9 survivors (9216K)
 Metaspace       used 44840K, capacity 45955K, committed 46208K, reserved 1089536K
  class space    used 5767K, capacity 6178K, committed 6272K, reserved 1048576K
}
Event: 6.903 GC heap after
{Heap after GC invocations=9 (full 0):
 garbage-first heap   total 131072K, used 29109K [0x0000000080000000, 0x0000000100000000)
  region size 1024K, 4 young (4096K), 4 survivors (4096K)
 Metaspace       used 44840K, capacity 45955K, committed 46208K, reserved 1089536K
  class space    used 5767K, capacity 6178K, committed 6272K, reserved 1048576K
}
Event: 8.340 GC heap before
{Heap before GC invocations=9 (full 0):
 garbage-first heap   total 131072K, used 98741K [0x0000000080000000, 0x0000000100000000)
  region size 1024K, 66 young (67584K), 4 survivors (4096K)
 Metaspace       used 48324K, capacity 49710K, committed 50048K, reserved 1093632K
  class space    used 6190K, capacity 6682K, committed 6784K, reserved 1048576K
}
Event: 8.347 GC heap after
{Heap after GC invocations=10 (full 0):
 garbage-first heap   total 131072K, used 45056K [0x0000000080000000, 0x0000000100000000)
  region size 1024K, 9 young (9216K), 9 survivors (9216K)
 Metaspace       used 48324K, capacity 49710K, committed 50048K, reserved 1093632K
  class space    used 6190K, capacity 6682K, committed 6784K, reserved 1048576K
}
Event: 9.214 GC heap before
{Heap before GC invocations=10 (full 0):
 garbage-first heap   total 131072K, used 98304K [0x0000000080000000, 0x0000000100000000)
  region size 1024K, 61 young (62464K), 9 survivors (9216K)
 Metaspace       used 56120K, capacity 57606K, committed 57856K, reserved 1099776K
  class space    used 7104K, capacity 7669K, committed 7680K, reserved 1048576K
}
Event: 9.222 GC heap after
{Heap after GC invocations=11 (full 0):
 garbage-first heap   total 131072K, used 47422K [0x0000000080000000, 0x0000000100000000)
  region size 1024K, 2 young (2048K), 2 survivors (2048K)
 Metaspace       used 56120K, capacity 57606K, committed 57856K, reserved 1099776K
  class space    used 7104K, capacity 7669K, committed 7680K, reserved 1048576K
}
Event: 9.497 GC heap before
{Heap before GC invocations=11 (full 0):
 garbage-first heap   total 131072K, used 61758K [0x0000000080000000, 0x0000000100000000)
  region size 1024K, 17 young (17408K), 2 survivors (2048K)
 Metaspace       used 58553K, capacity 60005K, committed 60160K, reserved 1101824K
  class space    used 7413K, capacity 7957K, committed 8064K, reserved 1048576K
}
Event: 9.503 GC heap after
{Heap after GC invocations=12 (full 0):
 garbage-first heap   total 131072K, used 48557K [0x0000000080000000, 0x0000000100000000)
  region size 1024K, 4 young (4096K), 4 survivors (4096K)
 Metaspace       used 58553K, capacity 60005K, committed 60160K, reserved 1101824K
  class space    used 7413K, capacity 7957K, committed 8064K, reserved 1048576K
}
Event: 10.073 GC heap before
{Heap before GC invocations=13 (full 0):
 garbage-first heap   total 131072K, used 89517K [0x0000000080000000, 0x0000000100000000)
  region size 1024K, 44 young (45056K), 4 survivors (4096K)
 Metaspace       used 62100K, capacity 63644K, committed 63744K, reserved 1103872K
  class space    used 7837K, capacity 8369K, committed 8448K, reserved 1048576K
}
Event: 10.084 GC heap after
{Heap after GC invocations=14 (full 0):
 garbage-first heap   total 131072K, used 52722K [0x0000000080000000, 0x0000000100000000)
  region size 1024K, 6 young (6144K), 6 survivors (6144K)
 Metaspace       used 62100K, capacity 63644K, committed 63744K, reserved 1103872K
  class space    used 7837K, capacity 8369K, committed 8448K, reserved 1048576K
}
Event: 10.656 GC heap before
{Heap before GC invocations=15 (full 0):
 garbage-first heap   total 131072K, used 92658K [0x0000000080000000, 0x0000000100000000)
  region size 1024K, 45 young (46080K), 6 survivors (6144K)
 Metaspace       used 64799K, capacity 66423K, committed 66688K, reserved 1107968K
  class space    used 8190K, capacity 8821K, committed 8832K, reserved 1048576K
}
Event: 10.667 GC heap after
{Heap after GC invocations=16 (full 0):
 garbage-first heap   total 131072K, used 55654K [0x0000000080000000, 0x0000000100000000)
  region size 1024K, 4 young (4096K), 4 survivors (4096K)
 Metaspace       used 64799K, capacity 66423K, committed 66688K, reserved 1107968K
  class space    used 8190K, capacity 8821K, committed 8832K, reserved 1048576K
}
Event: 11.132 GC heap before
{Heap before GC invocations=16 (full 0):
 garbage-first heap   total 131072K, used 95590K [0x0000000080000000, 0x0000000100000000)
  region size 1024K, 43 young (44032K), 4 survivors (4096K)
 Metaspace       used 67785K, capacity 69447K, committed 69760K, reserved 1110016K
  class space    used 8629K, capacity 9275K, committed 9344K, reserved 1048576K
}
Event: 11.140 GC heap after
{Heap after GC invocations=17 (full 0):
 garbage-first heap   total 157696K, used 58094K [0x0000000080000000, 0x0000000100000000)
  region size 1024K, 3 young (3072K), 3 survivors (3072K)
 Metaspace       used 67785K, capacity 69447K, committed 69760K, reserved 1110016K
  class space    used 8629K, capacity 9275K, committed 9344K, reserved 1048576K
}
Event: 12.088 GC heap before
{Heap before GC invocations=17 (full 0):
 garbage-first heap   total 157696K, used 111342K [0x0000000080000000, 0x0000000100000000)
  region size 1024K, 55 young (56320K), 3 survivors (3072K)
 Metaspace       used 74459K, capacity 76237K, committed 76416K, reserved 1116160K
  class space    used 9603K, capacity 10292K, committed 10368K, reserved 1048576K
}
Event: 12.094 GC heap after
{Heap after GC invocations=18 (full 0):
 garbage-first heap   total 157696K, used 60936K [0x0000000080000000, 0x0000000100000000)
  region size 1024K, 6 young (6144K), 6 survivors (6144K)
 Metaspace       used 74459K, capacity 76237K, committed 76416K, reserved 1116160K
  class space    used 9603K, capacity 10292K, committed 10368K, reserved 1048576K
}
Event: 12.875 GC heap before
{Heap before GC invocations=18 (full 0):
 garbage-first heap   total 157696K, used 115208K [0x0000000080000000, 0x0000000100000000)
  region size 1024K, 59 young (60416K), 6 survivors (6144K)
 Metaspace       used 78759K, capacity 80570K, committed 80896K, reserved 1120256K
  class space    used 10225K, capacity 10924K, committed 11008K, reserved 1048576K
}
Event: 12.884 GC heap after
{Heap after GC invocations=19 (full 0):
 garbage-first heap   total 157696K, used 64705K [0x0000000080000000, 0x0000000100000000)
  region size 1024K, 7 young (7168K), 7 survivors (7168K)
 Metaspace       used 78759K, capacity 80570K, committed 80896K, reserved 1120256K
  class space    used 10225K, capacity 10924K, committed 11008K, reserved 1048576K
}

