# JRE version: OpenJDK Runtime Environment (11.0.8+10) (build 11.0.8+10-b944.6842174)
# Java VM: OpenJDK 64-Bit Server VM (11.0.8+10-b944.6842174, mixed mode, tiered, compressed oops, g1 gc, windows-amd64)
Heap:
 garbage-first heap   total 189440K, used 149268K [0x0000000080000000, 0x0000000100000000)
  region size 1024K, 55 young (56320K), 9 survivors (9216K)
 Metaspace       used 91070K, capacity 93564K, committed 93772K, reserved 1130496K
  class space    used 11887K, capacity 12816K, committed 12876K, reserved 1048576K
GC Heap History (20 events):
Event: 10.308 GC heap before
{Heap before GC invocations=13 (full 0):
 garbage-first heap   total 131072K, used 90658K [0x0000000080000000, 0x0000000100000000)
  region size 1024K, 45 young (46080K), 4 survivors (4096K)
 Metaspace       used 62104K, capacity 63628K, committed 63820K, reserved 1103872K
  class space    used 7854K, capacity 8433K, committed 8524K, reserved 1048576K
}
Event: 10.320 GC heap after
{Heap after GC invocations=14 (full 0):
 garbage-first heap   total 131072K, used 51600K [0x0000000080000000, 0x0000000100000000)
  region size 1024K, 6 young (6144K), 6 survivors (6144K)
 Metaspace       used 62104K, capacity 63628K, committed 63820K, reserved 1103872K
  class space    used 7854K, capacity 8433K, committed 8524K, reserved 1048576K
}
Event: 10.793 GC heap before
{Heap before GC invocations=15 (full 0):
 garbage-first heap   total 131072K, used 94608K [0x0000000080000000, 0x0000000100000000)
  region size 1024K, 48 young (49152K), 6 survivors (6144K)
 Metaspace       used 64699K, capacity 66309K, committed 66508K, reserved 1107968K
  class space    used 8185K, capacity 8789K, committed 8908K, reserved 1048576K
}
Event: 10.802 GC heap after
{Heap after GC invocations=16 (full 0):
 garbage-first heap   total 157696K, used 55501K [0x0000000080000000, 0x0000000100000000)
  region size 1024K, 4 young (4096K), 4 survivors (4096K)
 Metaspace       used 64699K, capacity 66309K, committed 66508K, reserved 1107968K
  class space    used 8185K, capacity 8789K, committed 8908K, reserved 1048576K
}
Event: 11.514 GC heap before
{Heap before GC invocations=16 (full 0):
 garbage-first heap   total 157696K, used 107725K [0x0000000080000000, 0x0000000100000000)
  region size 1024K, 55 young (56320K), 4 survivors (4096K)
 Metaspace       used 69605K, capacity 71216K, committed 71372K, reserved 1112064K
  class space    used 8969K, capacity 9613K, committed 9676K, reserved 1048576K
}
Event: 11.521 GC heap after
{Heap after GC invocations=17 (full 0):
 garbage-first heap   total 157696K, used 58054K [0x0000000080000000, 0x0000000100000000)
  region size 1024K, 7 young (7168K), 7 survivors (7168K)
 Metaspace       used 69605K, capacity 71216K, committed 71372K, reserved 1112064K
  class space    used 8969K, capacity 9613K, committed 9676K, reserved 1048576K
}
Event: 12.358 GC heap before
{Heap before GC invocations=17 (full 0):
 garbage-first heap   total 157696K, used 111302K [0x0000000080000000, 0x0000000100000000)
  region size 1024K, 59 young (60416K), 7 survivors (7168K)
 Metaspace       used 76052K, capacity 77786K, committed 77900K, reserved 1116160K
  class space    used 9854K, capacity 10529K, committed 10572K, reserved 1048576K
}
Event: 12.366 GC heap after
{Heap after GC invocations=18 (full 0):
 garbage-first heap   total 157696K, used 61014K [0x0000000080000000, 0x0000000100000000)
  region size 1024K, 6 young (6144K), 6 survivors (6144K)
 Metaspace       used 76052K, capacity 77786K, committed 77900K, reserved 1116160K
  class space    used 9854K, capacity 10529K, committed 10572K, reserved 1048576K
}
Event: 13.195 GC heap before
{Heap before GC invocations=18 (full 0):
 garbage-first heap   total 157696K, used 114262K [0x0000000080000000, 0x0000000100000000)
  region size 1024K, 59 young (60416K), 6 survivors (6144K)
 Metaspace       used 80988K, capacity 82955K, committed 83020K, reserved 1120256K
  class space    used 10517K, capacity 11281K, committed 11340K, reserved 1048576K
}
Event: 13.205 GC heap after
{Heap after GC invocations=19 (full 0):
 garbage-first heap   total 157696K, used 65061K [0x0000000080000000, 0x0000000100000000)
  region size 1024K, 7 young (7168K), 7 survivors (7168K)
 Metaspace       used 80988K, capacity 82955K, committed 83020K, reserved 1120256K
  class space    used 10517K, capacity 11281K, committed 11340K, reserved 1048576K
}
Event: 13.903 GC heap before
{Heap before GC invocations=19 (full 0):
 garbage-first heap   total 157696K, used 118309K [0x0000000080000000, 0x0000000100000000)
  region size 1024K, 60 young (61440K), 7 survivors (7168K)
 Metaspace       used 82263K, capacity 84364K, committed 84556K, reserved 1122304K
  class space    used 10679K, capacity 11504K, committed 11596K, reserved 1048576K
}
Event: 13.914 GC heap after
{Heap after GC invocations=20 (full 0):
 garbage-first heap   total 157696K, used 69040K [0x0000000080000000, 0x0000000100000000)
  region size 1024K, 8 young (8192K), 8 survivors (8192K)
 Metaspace       used 82263K, capacity 84364K, committed 84556K, reserved 1122304K
  class space    used 10679K, capacity 11504K, committed 11596K, reserved 1048576K
}
Event: 14.462 GC heap before
{Heap before GC invocations=20 (full 0):
 garbage-first heap   total 157696K, used 121264K [0x0000000080000000, 0x0000000100000000)
  region size 1024K, 60 young (61440K), 8 survivors (8192K)
 Metaspace       used 85506K, capacity 87686K, committed 87756K, reserved 1124352K
  class space    used 11121K, capacity 11945K, committed 11980K, reserved 1048576K
}
Event: 14.470 GC heap after
{Heap after GC invocations=21 (full 0):
 garbage-first heap   total 157696K, used 70479K [0x0000000080000000, 0x0000000100000000)
  region size 1024K, 6 young (6144K), 6 survivors (6144K)
 Metaspace       used 85506K, capacity 87686K, committed 87756K, reserved 1124352K
  class space    used 11121K, capacity 11945K, committed 11980K, reserved 1048576K
}
Event: 15.004 GC heap before
{Heap before GC invocations=21 (full 0):
 garbage-first heap   total 157696K, used 122703K [0x0000000080000000, 0x0000000100000000)
  region size 1024K, 53 young (54272K), 6 survivors (6144K)
 Metaspace       used 86958K, capacity 89165K, committed 89548K, reserved 1126400K
  class space    used 11266K, capacity 12103K, committed 12236K, reserved 1048576K
}
Event: 15.016 GC heap after
{Heap after GC invocations=22 (full 0):
 garbage-first heap   total 189440K, used 80491K [0x0000000080000000, 0x0000000100000000)
  region size 1024K, 6 young (6144K), 6 survivors (6144K)
 Metaspace       used 86958K, capacity 89165K, committed 89548K, reserved 1126400K
  class space    used 11266K, capacity 12103K, committed 12236K, reserved 1048576K
}
Event: 15.301 GC heap before
{Heap before GC invocations=23 (full 0):
 garbage-first heap   total 189440K, used 149099K [0x0000000080000000, 0x0000000100000000)
  region size 1024K, 71 young (72704K), 6 survivors (6144K)
 Metaspace       used 87849K, capacity 90037K, committed 90060K, reserved 1126400K
  class space    used 11400K, capacity 12221K, committed 12236K, reserved 1048576K
}
Event: 15.315 GC heap after
{Heap after GC invocations=24 (full 0):
 garbage-first heap   total 189440K, used 87833K [0x0000000080000000, 0x0000000100000000)
  region size 1024K, 9 young (9216K), 9 survivors (9216K)
 Metaspace       used 87849K, capacity 90037K, committed 90060K, reserved 1126400K
  class space    used 11400K, capacity 12221K, committed 12236K, reserved 1048576K
}
Event: 15.469 GC heap before
{Heap before GC invocations=24 (full 0):
 garbage-first heap   total 189440K, used 148249K [0x0000000080000000, 0x0000000100000000)
  region size 1024K, 67 young (68608K), 9 survivors (9216K)
 Metaspace       used 89176K, capacity 91517K, committed 91724K, reserved 1128448K
  class space    used 11614K, capacity 12510K, committed 12620K, reserved 1048576K
}
Event: 15.477 GC heap after
{Heap after GC invocations=25 (full 0):
 garbage-first heap   total 189440K, used 102164K [0x0000000080000000, 0x0000000100000000)
  region size 1024K, 9 young (9216K), 9 survivors (9216K)
 Metaspace       used 89176K, capacity 91517K, committed 91724K, reserved 1128448K
  class space    used 11614K, capacity 12510K, committed 12620K, reserved 1048576K
}

