# JRE version: OpenJDK Runtime Environment (11.0.8+10) (build 11.0.8+10-b944.6842174)
# Java VM: OpenJDK 64-Bit Server VM (11.0.8+10-b944.6842174, mixed mode, tiered, compressed oops, g1 gc, windows-amd64)
Heap:
 garbage-first heap   total 189440K, used 132693K [0x0000000080000000, 0x0000000100000000)
  region size 1024K, 22 young (22528K), 1 survivors (1024K)
 Metaspace       used 122489K, capacity 125453K, committed 125772K, reserved 1163264K
  class space    used 15326K, capacity 16436K, committed 16512K, reserved 1048576K
GC Heap History (20 events):
Event: 2642.872 GC heap before
{Heap before GC invocations=42 (full 0):
 garbage-first heap   total 189440K, used 154240K [0x0000000080000000, 0x0000000100000000)
  region size 1024K, 48 young (49152K), 2 survivors (2048K)
 Metaspace       used 112757K, capacity 115476K, committed 116172K, reserved 1150976K
  class space    used 14169K, capacity 15141K, committed 15360K, reserved 1048576K
}
Event: 2642.885 GC heap after
{Heap after GC invocations=43 (full 0):
 garbage-first heap   total 189440K, used 111290K [0x0000000080000000, 0x0000000100000000)
  region size 1024K, 5 young (5120K), 5 survivors (5120K)
 Metaspace       used 112757K, capacity 115476K, committed 116172K, reserved 1150976K
  class space    used 14169K, capacity 15141K, committed 15360K, reserved 1048576K
}
Event: 2643.662 GC heap before
{Heap before GC invocations=44 (full 0):
 garbage-first heap   total 189440K, used 172730K [0x0000000080000000, 0x0000000100000000)
  region size 1024K, 49 young (50176K), 5 survivors (5120K)
 Metaspace       used 114126K, capacity 116668K, committed 117580K, reserved 1150976K
  class space    used 14312K, capacity 15254K, committed 15488K, reserved 1048576K
}
Event: 2643.671 GC heap after
{Heap after GC invocations=45 (full 0):
 garbage-first heap   total 189440K, used 112176K [0x0000000080000000, 0x0000000100000000)
  region size 1024K, 1 young (1024K), 1 survivors (1024K)
 Metaspace       used 114126K, capacity 116668K, committed 117580K, reserved 1150976K
  class space    used 14312K, capacity 15254K, committed 15488K, reserved 1048576K
}
Event: 2643.778 GC heap before
{Heap before GC invocations=45 (full 0):
 garbage-first heap   total 189440K, used 119344K [0x0000000080000000, 0x0000000100000000)
  region size 1024K, 9 young (9216K), 1 survivors (1024K)
 Metaspace       used 115466K, capacity 117934K, committed 118860K, reserved 1153024K
  class space    used 14450K, capacity 15418K, committed 15744K, reserved 1048576K
}
Event: 2643.797 GC heap after
{Heap after GC invocations=46 (full 0):
 garbage-first heap   total 189440K, used 102175K [0x0000000080000000, 0x0000000100000000)
  region size 1024K, 1 young (1024K), 1 survivors (1024K)
 Metaspace       used 115466K, capacity 117934K, committed 118860K, reserved 1153024K
  class space    used 14450K, capacity 15418K, committed 15744K, reserved 1048576K
}
Event: 2643.919 GC heap before
{Heap before GC invocations=46 (full 0):
 garbage-first heap   total 189440K, used 109343K [0x0000000080000000, 0x0000000100000000)
  region size 1024K, 9 young (9216K), 1 survivors (1024K)
 Metaspace       used 115835K, capacity 118408K, committed 119116K, reserved 1153024K
  class space    used 14503K, capacity 15504K, committed 15744K, reserved 1048576K
}
Event: 2643.926 GC heap after
{Heap after GC invocations=47 (full 0):
 garbage-first heap   total 189440K, used 102952K [0x0000000080000000, 0x0000000100000000)
  region size 1024K, 2 young (2048K), 2 survivors (2048K)
 Metaspace       used 115835K, capacity 118408K, committed 119116K, reserved 1153024K
  class space    used 14503K, capacity 15504K, committed 15744K, reserved 1048576K
}
Event: 2644.865 GC heap before
{Heap before GC invocations=47 (full 0):
 garbage-first heap   total 189440K, used 153128K [0x0000000080000000, 0x0000000100000000)
  region size 1024K, 52 young (53248K), 2 survivors (2048K)
 Metaspace       used 116853K, capacity 119491K, committed 120268K, reserved 1153024K
  class space    used 14600K, capacity 15591K, committed 15872K, reserved 1048576K
}
Event: 2644.889 GC heap after
{Heap after GC invocations=48 (full 0):
 garbage-first heap   total 189440K, used 106344K [0x0000000080000000, 0x0000000100000000)
  region size 1024K, 5 young (5120K), 5 survivors (5120K)
 Metaspace       used 116853K, capacity 119491K, committed 120268K, reserved 1153024K
  class space    used 14600K, capacity 15591K, committed 15872K, reserved 1048576K
}
Event: 2651.896 GC heap before
{Heap before GC invocations=49 (full 0):
 garbage-first heap   total 189440K, used 155496K [0x0000000080000000, 0x0000000100000000)
  region size 1024K, 54 young (55296K), 5 survivors (5120K)
 Metaspace       used 117948K, capacity 120623K, committed 121036K, reserved 1155072K
  class space    used 14718K, capacity 15721K, committed 15872K, reserved 1048576K
}
Event: 2651.905 GC heap after
{Heap after GC invocations=50 (full 0):
 garbage-first heap   total 189440K, used 109956K [0x0000000080000000, 0x0000000100000000)
  region size 1024K, 7 young (7168K), 7 survivors (7168K)
 Metaspace       used 117948K, capacity 120623K, committed 121036K, reserved 1155072K
  class space    used 14718K, capacity 15721K, committed 15872K, reserved 1048576K
}
Event: 2651.919 GC heap before
{Heap before GC invocations=50 (full 0):
 garbage-first heap   total 189440K, used 112004K [0x0000000080000000, 0x0000000100000000)
  region size 1024K, 9 young (9216K), 7 survivors (7168K)
 Metaspace       used 118008K, capacity 120687K, committed 121036K, reserved 1155072K
  class space    used 14725K, capacity 15721K, committed 15872K, reserved 1048576K
}
Event: 2651.928 GC heap after
{Heap after GC invocations=51 (full 0):
 garbage-first heap   total 189440K, used 110374K [0x0000000080000000, 0x0000000100000000)
  region size 1024K, 2 young (2048K), 2 survivors (2048K)
 Metaspace       used 118008K, capacity 120687K, committed 121036K, reserved 1155072K
  class space    used 14725K, capacity 15721K, committed 15872K, reserved 1048576K
}
Event: 2652.365 GC heap before
{Heap before GC invocations=51 (full 0):
 garbage-first heap   total 189440K, used 156454K [0x0000000080000000, 0x0000000100000000)
  region size 1024K, 48 young (49152K), 2 survivors (2048K)
 Metaspace       used 118916K, capacity 121519K, committed 121932K, reserved 1155072K
  class space    used 14796K, capacity 15785K, committed 16000K, reserved 1048576K
}
Event: 2652.378 GC heap after
{Heap after GC invocations=52 (full 0):
 garbage-first heap   total 189440K, used 112142K [0x0000000080000000, 0x0000000100000000)
  region size 1024K, 4 young (4096K), 4 survivors (4096K)
 Metaspace       used 118916K, capacity 121519K, committed 121932K, reserved 1155072K
  class space    used 14796K, capacity 15785K, committed 16000K, reserved 1048576K
}
Event: 2670.564 GC heap before
{Heap before GC invocations=53 (full 0):
 garbage-first heap   total 189440K, used 158222K [0x0000000080000000, 0x0000000100000000)
  region size 1024K, 49 young (50176K), 4 survivors (4096K)
 Metaspace       used 121564K, capacity 124487K, committed 124620K, reserved 1157120K
  class space    used 15206K, capacity 16303K, committed 16384K, reserved 1048576K
}
Event: 2670.570 GC heap after
{Heap after GC invocations=54 (full 0):
 garbage-first heap   total 189440K, used 114329K [0x0000000080000000, 0x0000000100000000)
  region size 1024K, 6 young (6144K), 6 survivors (6144K)
 Metaspace       used 121564K, capacity 124487K, committed 124620K, reserved 1157120K
  class space    used 15206K, capacity 16303K, committed 16384K, reserved 1048576K
}
Event: 2670.604 GC heap before
{Heap before GC invocations=54 (full 0):
 garbage-first heap   total 189440K, used 117401K [0x0000000080000000, 0x0000000100000000)
  region size 1024K, 9 young (9216K), 6 survivors (6144K)
 Metaspace       used 121616K, capacity 124553K, committed 124876K, reserved 1157120K
  class space    used 15214K, capacity 16304K, committed 16384K, reserved 1048576K
}
Event: 2670.613 GC heap after
{Heap after GC invocations=55 (full 0):
 garbage-first heap   total 189440K, used 113237K [0x0000000080000000, 0x0000000100000000)
  region size 1024K, 1 young (1024K), 1 survivors (1024K)
 Metaspace       used 121616K, capacity 124553K, committed 124876K, reserved 1157120K
  class space    used 15214K, capacity 16304K, committed 16384K, reserved 1048576K
}

