# JRE version: OpenJDK Runtime Environment (11.0.8+10) (build 11.0.8+10-b944.6842174)
# Java VM: OpenJDK 64-Bit Server VM (11.0.8+10-b944.6842174, mixed mode, tiered, compressed oops, g1 gc, windows-amd64)
Heap:
 garbage-first heap   total 171008K, used 50176K [0x0000000081c00000, 0x0000000100000000)
  region size 1024K, 26 young (26624K), 6 survivors (6144K)
 Metaspace       used 46611K, capacity 47164K, committed 47436K, reserved 1091584K
  class space    used 5501K, capacity 5692K, committed 5708K, reserved 1048576K
GC Heap History (10 events):
Event: 0.803 GC heap before
{Heap before GC invocations=0 (full 0):
 garbage-first heap   total 131072K, used 27648K [0x0000000081c00000, 0x0000000100000000)
  region size 1024K, 24 young (24576K), 0 survivors (0K)
 Metaspace       used 12315K, capacity 12405K, committed 12544K, reserved 1060864K
  class space    used 1155K, capacity 1174K, committed 1280K, reserved 1048576K
}
Event: 0.810 GC heap after
{Heap after GC invocations=1 (full 0):
 garbage-first heap   total 131072K, used 5651K [0x0000000081c00000, 0x0000000100000000)
  region size 1024K, 3 young (3072K), 3 survivors (3072K)
 Metaspace       used 12315K, capacity 12405K, committed 12544K, reserved 1060864K
  class space    used 1155K, capacity 1174K, committed 1280K, reserved 1048576K
}
Event: 1.534 GC heap before
{Heap before GC invocations=1 (full 0):
 garbage-first heap   total 131072K, used 41491K [0x0000000081c00000, 0x0000000100000000)
  region size 1024K, 39 young (39936K), 3 survivors (3072K)
 Metaspace       used 20972K, capacity 21201K, committed 21248K, reserved 1069056K
  class space    used 2212K, capacity 2297K, committed 2304K, reserved 1048576K
}
Event: 1.546 GC heap after
{Heap after GC invocations=2 (full 0):
 garbage-first heap   total 131072K, used 9431K [0x0000000081c00000, 0x0000000100000000)
  region size 1024K, 7 young (7168K), 7 survivors (7168K)
 Metaspace       used 20972K, capacity 21201K, committed 21248K, reserved 1069056K
  class space    used 2212K, capacity 2297K, committed 2304K, reserved 1048576K
}
Event: 2.605 GC heap before
{Heap before GC invocations=3 (full 0):
 garbage-first heap   total 131072K, used 65751K [0x0000000081c00000, 0x0000000100000000)
  region size 1024K, 54 young (55296K), 7 survivors (7168K)
 Metaspace       used 31467K, capacity 31934K, committed 32128K, reserved 1077248K
  class space    used 3735K, capacity 3907K, committed 3968K, reserved 1048576K
}
Event: 2.625 GC heap after
{Heap after GC invocations=4 (full 0):
 garbage-first heap   total 131072K, used 23768K [0x0000000081c00000, 0x0000000100000000)
  region size 1024K, 6 young (6144K), 6 survivors (6144K)
 Metaspace       used 31467K, capacity 31934K, committed 32128K, reserved 1077248K
  class space    used 3735K, capacity 3907K, committed 3968K, reserved 1048576K
}
Event: 3.078 GC heap before
{Heap before GC invocations=4 (full 0):
 garbage-first heap   total 131072K, used 41176K [0x0000000081c00000, 0x0000000100000000)
  region size 1024K, 24 young (24576K), 6 survivors (6144K)
 Metaspace       used 35275K, capacity 35769K, committed 35840K, reserved 1081344K
  class space    used 4153K, capacity 4332K, committed 4352K, reserved 1048576K
}
Event: 3.118 GC heap after
{Heap after GC invocations=5 (full 0):
 garbage-first heap   total 131072K, used 26309K [0x0000000081c00000, 0x0000000100000000)
  region size 1024K, 3 young (3072K), 3 survivors (3072K)
 Metaspace       used 35275K, capacity 35769K, committed 35840K, reserved 1081344K
  class space    used 4153K, capacity 4332K, committed 4352K, reserved 1048576K
}
Event: 4.447 GC heap before
{Heap before GC invocations=6 (full 0):
 garbage-first heap   total 131072K, used 76485K [0x0000000081c00000, 0x0000000100000000)
  region size 1024K, 52 young (53248K), 3 survivors (3072K)
 Metaspace       used 46290K, capacity 46840K, committed 46924K, reserved 1091584K
  class space    used 5496K, capacity 5692K, committed 5708K, reserved 1048576K
}
Event: 4.458 GC heap after
{Heap after GC invocations=7 (full 0):
 garbage-first heap   total 171008K, used 29696K [0x0000000081c00000, 0x0000000100000000)
  region size 1024K, 6 young (6144K), 6 survivors (6144K)
 Metaspace       used 46290K, capacity 46840K, committed 46924K, reserved 1091584K
  class space    used 5496K, capacity 5692K, committed 5708K, reserved 1048576K
}

