# JRE version: OpenJDK Runtime Environment (11.0.8+10) (build 11.0.8+10-b944.6842174)
# Java VM: OpenJDK 64-Bit Server VM (11.0.8+10-b944.6842174, mixed mode, tiered, compressed oops, g1 gc, windows-amd64)
Heap:
 garbage-first heap   total 189440K, used 128617K [0x0000000080000000, 0x0000000100000000)
  region size 1024K, 63 young (64512K), 7 survivors (7168K)
 Metaspace       used 87591K, capacity 89846K, committed 90060K, reserved 1126400K
  class space    used 11321K, capacity 12154K, committed 12236K, reserved 1048576K
GC Heap History (20 events):
Event: 8.465 GC heap before
{Heap before GC invocations=9 (full 0):
 garbage-first heap   total 131072K, used 99326K [0x0000000080000000, 0x0000000100000000)
  region size 1024K, 66 young (67584K), 4 survivors (4096K)
 Metaspace       used 48657K, capacity 50018K, committed 50380K, reserved 1093632K
  class space    used 6228K, capacity 6722K, committed 6860K, reserved 1048576K
}
Event: 8.475 GC heap after
{Heap after GC invocations=10 (full 0):
 garbage-first heap   total 131072K, used 46080K [0x0000000080000000, 0x0000000100000000)
  region size 1024K, 9 young (9216K), 9 survivors (9216K)
 Metaspace       used 48657K, capacity 50018K, committed 50380K, reserved 1093632K
  class space    used 6228K, capacity 6722K, committed 6860K, reserved 1048576K
}
Event: 9.256 GC heap before
{Heap before GC invocations=10 (full 0):
 garbage-first heap   total 131072K, used 98304K [0x0000000080000000, 0x0000000100000000)
  region size 1024K, 60 young (61440K), 9 survivors (9216K)
 Metaspace       used 56201K, capacity 57701K, committed 57932K, reserved 1099776K
  class space    used 7130K, capacity 7682K, committed 7756K, reserved 1048576K
}
Event: 9.265 GC heap after
{Heap after GC invocations=11 (full 0):
 garbage-first heap   total 157696K, used 47743K [0x0000000080000000, 0x0000000100000000)
  region size 1024K, 2 young (2048K), 2 survivors (2048K)
 Metaspace       used 56201K, capacity 57701K, committed 57932K, reserved 1099776K
  class space    used 7130K, capacity 7682K, committed 7756K, reserved 1048576K
}
Event: 9.505 GC heap before
{Heap before GC invocations=11 (full 0):
 garbage-first heap   total 157696K, used 60031K [0x0000000080000000, 0x0000000100000000)
  region size 1024K, 15 young (15360K), 2 survivors (2048K)
 Metaspace       used 58752K, capacity 60185K, committed 60236K, reserved 1101824K
  class space    used 7455K, capacity 7997K, committed 8012K, reserved 1048576K
}
Event: 9.512 GC heap after
{Heap after GC invocations=12 (full 0):
 garbage-first heap   total 157696K, used 48767K [0x0000000080000000, 0x0000000100000000)
  region size 1024K, 3 young (3072K), 3 survivors (3072K)
 Metaspace       used 58752K, capacity 60185K, committed 60236K, reserved 1101824K
  class space    used 7455K, capacity 7997K, committed 8012K, reserved 1048576K
}
Event: 10.273 GC heap before
{Heap before GC invocations=13 (full 0):
 garbage-first heap   total 157696K, used 103039K [0x0000000080000000, 0x0000000100000000)
  region size 1024K, 56 young (57344K), 3 survivors (3072K)
 Metaspace       used 63594K, capacity 65160K, committed 65228K, reserved 1105920K
  class space    used 8051K, capacity 8619K, committed 8652K, reserved 1048576K
}
Event: 10.282 GC heap after
{Heap after GC invocations=14 (full 0):
 garbage-first heap   total 157696K, used 52524K [0x0000000080000000, 0x0000000100000000)
  region size 1024K, 7 young (7168K), 7 survivors (7168K)
 Metaspace       used 63594K, capacity 65160K, committed 65228K, reserved 1105920K
  class space    used 8051K, capacity 8619K, committed 8652K, reserved 1048576K
}
Event: 10.986 GC heap before
{Heap before GC invocations=15 (full 0):
 garbage-first heap   total 157696K, used 107820K [0x0000000080000000, 0x0000000100000000)
  region size 1024K, 61 young (62464K), 7 survivors (7168K)
 Metaspace       used 66313K, capacity 67967K, committed 68172K, reserved 1107968K
  class space    used 8377K, capacity 9016K, committed 9036K, reserved 1048576K
}
Event: 10.996 GC heap after
{Heap after GC invocations=16 (full 0):
 garbage-first heap   total 157696K, used 56535K [0x0000000080000000, 0x0000000100000000)
  region size 1024K, 8 young (8192K), 8 survivors (8192K)
 Metaspace       used 66313K, capacity 67967K, committed 68172K, reserved 1107968K
  class space    used 8377K, capacity 9016K, committed 9036K, reserved 1048576K
}
Event: 11.888 GC heap before
{Heap before GC invocations=16 (full 0):
 garbage-first heap   total 157696K, used 111831K [0x0000000080000000, 0x0000000100000000)
  region size 1024K, 62 young (63488K), 8 survivors (8192K)
 Metaspace       used 73180K, capacity 74972K, committed 75212K, reserved 1114112K
  class space    used 9434K, capacity 10124K, committed 10188K, reserved 1048576K
}
Event: 11.899 GC heap after
{Heap after GC invocations=17 (full 0):
 garbage-first heap   total 157696K, used 60794K [0x0000000080000000, 0x0000000100000000)
  region size 1024K, 5 young (5120K), 5 survivors (5120K)
 Metaspace       used 73180K, capacity 74972K, committed 75212K, reserved 1114112K
  class space    used 9434K, capacity 10124K, committed 10188K, reserved 1048576K
}
Event: 12.650 GC heap before
{Heap before GC invocations=17 (full 0):
 garbage-first heap   total 157696K, used 115066K [0x0000000080000000, 0x0000000100000000)
  region size 1024K, 58 young (59392K), 5 survivors (5120K)
 Metaspace       used 78171K, capacity 79931K, committed 80076K, reserved 1118208K
  class space    used 10155K, capacity 10822K, committed 10956K, reserved 1048576K
}
Event: 12.658 GC heap after
{Heap after GC invocations=18 (full 0):
 garbage-first heap   total 157696K, used 63105K [0x0000000080000000, 0x0000000100000000)
  region size 1024K, 7 young (7168K), 7 survivors (7168K)
 Metaspace       used 78171K, capacity 79931K, committed 80076K, reserved 1118208K
  class space    used 10155K, capacity 10822K, committed 10956K, reserved 1048576K
}
Event: 13.451 GC heap before
{Heap before GC invocations=18 (full 0):
 garbage-first heap   total 157696K, used 117377K [0x0000000080000000, 0x0000000100000000)
  region size 1024K, 61 young (62464K), 7 survivors (7168K)
 Metaspace       used 82165K, capacity 84326K, committed 84556K, reserved 1122304K
  class space    used 10709K, capacity 11522K, committed 11596K, reserved 1048576K
}
Event: 13.460 GC heap after
{Heap after GC invocations=19 (full 0):
 garbage-first heap   total 157696K, used 66936K [0x0000000080000000, 0x0000000100000000)
  region size 1024K, 7 young (7168K), 7 survivors (7168K)
 Metaspace       used 82165K, capacity 84326K, committed 84556K, reserved 1122304K
  class space    used 10709K, capacity 11522K, committed 11596K, reserved 1048576K
}
Event: 14.041 GC heap before
{Heap before GC invocations=19 (full 0):
 garbage-first heap   total 157696K, used 121208K [0x0000000080000000, 0x0000000100000000)
  region size 1024K, 61 young (62464K), 7 survivors (7168K)
 Metaspace       used 82766K, capacity 84937K, committed 85068K, reserved 1122304K
  class space    used 10741K, capacity 11577K, committed 11596K, reserved 1048576K
}
Event: 14.054 GC heap after
{Heap after GC invocations=20 (full 0):
 garbage-first heap   total 157696K, used 70725K [0x0000000080000000, 0x0000000100000000)
  region size 1024K, 8 young (8192K), 8 survivors (8192K)
 Metaspace       used 82766K, capacity 84937K, committed 85068K, reserved 1122304K
  class space    used 10741K, capacity 11577K, committed 11596K, reserved 1048576K
}
Event: 14.540 GC heap before
{Heap before GC invocations=20 (full 0):
 garbage-first heap   total 157696K, used 123973K [0x0000000080000000, 0x0000000100000000)
  region size 1024K, 61 young (62464K), 8 survivors (8192K)
 Metaspace       used 84862K, capacity 87104K, committed 87244K, reserved 1124352K
  class space    used 11003K, capacity 11844K, committed 11980K, reserved 1048576K
}
Event: 14.555 GC heap after
{Heap after GC invocations=21 (full 0):
 garbage-first heap   total 189440K, used 73321K [0x0000000080000000, 0x0000000100000000)
  region size 1024K, 7 young (7168K), 7 survivors (7168K)
 Metaspace       used 84862K, capacity 87104K, committed 87244K, reserved 1124352K
  class space    used 11003K, capacity 11844K, committed 11980K, reserved 1048576K
}

