# JRE version: OpenJDK Runtime Environment (11.0.8+10) (build 11.0.8+10-b944.6842174)
# Java VM: OpenJDK 64-Bit Server VM (11.0.8+10-b944.6842174, mixed mode, tiered, compressed oops, g1 gc, windows-amd64)
Heap:
 garbage-first heap   total 157696K, used 120176K [0x0000000080000000, 0x0000000100000000)
  region size 1024K, 40 young (40960K), 3 survivors (3072K)
 Metaspace       used 102098K, capacity 105138K, committed 105344K, reserved 1140736K
  class space    used 13516K, capacity 14685K, committed 14720K, reserved 1048576K
GC Heap History (20 events):
Event: 12.404 GC heap before
{Heap before GC invocations=15 (full 0):
 garbage-first heap   total 131072K, used 103271K [0x0000000080000000, 0x0000000100000000)
  region size 1024K, 56 young (57344K), 7 survivors (7168K)
 Metaspace       used 65434K, capacity 67069K, committed 67328K, reserved 1107968K
  class space    used 8250K, capacity 8887K, committed 8960K, reserved 1048576K
}
Event: 12.415 GC heap after
{Heap after GC invocations=16 (full 0):
 garbage-first heap   total 131072K, used 57353K [0x0000000080000000, 0x0000000100000000)
  region size 1024K, 5 young (5120K), 5 survivors (5120K)
 Metaspace       used 65434K, capacity 67069K, committed 67328K, reserved 1107968K
  class space    used 8250K, capacity 8887K, committed 8960K, reserved 1048576K
}
Event: 13.210 GC heap before
{Heap before GC invocations=16 (full 0):
 garbage-first heap   total 131072K, used 104457K [0x0000000080000000, 0x0000000100000000)
  region size 1024K, 51 young (52224K), 5 survivors (5120K)
 Metaspace       used 71927K, capacity 73586K, committed 73728K, reserved 1114112K
  class space    used 9235K, capacity 9860K, committed 9984K, reserved 1048576K
}
Event: 13.217 GC heap after
{Heap after GC invocations=17 (full 0):
 garbage-first heap   total 131072K, used 60214K [0x0000000080000000, 0x0000000100000000)
  region size 1024K, 3 young (3072K), 3 survivors (3072K)
 Metaspace       used 71927K, capacity 73586K, committed 73728K, reserved 1114112K
  class space    used 9235K, capacity 9860K, committed 9984K, reserved 1048576K
}
Event: 13.838 GC heap before
{Heap before GC invocations=17 (full 0):
 garbage-first heap   total 131072K, used 106294K [0x0000000080000000, 0x0000000100000000)
  region size 1024K, 48 young (49152K), 3 survivors (3072K)
 Metaspace       used 76040K, capacity 77828K, committed 77952K, reserved 1116160K
  class space    used 9877K, capacity 10535K, committed 10624K, reserved 1048576K
}
Event: 13.845 GC heap after
{Heap after GC invocations=18 (full 0):
 garbage-first heap   total 131072K, used 62340K [0x0000000080000000, 0x0000000100000000)
  region size 1024K, 6 young (6144K), 6 survivors (6144K)
 Metaspace       used 76040K, capacity 77828K, committed 77952K, reserved 1116160K
  class space    used 9877K, capacity 10535K, committed 10624K, reserved 1048576K
}
Event: 14.518 GC heap before
{Heap before GC invocations=18 (full 0):
 garbage-first heap   total 131072K, used 106372K [0x0000000080000000, 0x0000000100000000)
  region size 1024K, 50 young (51200K), 6 survivors (6144K)
 Metaspace       used 80423K, capacity 82257K, committed 82304K, reserved 1120256K
  class space    used 10417K, capacity 11136K, committed 11136K, reserved 1048576K
}
Event: 14.528 GC heap after
{Heap after GC invocations=19 (full 0):
 garbage-first heap   total 131072K, used 65403K [0x0000000080000000, 0x0000000100000000)
  region size 1024K, 6 young (6144K), 6 survivors (6144K)
 Metaspace       used 80423K, capacity 82257K, committed 82304K, reserved 1120256K
  class space    used 10417K, capacity 11136K, committed 11136K, reserved 1048576K
}
Event: 15.154 GC heap before
{Heap before GC invocations=19 (full 0):
 garbage-first heap   total 131072K, used 106363K [0x0000000080000000, 0x0000000100000000)
  region size 1024K, 47 young (48128K), 6 survivors (6144K)
 Metaspace       used 82221K, capacity 84366K, committed 84608K, reserved 1122304K
  class space    used 10698K, capacity 11528K, committed 11648K, reserved 1048576K
}
Event: 15.169 GC heap after
{Heap after GC invocations=20 (full 0):
 garbage-first heap   total 131072K, used 68462K [0x0000000080000000, 0x0000000100000000)
  region size 1024K, 6 young (6144K), 6 survivors (6144K)
 Metaspace       used 82221K, capacity 84366K, committed 84608K, reserved 1122304K
  class space    used 10698K, capacity 11528K, committed 11648K, reserved 1048576K
}
Event: 15.699 GC heap before
{Heap before GC invocations=21 (full 0):
 garbage-first heap   total 131072K, used 108398K [0x0000000080000000, 0x0000000100000000)
  region size 1024K, 46 young (47104K), 6 survivors (6144K)
 Metaspace       used 82648K, capacity 84797K, committed 85120K, reserved 1122304K
  class space    used 10718K, capacity 11547K, committed 11648K, reserved 1048576K
}
Event: 15.710 GC heap after
{Heap after GC invocations=22 (full 0):
 garbage-first heap   total 157696K, used 71393K [0x0000000080000000, 0x0000000100000000)
  region size 1024K, 6 young (6144K), 6 survivors (6144K)
 Metaspace       used 82648K, capacity 84797K, committed 85120K, reserved 1122304K
  class space    used 10718K, capacity 11547K, committed 11648K, reserved 1048576K
}
Event: 16.250 GC heap before
{Heap before GC invocations=22 (full 0):
 garbage-first heap   total 157696K, used 121569K [0x0000000080000000, 0x0000000100000000)
  region size 1024K, 56 young (57344K), 6 survivors (6144K)
 Metaspace       used 85310K, capacity 87478K, committed 87808K, reserved 1124352K
  class space    used 11057K, capacity 11911K, committed 12032K, reserved 1048576K
}
Event: 16.257 GC heap after
{Heap after GC invocations=23 (full 0):
 garbage-first heap   total 157696K, used 73158K [0x0000000080000000, 0x0000000100000000)
  region size 1024K, 5 young (5120K), 5 survivors (5120K)
 Metaspace       used 85310K, capacity 87478K, committed 87808K, reserved 1124352K
  class space    used 11057K, capacity 11911K, committed 12032K, reserved 1048576K
}
Event: 16.928 GC heap before
{Heap before GC invocations=23 (full 0):
 garbage-first heap   total 157696K, used 124358K [0x0000000080000000, 0x0000000100000000)
  region size 1024K, 55 young (56320K), 5 survivors (5120K)
 Metaspace       used 88964K, capacity 91181K, committed 91264K, reserved 1128448K
  class space    used 11529K, capacity 12395K, committed 12416K, reserved 1048576K
}
Event: 16.938 GC heap after
{Heap after GC invocations=24 (full 0):
 garbage-first heap   total 157696K, used 77568K [0x0000000080000000, 0x0000000100000000)
  region size 1024K, 7 young (7168K), 7 survivors (7168K)
 Metaspace       used 88964K, capacity 91181K, committed 91264K, reserved 1128448K
  class space    used 11529K, capacity 12395K, committed 12416K, reserved 1048576K
}
Event: 31.128 GC heap before
{Heap before GC invocations=24 (full 0):
 garbage-first heap   total 157696K, used 125696K [0x0000000080000000, 0x0000000100000000)
  region size 1024K, 55 young (56320K), 7 survivors (7168K)
 Metaspace       used 92536K, capacity 95000K, committed 95232K, reserved 1132544K
  class space    used 12071K, capacity 12999K, committed 13056K, reserved 1048576K
}
Event: 31.145 GC heap after
{Heap after GC invocations=25 (full 0):
 garbage-first heap   total 157696K, used 81667K [0x0000000080000000, 0x0000000100000000)
  region size 1024K, 5 young (5120K), 5 survivors (5120K)
 Metaspace       used 92536K, capacity 95000K, committed 95232K, reserved 1132544K
  class space    used 12071K, capacity 12999K, committed 13056K, reserved 1048576K
}
Event: 31.769 GC heap before
{Heap before GC invocations=26 (full 0):
 garbage-first heap   total 157696K, used 126723K [0x0000000080000000, 0x0000000100000000)
  region size 1024K, 50 young (51200K), 5 survivors (5120K)
 Metaspace       used 95173K, capacity 97627K, committed 97920K, reserved 1134592K
  class space    used 12408K, capacity 13338K, committed 13440K, reserved 1048576K
}
Event: 31.779 GC heap after
{Heap after GC invocations=27 (full 0):
 garbage-first heap   total 157696K, used 84336K [0x0000000080000000, 0x0000000100000000)
  region size 1024K, 3 young (3072K), 3 survivors (3072K)
 Metaspace       used 95173K, capacity 97627K, committed 97920K, reserved 1134592K
  class space    used 12408K, capacity 13338K, committed 13440K, reserved 1048576K
}

