# JRE version: OpenJDK Runtime Environment (11.0.8+10) (build 11.0.8+10-b944.6842174)
# Java VM: OpenJDK 64-Bit Server VM (11.0.8+10-b944.6842174, mixed mode, tiered, compressed oops, g1 gc, windows-amd64)
Heap:
 garbage-first heap   total 227328K, used 111522K [0x0000000080000000, 0x0000000100000000)
  region size 1024K, 4 young (4096K), 4 survivors (4096K)
 Metaspace       used 94629K, capacity 96992K, committed 97356K, reserved 1134592K
  class space    used 11855K, capacity 12700K, committed 12876K, reserved 1048576K
GC Heap History (20 events):
Event: 7.918 GC heap after
{Heap after GC invocations=11 (full 0):
 garbage-first heap   total 157696K, used 45955K [0x0000000080000000, 0x0000000100000000)
  region size 1024K, 9 young (9216K), 9 survivors (9216K)
 Metaspace       used 48802K, capacity 50145K, committed 50380K, reserved 1093632K
  class space    used 6243K, capacity 6749K, committed 6860K, reserved 1048576K
}
Event: 8.903 GC heap before
{Heap before GC invocations=11 (full 0):
 garbage-first heap   total 157696K, used 110467K [0x0000000080000000, 0x0000000100000000)
  region size 1024K, 73 young (74752K), 9 survivors (9216K)
 Metaspace       used 58730K, capacity 60216K, committed 60236K, reserved 1101824K
  class space    used 7440K, capacity 7992K, committed 8012K, reserved 1048576K
}
Event: 8.921 GC heap after
{Heap after GC invocations=12 (full 0):
 garbage-first heap   total 157696K, used 50119K [0x0000000080000000, 0x0000000100000000)
  region size 1024K, 4 young (4096K), 4 survivors (4096K)
 Metaspace       used 58730K, capacity 60216K, committed 60236K, reserved 1101824K
  class space    used 7440K, capacity 7992K, committed 8012K, reserved 1048576K
}
Event: 9.785 GC heap before
{Heap before GC invocations=13 (full 0):
 garbage-first heap   total 157696K, used 116679K [0x0000000080000000, 0x0000000100000000)
  region size 1024K, 69 young (70656K), 4 survivors (4096K)
 Metaspace       used 64482K, capacity 66048K, committed 66124K, reserved 1105920K
  class space    used 8152K, capacity 8746K, committed 8780K, reserved 1048576K
}
Event: 9.793 GC heap after
{Heap after GC invocations=14 (full 0):
 garbage-first heap   total 157696K, used 54075K [0x0000000080000000, 0x0000000100000000)
  region size 1024K, 8 young (8192K), 8 survivors (8192K)
 Metaspace       used 64482K, capacity 66048K, committed 66124K, reserved 1105920K
  class space    used 8152K, capacity 8746K, committed 8780K, reserved 1048576K
}
Event: 10.595 GC heap before
{Heap before GC invocations=15 (full 0):
 garbage-first heap   total 157696K, used 119611K [0x0000000080000000, 0x0000000100000000)
  region size 1024K, 72 young (73728K), 8 survivors (8192K)
 Metaspace       used 69079K, capacity 70823K, committed 71116K, reserved 1110016K
  class space    used 8904K, capacity 9569K, committed 9676K, reserved 1048576K
}
Event: 10.609 GC heap after
{Heap after GC invocations=16 (full 0):
 garbage-first heap   total 157696K, used 59328K [0x0000000080000000, 0x0000000100000000)
  region size 1024K, 6 young (6144K), 6 survivors (6144K)
 Metaspace       used 69079K, capacity 70823K, committed 71116K, reserved 1110016K
  class space    used 8904K, capacity 9569K, committed 9676K, reserved 1048576K
}
Event: 11.593 GC heap before
{Heap before GC invocations=16 (full 0):
 garbage-first heap   total 157696K, used 122816K [0x0000000080000000, 0x0000000100000000)
  region size 1024K, 68 young (69632K), 6 survivors (6144K)
 Metaspace       used 75922K, capacity 77617K, committed 77900K, reserved 1116160K
  class space    used 9866K, capacity 10535K, committed 10572K, reserved 1048576K
}
Event: 11.602 GC heap after
{Heap after GC invocations=17 (full 0):
 garbage-first heap   total 157696K, used 63045K [0x0000000080000000, 0x0000000100000000)
  region size 1024K, 4 young (4096K), 4 survivors (4096K)
 Metaspace       used 75922K, capacity 77617K, committed 77900K, reserved 1116160K
  class space    used 9866K, capacity 10535K, committed 10572K, reserved 1048576K
}
Event: 12.555 GC heap before
{Heap before GC invocations=17 (full 0):
 garbage-first heap   total 157696K, used 125509K [0x0000000080000000, 0x0000000100000000)
  region size 1024K, 65 young (66560K), 4 survivors (4096K)
 Metaspace       used 81659K, capacity 83613K, committed 83916K, reserved 1122304K
  class space    used 10616K, capacity 11346K, committed 11468K, reserved 1048576K
}
Event: 12.568 GC heap after
{Heap after GC invocations=18 (full 0):
 garbage-first heap   total 189440K, used 67083K [0x0000000080000000, 0x0000000100000000)
  region size 1024K, 8 young (8192K), 8 survivors (8192K)
 Metaspace       used 81659K, capacity 83613K, committed 83916K, reserved 1122304K
  class space    used 10616K, capacity 11346K, committed 11468K, reserved 1048576K
}
Event: 13.346 GC heap before
{Heap before GC invocations=18 (full 0):
 garbage-first heap   total 189440K, used 142859K [0x0000000080000000, 0x0000000100000000)
  region size 1024K, 83 young (84992K), 8 survivors (8192K)
 Metaspace       used 82790K, capacity 84921K, committed 85068K, reserved 1122304K
  class space    used 10736K, capacity 11570K, committed 11596K, reserved 1048576K
}
Event: 13.359 GC heap after
{Heap after GC invocations=19 (full 0):
 garbage-first heap   total 189440K, used 72433K [0x0000000080000000, 0x0000000100000000)
  region size 1024K, 10 young (10240K), 10 survivors (10240K)
 Metaspace       used 82790K, capacity 84921K, committed 85068K, reserved 1122304K
  class space    used 10736K, capacity 11570K, committed 11596K, reserved 1048576K
}
Event: 14.047 GC heap before
{Heap before GC invocations=19 (full 0):
 garbage-first heap   total 189440K, used 147185K [0x0000000080000000, 0x0000000100000000)
  region size 1024K, 84 young (86016K), 10 survivors (10240K)
 Metaspace       used 85288K, capacity 87576K, committed 87756K, reserved 1124352K
  class space    used 11043K, capacity 11907K, committed 11980K, reserved 1048576K
}
Event: 14.062 GC heap after
{Heap after GC invocations=20 (full 0):
 garbage-first heap   total 189440K, used 75782K [0x0000000080000000, 0x0000000100000000)
  region size 1024K, 9 young (9216K), 9 survivors (9216K)
 Metaspace       used 85288K, capacity 87576K, committed 87756K, reserved 1124352K
  class space    used 11043K, capacity 11907K, committed 11980K, reserved 1048576K
}
Event: 23.176 GC heap before
{Heap before GC invocations=20 (full 0):
 garbage-first heap   total 189440K, used 150534K [0x0000000080000000, 0x0000000100000000)
  region size 1024K, 83 young (84992K), 9 survivors (9216K)
 Metaspace       used 91417K, capacity 93845K, committed 94028K, reserved 1130496K
  class space    used 11635K, capacity 12519K, committed 12620K, reserved 1048576K
}
Event: 23.192 GC heap after
{Heap after GC invocations=21 (full 0):
 garbage-first heap   total 189440K, used 81169K [0x0000000080000000, 0x0000000100000000)
  region size 1024K, 9 young (9216K), 9 survivors (9216K)
 Metaspace       used 91417K, capacity 93845K, committed 94028K, reserved 1130496K
  class space    used 11635K, capacity 12519K, committed 12620K, reserved 1048576K
}
Event: 24.096 GC heap before
{Heap before GC invocations=21 (full 0):
 garbage-first heap   total 189440K, used 146705K [0x0000000080000000, 0x0000000100000000)
  region size 1024K, 64 young (65536K), 9 survivors (9216K)
 Metaspace       used 92988K, capacity 95379K, committed 95692K, reserved 1132544K
  class space    used 11764K, capacity 12635K, committed 12748K, reserved 1048576K
}
Event: 24.159 GC heap after
{Heap after GC invocations=22 (full 0):
 garbage-first heap   total 189440K, used 103538K [0x0000000080000000, 0x0000000100000000)
  region size 1024K, 10 young (10240K), 10 survivors (10240K)
 Metaspace       used 92988K, capacity 95379K, committed 95692K, reserved 1132544K
  class space    used 11764K, capacity 12635K, committed 12748K, reserved 1048576K
}
Event: 38.765 GC heap before
{Heap before GC invocations=23 (full 0):
 garbage-first heap   total 189440K, used 150642K [0x0000000080000000, 0x0000000100000000)
  region size 1024K, 51 young (52224K), 10 survivors (10240K)
 Metaspace       used 94629K, capacity 96992K, committed 97356K, reserved 1134592K
  class space    used 11855K, capacity 12700K, committed 12876K, reserved 1048576K
}

