# JRE version: OpenJDK Runtime Environment (11.0.8+10) (build 11.0.8+10-b944.6842174)
# Java VM: OpenJDK 64-Bit Server VM (11.0.8+10-b944.6842174, mixed mode, tiered, compressed oops, g1 gc, windows-amd64)
Heap:
 garbage-first heap   total 157696K, used 86130K [0x0000000080000000, 0x0000000100000000)
  region size 1024K, 37 young (37888K), 9 survivors (9216K)
 Metaspace       used 72155K, capacity 73873K, committed 74060K, reserved 1114112K
  class space    used 9268K, capacity 9933K, committed 10060K, reserved 1048576K
GC Heap History (20 events):
Event: 3.598 GC heap before
{Heap before GC invocations=1 (full 0):
 garbage-first heap   total 131072K, used 84257K [0x0000000080000000, 0x0000000100000000)
  region size 1024K, 76 young (77824K), 3 survivors (3072K)
 Metaspace       used 17689K, capacity 18108K, committed 18176K, reserved 1064960K
  class space    used 2087K, capacity 2238K, committed 2304K, reserved 1048576K
}
Event: 3.612 GC heap after
{Heap after GC invocations=2 (full 0):
 garbage-first heap   total 131072K, used 16048K [0x0000000080000000, 0x0000000100000000)
  region size 1024K, 10 young (10240K), 10 survivors (10240K)
 Metaspace       used 17689K, capacity 18108K, committed 18176K, reserved 1064960K
  class space    used 2087K, capacity 2238K, committed 2304K, reserved 1048576K
}
Event: 3.959 GC heap before
{Heap before GC invocations=2 (full 0):
 garbage-first heap   total 131072K, used 39600K [0x0000000080000000, 0x0000000100000000)
  region size 1024K, 34 young (34816K), 10 survivors (10240K)
 Metaspace       used 20644K, capacity 21140K, committed 21248K, reserved 1067008K
  class space    used 2525K, capacity 2722K, committed 2816K, reserved 1048576K
}
Event: 3.967 GC heap after
{Heap after GC invocations=3 (full 0):
 garbage-first heap   total 131072K, used 17534K [0x0000000080000000, 0x0000000100000000)
  region size 1024K, 1 young (1024K), 1 survivors (1024K)
 Metaspace       used 20644K, capacity 21140K, committed 21248K, reserved 1067008K
  class space    used 2525K, capacity 2722K, committed 2816K, reserved 1048576K
}
Event: 4.724 GC heap before
{Heap before GC invocations=4 (full 0):
 garbage-first heap   total 131072K, used 78974K [0x0000000080000000, 0x0000000100000000)
  region size 1024K, 61 young (62464K), 1 survivors (1024K)
 Metaspace       used 26490K, capacity 27213K, committed 27392K, reserved 1073152K
  class space    used 3485K, capacity 3754K, committed 3840K, reserved 1048576K
}
Event: 4.728 GC heap after
{Heap after GC invocations=5 (full 0):
 garbage-first heap   total 131072K, used 19383K [0x0000000080000000, 0x0000000100000000)
  region size 1024K, 3 young (3072K), 3 survivors (3072K)
 Metaspace       used 26490K, capacity 27213K, committed 27392K, reserved 1073152K
  class space    used 3485K, capacity 3754K, committed 3840K, reserved 1048576K
}
Event: 5.510 GC heap before
{Heap before GC invocations=5 (full 0):
 garbage-first heap   total 131072K, used 67511K [0x0000000080000000, 0x0000000100000000)
  region size 1024K, 52 young (53248K), 3 survivors (3072K)
 Metaspace       used 34976K, capacity 35782K, committed 35840K, reserved 1081344K
  class space    used 4533K, capacity 4864K, committed 4864K, reserved 1048576K
}
Event: 5.519 GC heap after
{Heap after GC invocations=6 (full 0):
 garbage-first heap   total 131072K, used 22554K [0x0000000080000000, 0x0000000100000000)
  region size 1024K, 6 young (6144K), 6 survivors (6144K)
 Metaspace       used 34976K, capacity 35782K, committed 35840K, reserved 1081344K
  class space    used 4533K, capacity 4864K, committed 4864K, reserved 1048576K
}
Event: 6.239 GC heap before
{Heap before GC invocations=7 (full 0):
 garbage-first heap   total 131072K, used 88090K [0x0000000080000000, 0x0000000100000000)
  region size 1024K, 68 young (69632K), 6 survivors (6144K)
 Metaspace       used 39547K, capacity 40478K, committed 40524K, reserved 1085440K
  class space    used 5060K, capacity 5422K, committed 5452K, reserved 1048576K
}
Event: 6.250 GC heap after
{Heap after GC invocations=8 (full 0):
 garbage-first heap   total 131072K, used 27860K [0x0000000080000000, 0x0000000100000000)
  region size 1024K, 9 young (9216K), 9 survivors (9216K)
 Metaspace       used 39547K, capacity 40478K, committed 40524K, reserved 1085440K
  class space    used 5060K, capacity 5422K, committed 5452K, reserved 1048576K
}
Event: 6.964 GC heap before
{Heap before GC invocations=8 (full 0):
 garbage-first heap   total 131072K, used 90324K [0x0000000080000000, 0x0000000100000000)
  region size 1024K, 70 young (71680K), 9 survivors (9216K)
 Metaspace       used 45060K, capacity 46152K, committed 46284K, reserved 1089536K
  class space    used 5791K, capacity 6221K, committed 6348K, reserved 1048576K
}
Event: 6.975 GC heap after
{Heap after GC invocations=9 (full 0):
 garbage-first heap   total 157696K, used 30016K [0x0000000080000000, 0x0000000100000000)
  region size 1024K, 3 young (3072K), 3 survivors (3072K)
 Metaspace       used 45060K, capacity 46152K, committed 46284K, reserved 1089536K
  class space    used 5791K, capacity 6221K, committed 6348K, reserved 1048576K
}
Event: 8.334 GC heap before
{Heap before GC invocations=9 (full 0):
 garbage-first heap   total 157696K, used 111936K [0x0000000080000000, 0x0000000100000000)
  region size 1024K, 77 young (78848K), 3 survivors (3072K)
 Metaspace       used 50894K, capacity 52274K, committed 52300K, reserved 1095680K
  class space    used 6462K, capacity 6965K, committed 6988K, reserved 1048576K
}
Event: 8.341 GC heap after
{Heap after GC invocations=10 (full 0):
 garbage-first heap   total 157696K, used 46532K [0x0000000080000000, 0x0000000100000000)
  region size 1024K, 10 young (10240K), 10 survivors (10240K)
 Metaspace       used 50894K, capacity 52274K, committed 52300K, reserved 1095680K
  class space    used 6462K, capacity 6965K, committed 6988K, reserved 1048576K
}
Event: 9.148 GC heap before
{Heap before GC invocations=10 (full 0):
 garbage-first heap   total 157696K, used 98756K [0x0000000080000000, 0x0000000100000000)
  region size 1024K, 62 young (63488K), 10 survivors (10240K)
 Metaspace       used 58566K, capacity 60101K, committed 60236K, reserved 1101824K
  class space    used 7425K, capacity 7969K, committed 8012K, reserved 1048576K
}
Event: 9.167 GC heap after
{Heap after GC invocations=11 (full 0):
 garbage-first heap   total 157696K, used 50253K [0x0000000080000000, 0x0000000100000000)
  region size 1024K, 4 young (4096K), 4 survivors (4096K)
 Metaspace       used 58566K, capacity 60101K, committed 60236K, reserved 1101824K
  class space    used 7425K, capacity 7969K, committed 8012K, reserved 1048576K
}
Event: 9.979 GC heap before
{Heap before GC invocations=12 (full 0):
 garbage-first heap   total 157696K, used 112717K [0x0000000080000000, 0x0000000100000000)
  region size 1024K, 65 young (66560K), 4 survivors (4096K)
 Metaspace       used 64154K, capacity 65739K, committed 65868K, reserved 1105920K
  class space    used 8120K, capacity 8723K, committed 8780K, reserved 1048576K
}
Event: 9.989 GC heap after
{Heap after GC invocations=13 (full 0):
 garbage-first heap   total 157696K, used 54059K [0x0000000080000000, 0x0000000100000000)
  region size 1024K, 7 young (7168K), 7 survivors (7168K)
 Metaspace       used 64154K, capacity 65739K, committed 65868K, reserved 1105920K
  class space    used 8120K, capacity 8723K, committed 8780K, reserved 1048576K
}
Event: 10.642 GC heap before
{Heap before GC invocations=14 (full 0):
 garbage-first heap   total 157696K, used 116523K [0x0000000080000000, 0x0000000100000000)
  region size 1024K, 68 young (69632K), 7 survivors (7168K)
 Metaspace       used 68206K, capacity 69864K, committed 70092K, reserved 1110016K
  class space    used 8724K, capacity 9372K, committed 9420K, reserved 1048576K
}
Event: 10.651 GC heap after
{Heap after GC invocations=15 (full 0):
 garbage-first heap   total 157696K, used 58482K [0x0000000080000000, 0x0000000100000000)
  region size 1024K, 9 young (9216K), 9 survivors (9216K)
 Metaspace       used 68206K, capacity 69864K, committed 70092K, reserved 1110016K
  class space    used 8724K, capacity 9372K, committed 9420K, reserved 1048576K
}

