# JRE version: OpenJDK Runtime Environment (11.0.8+10) (build 11.0.8+10-b944.6842174)
# Java VM: OpenJDK 64-Bit Server VM (11.0.8+10-b944.6842174, mixed mode, tiered, compressed oops, g1 gc, windows-amd64)
Heap:
 garbage-first heap   total 160768K, used 106838K [0x0000000081c00000, 0x0000000100000000)
  region size 1024K, 74 young (75776K), 11 survivors (11264K)
 Metaspace       used 56787K, capacity 57492K, committed 57676K, reserved 1099776K
  class space    used 6348K, capacity 6596K, committed 6732K, reserved 1048576K
GC Heap History (12 events):
Event: 0.974 GC heap before
{Heap before GC invocations=0 (full 0):
 garbage-first heap   total 131072K, used 27648K [0x0000000081c00000, 0x0000000100000000)
  region size 1024K, 24 young (24576K), 0 survivors (0K)
 Metaspace       used 12304K, capacity 12405K, committed 12544K, reserved 1060864K
  class space    used 1155K, capacity 1174K, committed 1280K, reserved 1048576K
}
Event: 0.979 GC heap after
{Heap after GC invocations=1 (full 0):
 garbage-first heap   total 131072K, used 5871K [0x0000000081c00000, 0x0000000100000000)
  region size 1024K, 3 young (3072K), 3 survivors (3072K)
 Metaspace       used 12304K, capacity 12405K, committed 12544K, reserved 1060864K
  class space    used 1155K, capacity 1174K, committed 1280K, reserved 1048576K
}
Event: 1.792 GC heap before
{Heap before GC invocations=1 (full 0):
 garbage-first heap   total 131072K, used 42735K [0x0000000081c00000, 0x0000000100000000)
  region size 1024K, 40 young (40960K), 3 survivors (3072K)
 Metaspace       used 20972K, capacity 21201K, committed 21248K, reserved 1069056K
  class space    used 2215K, capacity 2297K, committed 2304K, reserved 1048576K
}
Event: 1.812 GC heap after
{Heap after GC invocations=2 (full 0):
 garbage-first heap   total 131072K, used 9499K [0x0000000081c00000, 0x0000000100000000)
  region size 1024K, 7 young (7168K), 7 survivors (7168K)
 Metaspace       used 20972K, capacity 21201K, committed 21248K, reserved 1069056K
  class space    used 2215K, capacity 2297K, committed 2304K, reserved 1048576K
}
Event: 2.759 GC heap before
{Heap before GC invocations=3 (full 0):
 garbage-first heap   total 131072K, used 66843K [0x0000000081c00000, 0x0000000100000000)
  region size 1024K, 55 young (56320K), 7 survivors (7168K)
 Metaspace       used 31762K, capacity 32222K, committed 32384K, reserved 1077248K
  class space    used 3779K, capacity 3939K, committed 3968K, reserved 1048576K
}
Event: 2.783 GC heap after
{Heap after GC invocations=4 (full 0):
 garbage-first heap   total 131072K, used 23914K [0x0000000081c00000, 0x0000000100000000)
  region size 1024K, 7 young (7168K), 7 survivors (7168K)
 Metaspace       used 31762K, capacity 32222K, committed 32384K, reserved 1077248K
  class space    used 3779K, capacity 3939K, committed 3968K, reserved 1048576K
}
Event: 3.139 GC heap before
{Heap before GC invocations=4 (full 0):
 garbage-first heap   total 131072K, used 40298K [0x0000000081c00000, 0x0000000100000000)
  region size 1024K, 24 young (24576K), 7 survivors (7168K)
 Metaspace       used 35274K, capacity 35769K, committed 35840K, reserved 1081344K
  class space    used 4157K, capacity 4332K, committed 4352K, reserved 1048576K
}
Event: 3.157 GC heap after
{Heap after GC invocations=5 (full 0):
 garbage-first heap   total 131072K, used 25600K [0x0000000081c00000, 0x0000000100000000)
  region size 1024K, 2 young (2048K), 2 survivors (2048K)
 Metaspace       used 35274K, capacity 35769K, committed 35840K, reserved 1081344K
  class space    used 4157K, capacity 4332K, committed 4352K, reserved 1048576K
}
Event: 4.393 GC heap before
{Heap before GC invocations=6 (full 0):
 garbage-first heap   total 131072K, used 95232K [0x0000000081c00000, 0x0000000100000000)
  region size 1024K, 69 young (70656K), 2 survivors (2048K)
 Metaspace       used 46519K, capacity 47096K, committed 47180K, reserved 1091584K
  class space    used 5501K, capacity 5692K, committed 5708K, reserved 1048576K
}
Event: 4.410 GC heap after
{Heap after GC invocations=7 (full 0):
 garbage-first heap   total 160768K, used 32091K [0x0000000081c00000, 0x0000000100000000)
  region size 1024K, 9 young (9216K), 9 survivors (9216K)
 Metaspace       used 46519K, capacity 47096K, committed 47180K, reserved 1091584K
  class space    used 5501K, capacity 5692K, committed 5708K, reserved 1048576K
}
Event: 5.840 GC heap before
{Heap before GC invocations=7 (full 0):
 garbage-first heap   total 160768K, used 105819K [0x0000000081c00000, 0x0000000100000000)
  region size 1024K, 81 young (82944K), 9 survivors (9216K)
 Metaspace       used 50617K, capacity 51245K, committed 51404K, reserved 1095680K
  class space    used 5764K, capacity 5997K, committed 6092K, reserved 1048576K
}
Event: 5.866 GC heap after
{Heap after GC invocations=8 (full 0):
 garbage-first heap   total 160768K, used 42326K [0x0000000081c00000, 0x0000000100000000)
  region size 1024K, 11 young (11264K), 11 survivors (11264K)
 Metaspace       used 50617K, capacity 51245K, committed 51404K, reserved 1095680K
  class space    used 5764K, capacity 5997K, committed 6092K, reserved 1048576K
}

