# JRE version: OpenJDK Runtime Environment (11.0.8+10) (build 11.0.8+10-b944.6842174)
# Java VM: OpenJDK 64-Bit Server VM (11.0.8+10-b944.6842174, mixed mode, tiered, compressed oops, g1 gc, windows-amd64)
Heap:
 garbage-first heap   total 189440K, used 110173K [0x0000000080000000, 0x0000000100000000)
  region size 1024K, 16 young (16384K), 6 survivors (6144K)
 Metaspace       used 112489K, capacity 115617K, committed 115780K, reserved 1148928K
  class space    used 14321K, capacity 15511K, committed 15512K, reserved 1048576K
GC Heap History (20 events):
Event: 99.105 GC heap before
{Heap before GC invocations=22 (full 0):
 garbage-first heap   total 189440K, used 151346K [0x0000000080000000, 0x0000000100000000)
  region size 1024K, 74 young (75776K), 10 survivors (10240K)
 Metaspace       used 106743K, capacity 109749K, committed 109868K, reserved 1144832K
  class space    used 13796K, capacity 14943K, committed 14976K, reserved 1048576K
}
Event: 99.118 GC heap after
{Heap after GC invocations=23 (full 0):
 garbage-first heap   total 189440K, used 90628K [0x0000000080000000, 0x0000000100000000)
  region size 1024K, 4 young (4096K), 4 survivors (4096K)
 Metaspace       used 106743K, capacity 109749K, committed 109868K, reserved 1144832K
  class space    used 13796K, capacity 14943K, committed 14976K, reserved 1048576K
}
Event: 99.126 GC heap before
{Heap before GC invocations=23 (full 0):
 garbage-first heap   total 189440K, used 90628K [0x0000000080000000, 0x0000000100000000)
  region size 1024K, 5 young (5120K), 4 survivors (4096K)
 Metaspace       used 106770K, capacity 109751K, committed 109868K, reserved 1144832K
  class space    used 13799K, capacity 14944K, committed 14976K, reserved 1048576K
}
Event: 99.133 GC heap after
{Heap after GC invocations=24 (full 0):
 garbage-first heap   total 189440K, used 90386K [0x0000000080000000, 0x0000000100000000)
  region size 1024K, 4 young (4096K), 4 survivors (4096K)
 Metaspace       used 106770K, capacity 109751K, committed 109868K, reserved 1144832K
  class space    used 13799K, capacity 14944K, committed 14976K, reserved 1048576K
}
Event: 99.493 GC heap before
{Heap before GC invocations=25 (full 0):
 garbage-first heap   total 189440K, used 110866K [0x0000000080000000, 0x0000000100000000)
  region size 1024K, 26 young (26624K), 4 survivors (4096K)
 Metaspace       used 107417K, capacity 110292K, committed 110788K, reserved 1144832K
  class space    used 13899K, capacity 14989K, committed 15128K, reserved 1048576K
}
Event: 99.500 GC heap after
{Heap after GC invocations=26 (full 0):
 garbage-first heap   total 189440K, used 90541K [0x0000000080000000, 0x0000000100000000)
  region size 1024K, 4 young (4096K), 4 survivors (4096K)
 Metaspace       used 107417K, capacity 110292K, committed 110788K, reserved 1144832K
  class space    used 13899K, capacity 14989K, committed 15128K, reserved 1048576K
}
Event: 219.191 GC heap before
{Heap before GC invocations=27 (full 0):
 garbage-first heap   total 189440K, used 144813K [0x0000000080000000, 0x0000000100000000)
  region size 1024K, 49 young (50176K), 4 survivors (4096K)
 Metaspace       used 108017K, capacity 110936K, committed 111428K, reserved 1144832K
  class space    used 13925K, capacity 15035K, committed 15256K, reserved 1048576K
}
Event: 219.207 GC heap after
{Heap after GC invocations=28 (full 0):
 garbage-first heap   total 189440K, used 94531K [0x0000000080000000, 0x0000000100000000)
  region size 1024K, 7 young (7168K), 7 survivors (7168K)
 Metaspace       used 108017K, capacity 110936K, committed 111428K, reserved 1144832K
  class space    used 13925K, capacity 15035K, committed 15256K, reserved 1048576K
}
Event: 220.065 GC heap before
{Heap before GC invocations=29 (full 0):
 garbage-first heap   total 189440K, used 161091K [0x0000000080000000, 0x0000000100000000)
  region size 1024K, 56 young (57344K), 7 survivors (7168K)
 Metaspace       used 110214K, capacity 113159K, committed 113604K, reserved 1146880K
  class space    used 14136K, capacity 15237K, committed 15384K, reserved 1048576K
}
Event: 220.077 GC heap after
{Heap after GC invocations=30 (full 0):
 garbage-first heap   total 189440K, used 96422K [0x0000000080000000, 0x0000000100000000)
  region size 1024K, 2 young (2048K), 2 survivors (2048K)
 Metaspace       used 110214K, capacity 113159K, committed 113604K, reserved 1146880K
  class space    used 14136K, capacity 15237K, committed 15384K, reserved 1048576K
}
Event: 220.226 GC heap before
{Heap before GC invocations=30 (full 0):
 garbage-first heap   total 189440K, used 102566K [0x0000000080000000, 0x0000000100000000)
  region size 1024K, 9 young (9216K), 2 survivors (2048K)
 Metaspace       used 110595K, capacity 113543K, committed 113860K, reserved 1148928K
  class space    used 14178K, capacity 15301K, committed 15384K, reserved 1048576K
}
Event: 220.233 GC heap after
{Heap after GC invocations=31 (full 0):
 garbage-first heap   total 189440K, used 96635K [0x0000000080000000, 0x0000000100000000)
  region size 1024K, 2 young (2048K), 2 survivors (2048K)
 Metaspace       used 110595K, capacity 113543K, committed 113860K, reserved 1148928K
  class space    used 14178K, capacity 15301K, committed 15384K, reserved 1048576K
}
Event: 228.521 GC heap before
{Heap before GC invocations=31 (full 0):
 garbage-first heap   total 189440K, used 146811K [0x0000000080000000, 0x0000000100000000)
  region size 1024K, 52 young (53248K), 2 survivors (2048K)
 Metaspace       used 111717K, capacity 114807K, committed 115012K, reserved 1148928K
  class space    used 14295K, capacity 15443K, committed 15512K, reserved 1048576K
}
Event: 228.541 GC heap after
{Heap after GC invocations=32 (full 0):
 garbage-first heap   total 189440K, used 101360K [0x0000000080000000, 0x0000000100000000)
  region size 1024K, 7 young (7168K), 7 survivors (7168K)
 Metaspace       used 111717K, capacity 114807K, committed 115012K, reserved 1148928K
  class space    used 14295K, capacity 15443K, committed 15512K, reserved 1048576K
}
Event: 246.730 GC heap before
{Heap before GC invocations=33 (full 0):
 garbage-first heap   total 189440K, used 149488K [0x0000000080000000, 0x0000000100000000)
  region size 1024K, 55 young (56320K), 7 survivors (7168K)
 Metaspace       used 112020K, capacity 115039K, committed 115268K, reserved 1148928K
  class space    used 14300K, capacity 15473K, committed 15512K, reserved 1048576K
}
Event: 246.741 GC heap after
{Heap after GC invocations=34 (full 0):
 garbage-first heap   total 189440K, used 102156K [0x0000000080000000, 0x0000000100000000)
  region size 1024K, 6 young (6144K), 6 survivors (6144K)
 Metaspace       used 112020K, capacity 115039K, committed 115268K, reserved 1148928K
  class space    used 14300K, capacity 15473K, committed 15512K, reserved 1048576K
}
Event: 246.777 GC heap before
{Heap before GC invocations=34 (full 0):
 garbage-first heap   total 189440K, used 104204K [0x0000000080000000, 0x0000000100000000)
  region size 1024K, 9 young (9216K), 6 survivors (6144K)
 Metaspace       used 112033K, capacity 115103K, committed 115268K, reserved 1148928K
  class space    used 14300K, capacity 15473K, committed 15512K, reserved 1048576K
}
Event: 246.792 GC heap after
{Heap after GC invocations=35 (full 0):
 garbage-first heap   total 189440K, used 95672K [0x0000000080000000, 0x0000000100000000)
  region size 1024K, 1 young (1024K), 1 survivors (1024K)
 Metaspace       used 112033K, capacity 115103K, committed 115268K, reserved 1148928K
  class space    used 14300K, capacity 15473K, committed 15512K, reserved 1048576K
}
Event: 253.678 GC heap before
{Heap before GC invocations=35 (full 0):
 garbage-first heap   total 189440K, used 146872K [0x0000000080000000, 0x0000000100000000)
  region size 1024K, 52 young (53248K), 1 survivors (1024K)
 Metaspace       used 112447K, capacity 115615K, committed 115780K, reserved 1148928K
  class space    used 14321K, capacity 15511K, committed 15512K, reserved 1048576K
}
Event: 253.699 GC heap after
{Heap after GC invocations=36 (full 0):
 garbage-first heap   total 189440K, used 100957K [0x0000000080000000, 0x0000000100000000)
  region size 1024K, 6 young (6144K), 6 survivors (6144K)
 Metaspace       used 112447K, capacity 115615K, committed 115780K, reserved 1148928K
  class space    used 14321K, capacity 15511K, committed 15512K, reserved 1048576K
}

