# JRE version: OpenJDK Runtime Environment (11.0.8+10) (build 11.0.8+10-b944.6842174)
# Java VM: OpenJDK 64-Bit Server VM (11.0.8+10-b944.6842174, mixed mode, tiered, compressed oops, g1 gc, windows-amd64)
Heap:
 garbage-first heap   total 189440K, used 74618K [0x0000000080000000, 0x0000000100000000)
  region size 1024K, 6 young (6144K), 6 survivors (6144K)
 Metaspace       used 86632K, capacity 88845K, committed 88908K, reserved 1126400K
  class space    used 11213K, capacity 12075K, committed 12108K, reserved 1048576K
GC Heap History (20 events):
Event: 8.445 GC heap after
{Heap after GC invocations=10 (full 0):
 garbage-first heap   total 131072K, used 46535K [0x0000000080000000, 0x0000000100000000)
  region size 1024K, 9 young (9216K), 9 survivors (9216K)
 Metaspace       used 48746K, capacity 50101K, committed 50380K, reserved 1093632K
  class space    used 6235K, capacity 6755K, committed 6860K, reserved 1048576K
}
Event: 9.281 GC heap before
{Heap before GC invocations=10 (full 0):
 garbage-first heap   total 131072K, used 98759K [0x0000000080000000, 0x0000000100000000)
  region size 1024K, 60 young (61440K), 9 survivors (9216K)
 Metaspace       used 56228K, capacity 57699K, committed 57932K, reserved 1099776K
  class space    used 7136K, capacity 7687K, committed 7756K, reserved 1048576K
}
Event: 9.289 GC heap after
{Heap after GC invocations=11 (full 0):
 garbage-first heap   total 131072K, used 48761K [0x0000000080000000, 0x0000000100000000)
  region size 1024K, 2 young (2048K), 2 survivors (2048K)
 Metaspace       used 56228K, capacity 57699K, committed 57932K, reserved 1099776K
  class space    used 7136K, capacity 7687K, committed 7756K, reserved 1048576K
}
Event: 9.525 GC heap before
{Heap before GC invocations=11 (full 0):
 garbage-first heap   total 131072K, used 61049K [0x0000000080000000, 0x0000000100000000)
  region size 1024K, 15 young (15360K), 2 survivors (2048K)
 Metaspace       used 58727K, capacity 60172K, committed 60236K, reserved 1101824K
  class space    used 7449K, capacity 7998K, committed 8012K, reserved 1048576K
}
Event: 9.531 GC heap after
{Heap after GC invocations=12 (full 0):
 garbage-first heap   total 131072K, used 50063K [0x0000000080000000, 0x0000000100000000)
  region size 1024K, 4 young (4096K), 4 survivors (4096K)
 Metaspace       used 58727K, capacity 60172K, committed 60236K, reserved 1101824K
  class space    used 7449K, capacity 7998K, committed 8012K, reserved 1048576K
}
Event: 10.106 GC heap before
{Heap before GC invocations=13 (full 0):
 garbage-first heap   total 131072K, used 89999K [0x0000000080000000, 0x0000000100000000)
  region size 1024K, 43 young (44032K), 4 survivors (4096K)
 Metaspace       used 61969K, capacity 63430K, committed 63692K, reserved 1103872K
  class space    used 7827K, capacity 8369K, committed 8396K, reserved 1048576K
}
Event: 10.116 GC heap after
{Heap after GC invocations=14 (full 0):
 garbage-first heap   total 131072K, used 53599K [0x0000000080000000, 0x0000000100000000)
  region size 1024K, 6 young (6144K), 6 survivors (6144K)
 Metaspace       used 61969K, capacity 63430K, committed 63692K, reserved 1103872K
  class space    used 7827K, capacity 8369K, committed 8396K, reserved 1048576K
}
Event: 10.829 GC heap before
{Heap before GC invocations=15 (full 0):
 garbage-first heap   total 131072K, used 93535K [0x0000000080000000, 0x0000000100000000)
  region size 1024K, 45 young (46080K), 6 survivors (6144K)
 Metaspace       used 64684K, capacity 66307K, committed 66508K, reserved 1107968K
  class space    used 8184K, capacity 8787K, committed 8908K, reserved 1048576K
}
Event: 10.853 GC heap after
{Heap after GC invocations=16 (full 0):
 garbage-first heap   total 157696K, used 56440K [0x0000000080000000, 0x0000000100000000)
  region size 1024K, 4 young (4096K), 4 survivors (4096K)
 Metaspace       used 64684K, capacity 66307K, committed 66508K, reserved 1107968K
  class space    used 8184K, capacity 8787K, committed 8908K, reserved 1048576K
}
Event: 11.450 GC heap before
{Heap before GC invocations=16 (full 0):
 garbage-first heap   total 157696K, used 106616K [0x0000000080000000, 0x0000000100000000)
  region size 1024K, 53 young (54272K), 4 survivors (4096K)
 Metaspace       used 68882K, capacity 70536K, committed 70732K, reserved 1110016K
  class space    used 8876K, capacity 9537K, committed 9548K, reserved 1048576K
}
Event: 11.458 GC heap after
{Heap after GC invocations=17 (full 0):
 garbage-first heap   total 157696K, used 59000K [0x0000000080000000, 0x0000000100000000)
  region size 1024K, 6 young (6144K), 6 survivors (6144K)
 Metaspace       used 68882K, capacity 70536K, committed 70732K, reserved 1110016K
  class space    used 8876K, capacity 9537K, committed 9548K, reserved 1048576K
}
Event: 12.252 GC heap before
{Heap before GC invocations=17 (full 0):
 garbage-first heap   total 157696K, used 111224K [0x0000000080000000, 0x0000000100000000)
  region size 1024K, 57 young (58368K), 6 survivors (6144K)
 Metaspace       used 74779K, capacity 76535K, committed 76748K, reserved 1116160K
  class space    used 9661K, capacity 10330K, committed 10444K, reserved 1048576K
}
Event: 12.260 GC heap after
{Heap after GC invocations=18 (full 0):
 garbage-first heap   total 157696K, used 62296K [0x0000000080000000, 0x0000000100000000)
  region size 1024K, 7 young (7168K), 7 survivors (7168K)
 Metaspace       used 74779K, capacity 76535K, committed 76748K, reserved 1116160K
  class space    used 9661K, capacity 10330K, committed 10444K, reserved 1048576K
}
Event: 13.049 GC heap before
{Heap before GC invocations=18 (full 0):
 garbage-first heap   total 157696K, used 113496K [0x0000000080000000, 0x0000000100000000)
  region size 1024K, 58 young (59392K), 7 survivors (7168K)
 Metaspace       used 79820K, capacity 81677K, committed 81996K, reserved 1120256K
  class space    used 10291K, capacity 10996K, committed 11084K, reserved 1048576K
}
Event: 13.058 GC heap after
{Heap after GC invocations=19 (full 0):
 garbage-first heap   total 157696K, used 65619K [0x0000000080000000, 0x0000000100000000)
  region size 1024K, 7 young (7168K), 7 survivors (7168K)
 Metaspace       used 79820K, capacity 81677K, committed 81996K, reserved 1120256K
  class space    used 10291K, capacity 10996K, committed 11084K, reserved 1048576K
}
Event: 13.698 GC heap before
{Heap before GC invocations=19 (full 0):
 garbage-first heap   total 157696K, used 117843K [0x0000000080000000, 0x0000000100000000)
  region size 1024K, 59 young (60416K), 7 survivors (7168K)
 Metaspace       used 82279K, capacity 84431K, committed 84556K, reserved 1122304K
  class space    used 10700K, capacity 11532K, committed 11596K, reserved 1048576K
}
Event: 13.709 GC heap after
{Heap after GC invocations=20 (full 0):
 garbage-first heap   total 157696K, used 69359K [0x0000000080000000, 0x0000000100000000)
  region size 1024K, 7 young (7168K), 7 survivors (7168K)
 Metaspace       used 82279K, capacity 84431K, committed 84556K, reserved 1122304K
  class space    used 10700K, capacity 11532K, committed 11596K, reserved 1048576K
}
Event: 14.324 GC heap before
{Heap before GC invocations=20 (full 0):
 garbage-first heap   total 157696K, used 120559K [0x0000000080000000, 0x0000000100000000)
  region size 1024K, 58 young (59392K), 7 survivors (7168K)
 Metaspace       used 83293K, capacity 85508K, committed 85708K, reserved 1124352K
  class space    used 10782K, capacity 11626K, committed 11724K, reserved 1048576K
}
Event: 14.333 GC heap after
{Heap after GC invocations=21 (full 0):
 garbage-first heap   total 157696K, used 72540K [0x0000000080000000, 0x0000000100000000)
  region size 1024K, 7 young (7168K), 7 survivors (7168K)
 Metaspace       used 83293K, capacity 85508K, committed 85708K, reserved 1124352K
  class space    used 10782K, capacity 11626K, committed 11724K, reserved 1048576K
}
Event: 14.773 GC heap before
{Heap before GC invocations=21 (full 0):
 garbage-first heap   total 157696K, used 123740K [0x0000000080000000, 0x0000000100000000)
  region size 1024K, 58 young (59392K), 7 survivors (7168K)
 Metaspace       used 86632K, capacity 88845K, committed 88908K, reserved 1126400K
  class space    used 11213K, capacity 12075K, committed 12108K, reserved 1048576K
}

