# JRE version: OpenJDK Runtime Environment (11.0.8+10) (build 11.0.8+10-b944.6842174)
# Java VM: OpenJDK 64-Bit Server VM (11.0.8+10-b944.6842174, mixed mode, tiered, compressed oops, g1 gc, windows-amd64)
Heap:
 garbage-first heap   total 165888K, used 43341K [0x0000000081c00000, 0x0000000100000000)
  region size 1024K, 8 young (8192K), 8 survivors (8192K)
 Metaspace       used 50949K, capacity 51553K, committed 51916K, reserved 1095680K
  class space    used 5800K, capacity 6036K, committed 6144K, reserved 1048576K
GC Heap History (13 events):
Event: 1.105 GC heap before
{Heap before GC invocations=0 (full 0):
 garbage-first heap   total 131072K, used 27648K [0x0000000081c00000, 0x0000000100000000)
  region size 1024K, 24 young (24576K), 0 survivors (0K)
 Metaspace       used 12316K, capacity 12405K, committed 12544K, reserved 1060864K
  class space    used 1155K, capacity 1174K, committed 1280K, reserved 1048576K
}
Event: 1.110 GC heap after
{Heap after GC invocations=1 (full 0):
 garbage-first heap   total 131072K, used 5638K [0x0000000081c00000, 0x0000000100000000)
  region size 1024K, 3 young (3072K), 3 survivors (3072K)
 Metaspace       used 12316K, capacity 12405K, committed 12544K, reserved 1060864K
  class space    used 1155K, capacity 1174K, committed 1280K, reserved 1048576K
}
Event: 2.169 GC heap before
{Heap before GC invocations=1 (full 0):
 garbage-first heap   total 131072K, used 42502K [0x0000000081c00000, 0x0000000100000000)
  region size 1024K, 40 young (40960K), 3 survivors (3072K)
 Metaspace       used 20976K, capacity 21201K, committed 21248K, reserved 1069056K
  class space    used 2215K, capacity 2297K, committed 2304K, reserved 1048576K
}
Event: 2.197 GC heap after
{Heap after GC invocations=2 (full 0):
 garbage-first heap   total 131072K, used 9544K [0x0000000081c00000, 0x0000000100000000)
  region size 1024K, 7 young (7168K), 7 survivors (7168K)
 Metaspace       used 20976K, capacity 21201K, committed 21248K, reserved 1069056K
  class space    used 2215K, capacity 2297K, committed 2304K, reserved 1048576K
}
Event: 3.344 GC heap before
{Heap before GC invocations=3 (full 0):
 garbage-first heap   total 131072K, used 67912K [0x0000000081c00000, 0x0000000100000000)
  region size 1024K, 56 young (57344K), 7 survivors (7168K)
 Metaspace       used 32031K, capacity 32510K, committed 32768K, reserved 1077248K
  class space    used 3811K, capacity 3971K, committed 4096K, reserved 1048576K
}
Event: 3.364 GC heap after
{Heap after GC invocations=4 (full 0):
 garbage-first heap   total 131072K, used 23618K [0x0000000081c00000, 0x0000000100000000)
  region size 1024K, 6 young (6144K), 6 survivors (6144K)
 Metaspace       used 32031K, capacity 32510K, committed 32768K, reserved 1077248K
  class space    used 3811K, capacity 3971K, committed 4096K, reserved 1048576K
}
Event: 3.722 GC heap before
{Heap before GC invocations=4 (full 0):
 garbage-first heap   total 131072K, used 38978K [0x0000000081c00000, 0x0000000100000000)
  region size 1024K, 22 young (22528K), 6 survivors (6144K)
 Metaspace       used 35187K, capacity 35705K, committed 35840K, reserved 1081344K
  class space    used 4147K, capacity 4332K, committed 4352K, reserved 1048576K
}
Event: 3.747 GC heap after
{Heap after GC invocations=5 (full 0):
 garbage-first heap   total 131072K, used 25595K [0x0000000081c00000, 0x0000000100000000)
  region size 1024K, 2 young (2048K), 2 survivors (2048K)
 Metaspace       used 35187K, capacity 35705K, committed 35840K, reserved 1081344K
  class space    used 4147K, capacity 4332K, committed 4352K, reserved 1048576K
}
Event: 5.335 GC heap before
{Heap before GC invocations=6 (full 0):
 garbage-first heap   total 131072K, used 75771K [0x0000000081c00000, 0x0000000100000000)
  region size 1024K, 51 young (52224K), 2 survivors (2048K)
 Metaspace       used 45919K, capacity 46435K, committed 46540K, reserved 1089536K
  class space    used 5445K, capacity 5620K, committed 5632K, reserved 1048576K
}
Event: 5.343 GC heap after
{Heap after GC invocations=7 (full 0):
 garbage-first heap   total 131072K, used 29269K [0x0000000081c00000, 0x0000000100000000)
  region size 1024K, 6 young (6144K), 6 survivors (6144K)
 Metaspace       used 45919K, capacity 46435K, committed 46540K, reserved 1089536K
  class space    used 5445K, capacity 5620K, committed 5632K, reserved 1048576K
}
Event: 6.017 GC heap before
{Heap before GC invocations=7 (full 0):
 garbage-first heap   total 131072K, used 82517K [0x0000000081c00000, 0x0000000100000000)
  region size 1024K, 57 young (58368K), 6 survivors (6144K)
 Metaspace       used 48695K, capacity 49263K, committed 49484K, reserved 1093632K
  class space    used 5684K, capacity 5893K, committed 6016K, reserved 1048576K
}
Event: 6.038 GC heap after
{Heap after GC invocations=8 (full 0):
 garbage-first heap   total 131072K, used 34789K [0x0000000081c00000, 0x0000000100000000)
  region size 1024K, 8 young (8192K), 8 survivors (8192K)
 Metaspace       used 48695K, capacity 49263K, committed 49484K, reserved 1093632K
  class space    used 5684K, capacity 5893K, committed 6016K, reserved 1048576K
}
Event: 7.071 GC heap before
{Heap before GC invocations=8 (full 0):
 garbage-first heap   total 131072K, used 87013K [0x0000000081c00000, 0x0000000100000000)
  region size 1024K, 59 young (60416K), 8 survivors (8192K)
 Metaspace       used 50949K, capacity 51553K, committed 51916K, reserved 1095680K
  class space    used 5800K, capacity 6036K, committed 6144K, reserved 1048576K
}

