# JRE version: OpenJDK Runtime Environment (11.0.8+10) (build 11.0.8+10-b944.6842174)
# Java VM: OpenJDK 64-Bit Server VM (11.0.8+10-b944.6842174, mixed mode, tiered, compressed oops, g1 gc, windows-amd64)
Heap:
 garbage-first heap   total 157696K, used 92453K [0x0000000080000000, 0x0000000100000000)
  region size 1024K, 16 young (16384K), 2 survivors (2048K)
 Metaspace       used 96819K, capacity 99377K, committed 99456K, reserved 1136640K
  class space    used 12194K, capacity 13129K, committed 13184K, reserved 1048576K
GC Heap History (20 events):
Event: 14.921 GC heap before
{Heap before GC invocations=18 (full 0):
 garbage-first heap   total 131072K, used 108105K [0x0000000080000000, 0x0000000100000000)
  region size 1024K, 50 young (51200K), 5 survivors (5120K)
 Metaspace       used 80778K, capacity 82693K, committed 82944K, reserved 1120256K
  class space    used 10476K, capacity 11193K, committed 11264K, reserved 1048576K
}
Event: 14.931 GC heap after
{Heap after GC invocations=19 (full 0):
 garbage-first heap   total 131072K, used 65163K [0x0000000080000000, 0x0000000100000000)
  region size 1024K, 6 young (6144K), 6 survivors (6144K)
 Metaspace       used 80778K, capacity 82693K, committed 82944K, reserved 1120256K
  class space    used 10476K, capacity 11193K, committed 11264K, reserved 1048576K
}
Event: 15.528 GC heap before
{Heap before GC invocations=19 (full 0):
 garbage-first heap   total 131072K, used 106123K [0x0000000080000000, 0x0000000100000000)
  region size 1024K, 47 young (48128K), 6 survivors (6144K)
 Metaspace       used 82235K, capacity 84336K, committed 84608K, reserved 1122304K
  class space    used 10707K, capacity 11539K, committed 11648K, reserved 1048576K
}
Event: 15.541 GC heap after
{Heap after GC invocations=20 (full 0):
 garbage-first heap   total 131072K, used 68308K [0x0000000080000000, 0x0000000100000000)
  region size 1024K, 4 young (4096K), 4 survivors (4096K)
 Metaspace       used 82235K, capacity 84336K, committed 84608K, reserved 1122304K
  class space    used 10707K, capacity 11539K, committed 11648K, reserved 1048576K
}
Event: 16.006 GC heap before
{Heap before GC invocations=21 (full 0):
 garbage-first heap   total 131072K, used 107220K [0x0000000080000000, 0x0000000100000000)
  region size 1024K, 43 young (44032K), 4 survivors (4096K)
 Metaspace       used 82626K, capacity 84824K, committed 85120K, reserved 1122304K
  class space    used 10727K, capacity 11558K, committed 11648K, reserved 1048576K
}
Event: 16.013 GC heap after
{Heap after GC invocations=22 (full 0):
 garbage-first heap   total 131072K, used 70640K [0x0000000080000000, 0x0000000100000000)
  region size 1024K, 6 young (6144K), 6 survivors (6144K)
 Metaspace       used 82626K, capacity 84824K, committed 85120K, reserved 1122304K
  class space    used 10727K, capacity 11558K, committed 11648K, reserved 1048576K
}
Event: 16.415 GC heap before
{Heap before GC invocations=22 (full 0):
 garbage-first heap   total 131072K, used 107504K [0x0000000080000000, 0x0000000100000000)
  region size 1024K, 43 young (44032K), 6 survivors (6144K)
 Metaspace       used 84193K, capacity 86321K, committed 86528K, reserved 1124352K
  class space    used 10922K, capacity 11762K, committed 11776K, reserved 1048576K
}
Event: 16.423 GC heap after
{Heap after GC invocations=23 (full 0):
 garbage-first heap   total 131072K, used 72524K [0x0000000080000000, 0x0000000100000000)
  region size 1024K, 5 young (5120K), 5 survivors (5120K)
 Metaspace       used 84193K, capacity 86321K, committed 86528K, reserved 1124352K
  class space    used 10922K, capacity 11762K, committed 11776K, reserved 1048576K
}
Event: 16.760 GC heap before
{Heap before GC invocations=24 (full 0):
 garbage-first heap   total 131072K, used 109388K [0x0000000080000000, 0x0000000100000000)
  region size 1024K, 41 young (41984K), 5 survivors (5120K)
 Metaspace       used 86786K, capacity 88904K, committed 89216K, reserved 1126400K
  class space    used 11239K, capacity 12068K, committed 12160K, reserved 1048576K
}
Event: 16.769 GC heap after
{Heap after GC invocations=25 (full 0):
 garbage-first heap   total 157696K, used 73665K [0x0000000080000000, 0x0000000100000000)
  region size 1024K, 4 young (4096K), 4 survivors (4096K)
 Metaspace       used 86786K, capacity 88904K, committed 89216K, reserved 1126400K
  class space    used 11239K, capacity 12068K, committed 12160K, reserved 1048576K
}
Event: 26.120 GC heap before
{Heap before GC invocations=25 (full 0):
 garbage-first heap   total 157696K, used 125889K [0x0000000080000000, 0x0000000100000000)
  region size 1024K, 55 young (56320K), 4 survivors (4096K)
 Metaspace       used 91090K, capacity 93515K, committed 93696K, reserved 1130496K
  class space    used 11858K, capacity 12748K, committed 12800K, reserved 1048576K
}
Event: 26.128 GC heap after
{Heap after GC invocations=26 (full 0):
 garbage-first heap   total 157696K, used 77408K [0x0000000080000000, 0x0000000100000000)
  region size 1024K, 7 young (7168K), 7 survivors (7168K)
 Metaspace       used 91090K, capacity 93515K, committed 93696K, reserved 1130496K
  class space    used 11858K, capacity 12748K, committed 12800K, reserved 1048576K
}
Event: 59.174 GC heap before
{Heap before GC invocations=26 (full 0):
 garbage-first heap   total 157696K, used 126560K [0x0000000080000000, 0x0000000100000000)
  region size 1024K, 56 young (57344K), 7 survivors (7168K)
 Metaspace       used 95137K, capacity 97734K, committed 97920K, reserved 1134592K
  class space    used 12195K, capacity 13142K, committed 13184K, reserved 1048576K
}
Event: 59.188 GC heap after
{Heap after GC invocations=27 (full 0):
 garbage-first heap   total 157696K, used 80759K [0x0000000080000000, 0x0000000100000000)
  region size 1024K, 5 young (5120K), 5 survivors (5120K)
 Metaspace       used 95137K, capacity 97734K, committed 97920K, reserved 1134592K
  class space    used 12195K, capacity 13142K, committed 13184K, reserved 1048576K
}
Event: 126.490 GC heap before
{Heap before GC invocations=27 (full 0):
 garbage-first heap   total 157696K, used 126839K [0x0000000080000000, 0x0000000100000000)
  region size 1024K, 51 young (52224K), 5 survivors (5120K)
 Metaspace       used 95861K, capacity 98422K, committed 98688K, reserved 1134592K
  class space    used 12214K, capacity 13171K, committed 13184K, reserved 1048576K
}
Event: 126.498 GC heap after
{Heap after GC invocations=28 (full 0):
 garbage-first heap   total 157696K, used 79635K [0x0000000080000000, 0x0000000100000000)
  region size 1024K, 2 young (2048K), 2 survivors (2048K)
 Metaspace       used 95861K, capacity 98422K, committed 98688K, reserved 1134592K
  class space    used 12214K, capacity 13171K, committed 13184K, reserved 1048576K
}
Event: 189.300 GC heap before
{Heap before GC invocations=29 (full 0):
 garbage-first heap   total 157696K, used 128787K [0x0000000080000000, 0x0000000100000000)
  region size 1024K, 51 young (52224K), 2 survivors (2048K)
 Metaspace       used 96290K, capacity 98843K, committed 99200K, reserved 1134592K
  class space    used 12175K, capacity 13099K, committed 13184K, reserved 1048576K
}
Event: 189.306 GC heap after
{Heap after GC invocations=30 (full 0):
 garbage-first heap   total 157696K, used 79314K [0x0000000080000000, 0x0000000100000000)
  region size 1024K, 2 young (2048K), 2 survivors (2048K)
 Metaspace       used 96290K, capacity 98843K, committed 99200K, reserved 1134592K
  class space    used 12175K, capacity 13099K, committed 13184K, reserved 1048576K
}
Event: 278.226 GC heap before
{Heap before GC invocations=30 (full 0):
 garbage-first heap   total 157696K, used 129490K [0x0000000080000000, 0x0000000100000000)
  region size 1024K, 52 young (53248K), 2 survivors (2048K)
 Metaspace       used 96778K, capacity 99311K, committed 99456K, reserved 1136640K
  class space    used 12193K, capacity 13128K, committed 13184K, reserved 1048576K
}
Event: 278.232 GC heap after
{Heap after GC invocations=31 (full 0):
 garbage-first heap   total 157696K, used 79141K [0x0000000080000000, 0x0000000100000000)
  region size 1024K, 2 young (2048K), 2 survivors (2048K)
 Metaspace       used 96778K, capacity 99311K, committed 99456K, reserved 1136640K
  class space    used 12193K, capacity 13128K, committed 13184K, reserved 1048576K
}

