# JRE version: OpenJDK Runtime Environment (11.0.8+10) (build 11.0.8+10-b944.6842174)
# Java VM: OpenJDK 64-Bit Server VM (11.0.8+10-b944.6842174, mixed mode, tiered, compressed oops, g1 gc, windows-amd64)
Heap:
 garbage-first heap   total 131072K, used 68542K [0x0000000080000000, 0x0000000100000000)
  region size 1024K, 53 young (54272K), 3 survivors (3072K)
 Metaspace       used 32496K, capacity 33289K, committed 33536K, reserved 1079296K
  class space    used 4234K, capacity 4544K, committed 4608K, reserved 1048576K
GC Heap History (10 events):
Event: 1.216 GC heap before
{Heap before GC invocations=0 (full 0):
 garbage-first heap   total 131072K, used 29696K [0x0000000080000000, 0x0000000100000000)
  region size 1024K, 24 young (24576K), 0 survivors (0K)
 Metaspace       used 10173K, capacity 10379K, committed 10624K, reserved 1058816K
  class space    used 1064K, capacity 1141K, committed 1152K, reserved 1048576K
}
Event: 1.225 GC heap after
{Heap after GC invocations=1 (full 0):
 garbage-first heap   total 131072K, used 9205K [0x0000000080000000, 0x0000000100000000)
  region size 1024K, 3 young (3072K), 3 survivors (3072K)
 Metaspace       used 10173K, capacity 10379K, committed 10624K, reserved 1058816K
  class space    used 1064K, capacity 1141K, committed 1152K, reserved 1048576K
}
Event: 1.736 GC heap before
{Heap before GC invocations=1 (full 0):
 garbage-first heap   total 131072K, used 30709K [0x0000000080000000, 0x0000000100000000)
  region size 1024K, 24 young (24576K), 3 survivors (3072K)
 Metaspace       used 11131K, capacity 11396K, committed 11520K, reserved 1058816K
  class space    used 1166K, capacity 1245K, committed 1280K, reserved 1048576K
}
Event: 1.740 GC heap after
{Heap after GC invocations=2 (full 0):
 garbage-first heap   total 131072K, used 9687K [0x0000000080000000, 0x0000000100000000)
  region size 1024K, 1 young (1024K), 1 survivors (1024K)
 Metaspace       used 11131K, capacity 11396K, committed 11520K, reserved 1058816K
  class space    used 1166K, capacity 1245K, committed 1280K, reserved 1048576K
}
Event: 4.207 GC heap before
{Heap before GC invocations=2 (full 0):
 garbage-first heap   total 131072K, used 61911K [0x0000000080000000, 0x0000000100000000)
  region size 1024K, 52 young (53248K), 1 survivors (1024K)
 Metaspace       used 17689K, capacity 18108K, committed 18176K, reserved 1064960K
  class space    used 2081K, capacity 2238K, committed 2304K, reserved 1048576K
}
Event: 4.212 GC heap after
{Heap after GC invocations=3 (full 0):
 garbage-first heap   total 131072K, used 16020K [0x0000000080000000, 0x0000000100000000)
  region size 1024K, 7 young (7168K), 7 survivors (7168K)
 Metaspace       used 17689K, capacity 18108K, committed 18176K, reserved 1064960K
  class space    used 2081K, capacity 2238K, committed 2304K, reserved 1048576K
}
Event: 4.607 GC heap before
{Heap before GC invocations=3 (full 0):
 garbage-first heap   total 131072K, used 40596K [0x0000000080000000, 0x0000000100000000)
  region size 1024K, 32 young (32768K), 7 survivors (7168K)
 Metaspace       used 20662K, capacity 21140K, committed 21248K, reserved 1067008K
  class space    used 2523K, capacity 2722K, committed 2816K, reserved 1048576K
}
Event: 4.622 GC heap after
{Heap after GC invocations=4 (full 0):
 garbage-first heap   total 131072K, used 16655K [0x0000000080000000, 0x0000000100000000)
  region size 1024K, 1 young (1024K), 1 survivors (1024K)
 Metaspace       used 20662K, capacity 21140K, committed 21248K, reserved 1067008K
  class space    used 2523K, capacity 2722K, committed 2816K, reserved 1048576K
}
Event: 5.246 GC heap before
{Heap before GC invocations=5 (full 0):
 garbage-first heap   total 131072K, used 68879K [0x0000000080000000, 0x0000000100000000)
  region size 1024K, 53 young (54272K), 1 survivors (1024K)
 Metaspace       used 25930K, capacity 26571K, committed 26752K, reserved 1073152K
  class space    used 3389K, capacity 3601K, committed 3712K, reserved 1048576K
}
Event: 5.250 GC heap after
{Heap after GC invocations=6 (full 0):
 garbage-first heap   total 131072K, used 18366K [0x0000000080000000, 0x0000000100000000)
  region size 1024K, 3 young (3072K), 3 survivors (3072K)
 Metaspace       used 25930K, capacity 26571K, committed 26752K, reserved 1073152K
  class space    used 3389K, capacity 3601K, committed 3712K, reserved 1048576K
}

