# JRE version: OpenJDK Runtime Environment (11.0.8+10) (build 11.0.8+10-b944.6842174)
# Java VM: OpenJDK 64-Bit Server VM (11.0.8+10-b944.6842174, mixed mode, tiered, compressed oops, g1 gc, windows-amd64)
Heap:
 garbage-first heap   total 189440K, used 148509K [0x0000000080000000, 0x0000000100000000)
  region size 1024K, 60 young (61440K), 1 survivors (1024K)
 Metaspace       used 116950K, capacity 120145K, committed 120448K, reserved 1153024K
  class space    used 14739K, capacity 15975K, committed 16256K, reserved 1048576K
GC Heap History (20 events):
Event: 40.101 GC heap before
{Heap before GC invocations=37 (full 0):
 garbage-first heap   total 189440K, used 105972K [0x0000000080000000, 0x0000000100000000)
  region size 1024K, 9 young (9216K), 7 survivors (7168K)
 Metaspace       used 103882K, capacity 106702K, committed 106880K, reserved 1142784K
  class space    used 13389K, capacity 14454K, committed 14464K, reserved 1048576K
}
Event: 40.110 GC heap after
{Heap after GC invocations=38 (full 0):
 garbage-first heap   total 189440K, used 103701K [0x0000000080000000, 0x0000000100000000)
  region size 1024K, 2 young (2048K), 2 survivors (2048K)
 Metaspace       used 103882K, capacity 106702K, committed 106880K, reserved 1142784K
  class space    used 13389K, capacity 14454K, committed 14464K, reserved 1048576K
}
Event: 40.488 GC heap before
{Heap before GC invocations=38 (full 0):
 garbage-first heap   total 189440K, used 147733K [0x0000000080000000, 0x0000000100000000)
  region size 1024K, 46 young (47104K), 2 survivors (2048K)
 Metaspace       used 108804K, capacity 112048K, committed 112384K, reserved 1146880K
  class space    used 14213K, capacity 15491K, committed 15616K, reserved 1048576K
}
Event: 40.498 GC heap after
{Heap after GC invocations=39 (full 0):
 garbage-first heap   total 189440K, used 109305K [0x0000000080000000, 0x0000000100000000)
  region size 1024K, 6 young (6144K), 6 survivors (6144K)
 Metaspace       used 108804K, capacity 112048K, committed 112384K, reserved 1146880K
  class space    used 14213K, capacity 15491K, committed 15616K, reserved 1048576K
}
Event: 40.928 GC heap before
{Heap before GC invocations=40 (full 0):
 garbage-first heap   total 189440K, used 152313K [0x0000000080000000, 0x0000000100000000)
  region size 1024K, 48 young (49152K), 6 survivors (6144K)
 Metaspace       used 109016K, capacity 112069K, committed 112896K, reserved 1146880K
  class space    used 14142K, capacity 15322K, committed 15616K, reserved 1048576K
}
Event: 40.936 GC heap after
{Heap after GC invocations=41 (full 0):
 garbage-first heap   total 189440K, used 113136K [0x0000000080000000, 0x0000000100000000)
  region size 1024K, 6 young (6144K), 6 survivors (6144K)
 Metaspace       used 109016K, capacity 112069K, committed 112896K, reserved 1146880K
  class space    used 14142K, capacity 15322K, committed 15616K, reserved 1048576K
}
Event: 41.028 GC heap before
{Heap before GC invocations=41 (full 0):
 garbage-first heap   total 189440K, used 117232K [0x0000000080000000, 0x0000000100000000)
  region size 1024K, 9 young (9216K), 6 survivors (6144K)
 Metaspace       used 109155K, capacity 112232K, committed 112896K, reserved 1146880K
  class space    used 14157K, capacity 15367K, committed 15616K, reserved 1048576K
}
Event: 41.033 GC heap after
{Heap after GC invocations=42 (full 0):
 garbage-first heap   total 189440K, used 106258K [0x0000000080000000, 0x0000000100000000)
  region size 1024K, 1 young (1024K), 1 survivors (1024K)
 Metaspace       used 109155K, capacity 112232K, committed 112896K, reserved 1146880K
  class space    used 14157K, capacity 15367K, committed 15616K, reserved 1048576K
}
Event: 41.286 GC heap before
{Heap before GC invocations=42 (full 0):
 garbage-first heap   total 189440K, used 131858K [0x0000000080000000, 0x0000000100000000)
  region size 1024K, 28 young (28672K), 1 survivors (1024K)
 Metaspace       used 110296K, capacity 113435K, committed 113792K, reserved 1146880K
  class space    used 14339K, capacity 15559K, committed 15744K, reserved 1048576K
}
Event: 41.302 GC heap after
{Heap after GC invocations=43 (full 0):
 garbage-first heap   total 189440K, used 112260K [0x0000000080000000, 0x0000000100000000)
  region size 1024K, 6 young (6144K), 6 survivors (6144K)
 Metaspace       used 110296K, capacity 113435K, committed 113792K, reserved 1146880K
  class space    used 14339K, capacity 15559K, committed 15744K, reserved 1048576K
}
Event: 42.097 GC heap before
{Heap before GC invocations=44 (full 0):
 garbage-first heap   total 189440K, used 162436K [0x0000000080000000, 0x0000000100000000)
  region size 1024K, 45 young (46080K), 6 survivors (6144K)
 Metaspace       used 114185K, capacity 117199K, committed 118016K, reserved 1150976K
  class space    used 14649K, capacity 15804K, committed 16128K, reserved 1048576K
}
Event: 42.102 GC heap after
{Heap after GC invocations=45 (full 0):
 garbage-first heap   total 189440K, used 108801K [0x0000000080000000, 0x0000000100000000)
  region size 1024K, 2 young (2048K), 2 survivors (2048K)
 Metaspace       used 114185K, capacity 117199K, committed 118016K, reserved 1150976K
  class space    used 14649K, capacity 15804K, committed 16128K, reserved 1048576K
}
Event: 111.749 GC heap before
{Heap before GC invocations=45 (full 0):
 garbage-first heap   total 189440K, used 115969K [0x0000000080000000, 0x0000000100000000)
  region size 1024K, 9 young (9216K), 2 survivors (2048K)
 Metaspace       used 114846K, capacity 117866K, committed 118656K, reserved 1150976K
  class space    used 14688K, capacity 15846K, committed 16256K, reserved 1048576K
}
Event: 111.759 GC heap after
{Heap after GC invocations=46 (full 0):
 garbage-first heap   total 189440K, used 100122K [0x0000000080000000, 0x0000000100000000)
  region size 1024K, 2 young (2048K), 2 survivors (2048K)
 Metaspace       used 114846K, capacity 117866K, committed 118656K, reserved 1150976K
  class space    used 14688K, capacity 15846K, committed 16256K, reserved 1048576K
}
Event: 115.660 GC heap before
{Heap before GC invocations=46 (full 0):
 garbage-first heap   total 189440K, used 149274K [0x0000000080000000, 0x0000000100000000)
  region size 1024K, 51 young (52224K), 2 survivors (2048K)
 Metaspace       used 115590K, capacity 118678K, committed 119424K, reserved 1153024K
  class space    used 14696K, capacity 15859K, committed 16256K, reserved 1048576K
}
Event: 115.677 GC heap after
{Heap after GC invocations=47 (full 0):
 garbage-first heap   total 189440K, used 104687K [0x0000000080000000, 0x0000000100000000)
  region size 1024K, 6 young (6144K), 6 survivors (6144K)
 Metaspace       used 115590K, capacity 118678K, committed 119424K, reserved 1153024K
  class space    used 14696K, capacity 15859K, committed 16256K, reserved 1048576K
}
Event: 296.192 GC heap before
{Heap before GC invocations=48 (full 0):
 garbage-first heap   total 189440K, used 162031K [0x0000000080000000, 0x0000000100000000)
  region size 1024K, 53 young (54272K), 6 survivors (6144K)
 Metaspace       used 116404K, capacity 119590K, committed 120192K, reserved 1153024K
  class space    used 14721K, capacity 15913K, committed 16256K, reserved 1048576K
}
Event: 296.196 GC heap after
{Heap after GC invocations=49 (full 0):
 garbage-first heap   total 189440K, used 101622K [0x0000000080000000, 0x0000000100000000)
  region size 1024K, 2 young (2048K), 2 survivors (2048K)
 Metaspace       used 116404K, capacity 119590K, committed 120192K, reserved 1153024K
  class space    used 14721K, capacity 15913K, committed 16256K, reserved 1048576K
}
Event: 296.250 GC heap before
{Heap before GC invocations=49 (full 0):
 garbage-first heap   total 189440K, used 107766K [0x0000000080000000, 0x0000000100000000)
  region size 1024K, 9 young (9216K), 2 survivors (2048K)
 Metaspace       used 116433K, capacity 119607K, committed 120192K, reserved 1153024K
  class space    used 14723K, capacity 15916K, committed 16256K, reserved 1048576K
}
Event: 296.261 GC heap after
{Heap after GC invocations=50 (full 0):
 garbage-first heap   total 189440K, used 90141K [0x0000000080000000, 0x0000000100000000)
  region size 1024K, 1 young (1024K), 1 survivors (1024K)
 Metaspace       used 116433K, capacity 119607K, committed 120192K, reserved 1153024K
  class space    used 14723K, capacity 15916K, committed 16256K, reserved 1048576K
}

