# JRE version: OpenJDK Runtime Environment (11.0.8+10) (build 11.0.8+10-b944.6842174)
# Java VM: OpenJDK 64-Bit Server VM (11.0.8+10-b944.6842174, mixed mode, tiered, compressed oops, g1 gc, windows-amd64)
Heap:
 garbage-first heap   total 189440K, used 85128K [0x0000000080000000, 0x0000000100000000)
  region size 1024K, 14 young (14336K), 9 survivors (9216K)
 Metaspace       used 99735K, capacity 102656K, committed 102784K, reserved 1138688K
  class space    used 13263K, capacity 14382K, committed 14464K, reserved 1048576K
GC Heap History (20 events):
Event: 8.407 GC heap before
{Heap before GC invocations=9 (full 0):
 garbage-first heap   total 131072K, used 99854K [0x0000000080000000, 0x0000000100000000)
  region size 1024K, 66 young (67584K), 3 survivors (3072K)
 Metaspace       used 48645K, capacity 50026K, committed 50304K, reserved 1093632K
  class space    used 6222K, capacity 6724K, committed 6784K, reserved 1048576K
}
Event: 8.416 GC heap after
{Heap after GC invocations=10 (full 0):
 garbage-first heap   total 157696K, used 45661K [0x0000000080000000, 0x0000000100000000)
  region size 1024K, 9 young (9216K), 9 survivors (9216K)
 Metaspace       used 48645K, capacity 50026K, committed 50304K, reserved 1093632K
  class space    used 6222K, capacity 6724K, committed 6784K, reserved 1048576K
}
Event: 9.525 GC heap before
{Heap before GC invocations=10 (full 0):
 garbage-first heap   total 157696K, used 110173K [0x0000000080000000, 0x0000000100000000)
  region size 1024K, 73 young (74752K), 9 survivors (9216K)
 Metaspace       used 58560K, capacity 60065K, committed 60160K, reserved 1101824K
  class space    used 7425K, capacity 7999K, committed 8064K, reserved 1048576K
}
Event: 9.540 GC heap after
{Heap after GC invocations=11 (full 0):
 garbage-first heap   total 157696K, used 49437K [0x0000000080000000, 0x0000000100000000)
  region size 1024K, 4 young (4096K), 4 survivors (4096K)
 Metaspace       used 58560K, capacity 60065K, committed 60160K, reserved 1101824K
  class space    used 7425K, capacity 7999K, committed 8064K, reserved 1048576K
}
Event: 10.447 GC heap before
{Heap before GC invocations=12 (full 0):
 garbage-first heap   total 157696K, used 115997K [0x0000000080000000, 0x0000000100000000)
  region size 1024K, 69 young (70656K), 4 survivors (4096K)
 Metaspace       used 64513K, capacity 66088K, committed 66176K, reserved 1105920K
  class space    used 8160K, capacity 8753K, committed 8832K, reserved 1048576K
}
Event: 10.458 GC heap after
{Heap after GC invocations=13 (full 0):
 garbage-first heap   total 157696K, used 53467K [0x0000000080000000, 0x0000000100000000)
  region size 1024K, 8 young (8192K), 8 survivors (8192K)
 Metaspace       used 64513K, capacity 66088K, committed 66176K, reserved 1105920K
  class space    used 8160K, capacity 8753K, committed 8832K, reserved 1048576K
}
Event: 11.269 GC heap before
{Heap before GC invocations=14 (full 0):
 garbage-first heap   total 157696K, used 119003K [0x0000000080000000, 0x0000000100000000)
  region size 1024K, 72 young (73728K), 8 survivors (8192K)
 Metaspace       used 69125K, capacity 70848K, committed 71040K, reserved 1110016K
  class space    used 8913K, capacity 9571K, committed 9600K, reserved 1048576K
}
Event: 11.281 GC heap after
{Heap after GC invocations=15 (full 0):
 garbage-first heap   total 157696K, used 58345K [0x0000000080000000, 0x0000000100000000)
  region size 1024K, 5 young (5120K), 5 survivors (5120K)
 Metaspace       used 69125K, capacity 70848K, committed 71040K, reserved 1110016K
  class space    used 8913K, capacity 9571K, committed 9600K, reserved 1048576K
}
Event: 12.264 GC heap before
{Heap before GC invocations=15 (full 0):
 garbage-first heap   total 157696K, used 122857K [0x0000000080000000, 0x0000000100000000)
  region size 1024K, 68 young (69632K), 5 survivors (5120K)
 Metaspace       used 76474K, capacity 78280K, committed 78464K, reserved 1118208K
  class space    used 9918K, capacity 10601K, committed 10624K, reserved 1048576K
}
Event: 12.273 GC heap after
{Heap after GC invocations=16 (full 0):
 garbage-first heap   total 157696K, used 62227K [0x0000000080000000, 0x0000000100000000)
  region size 1024K, 4 young (4096K), 4 survivors (4096K)
 Metaspace       used 76474K, capacity 78280K, committed 78464K, reserved 1118208K
  class space    used 9918K, capacity 10601K, committed 10624K, reserved 1048576K
}
Event: 13.300 GC heap before
{Heap before GC invocations=16 (full 0):
 garbage-first heap   total 157696K, used 124691K [0x0000000080000000, 0x0000000100000000)
  region size 1024K, 66 young (67584K), 4 survivors (4096K)
 Metaspace       used 81934K, capacity 84051K, committed 84224K, reserved 1122304K
  class space    used 10684K, capacity 11487K, committed 11520K, reserved 1048576K
}
Event: 13.312 GC heap after
{Heap after GC invocations=17 (full 0):
 garbage-first heap   total 157696K, used 66100K [0x0000000080000000, 0x0000000100000000)
  region size 1024K, 8 young (8192K), 8 survivors (8192K)
 Metaspace       used 81934K, capacity 84051K, committed 84224K, reserved 1122304K
  class space    used 10684K, capacity 11487K, committed 11520K, reserved 1048576K
}
Event: 13.954 GC heap before
{Heap before GC invocations=17 (full 0):
 garbage-first heap   total 157696K, used 125492K [0x0000000080000000, 0x0000000100000000)
  region size 1024K, 67 young (68608K), 8 survivors (8192K)
 Metaspace       used 82671K, capacity 84892K, committed 85120K, reserved 1122304K
  class space    used 10741K, capacity 11583K, committed 11648K, reserved 1048576K
}
Event: 13.968 GC heap after
{Heap after GC invocations=18 (full 0):
 garbage-first heap   total 157696K, used 70650K [0x0000000080000000, 0x0000000100000000)
  region size 1024K, 9 young (9216K), 9 survivors (9216K)
 Metaspace       used 82671K, capacity 84892K, committed 85120K, reserved 1122304K
  class space    used 10741K, capacity 11583K, committed 11648K, reserved 1048576K
}
Event: 14.547 GC heap before
{Heap before GC invocations=18 (full 0):
 garbage-first heap   total 157696K, used 126970K [0x0000000080000000, 0x0000000100000000)
  region size 1024K, 65 young (66560K), 9 survivors (9216K)
 Metaspace       used 85552K, capacity 87798K, committed 88064K, reserved 1126400K
  class space    used 11109K, capacity 11980K, committed 12032K, reserved 1048576K
}
Event: 14.558 GC heap after
{Heap after GC invocations=19 (full 0):
 garbage-first heap   total 189440K, used 73092K [0x0000000080000000, 0x0000000100000000)
  region size 1024K, 7 young (7168K), 7 survivors (7168K)
 Metaspace       used 85552K, capacity 87798K, committed 88064K, reserved 1126400K
  class space    used 11109K, capacity 11980K, committed 12032K, reserved 1048576K
}
Event: 15.405 GC heap before
{Heap before GC invocations=19 (full 0):
 garbage-first heap   total 189440K, used 144772K [0x0000000080000000, 0x0000000100000000)
  region size 1024K, 78 young (79872K), 7 survivors (7168K)
 Metaspace       used 88874K, capacity 91134K, committed 91264K, reserved 1128448K
  class space    used 11498K, capacity 12357K, committed 12416K, reserved 1048576K
}
Event: 15.417 GC heap after
{Heap after GC invocations=20 (full 0):
 garbage-first heap   total 189440K, used 77612K [0x0000000080000000, 0x0000000100000000)
  region size 1024K, 7 young (7168K), 7 survivors (7168K)
 Metaspace       used 88874K, capacity 91134K, committed 91264K, reserved 1128448K
  class space    used 11498K, capacity 12357K, committed 12416K, reserved 1048576K
}
Event: 16.473 GC heap before
{Heap before GC invocations=20 (full 0):
 garbage-first heap   total 189440K, used 148268K [0x0000000080000000, 0x0000000100000000)
  region size 1024K, 77 young (78848K), 7 survivors (7168K)
 Metaspace       used 99050K, capacity 101950K, committed 102144K, reserved 1136640K
  class space    used 13090K, capacity 14210K, committed 14336K, reserved 1048576K
}
Event: 16.489 GC heap after
{Heap after GC invocations=21 (full 0):
 garbage-first heap   total 189440K, used 81032K [0x0000000080000000, 0x0000000100000000)
  region size 1024K, 9 young (9216K), 9 survivors (9216K)
 Metaspace       used 99050K, capacity 101950K, committed 102144K, reserved 1136640K
  class space    used 13090K, capacity 14210K, committed 14336K, reserved 1048576K
}

