# JRE version: OpenJDK Runtime Environment (11.0.8+10) (build 11.0.8+10-b944.6842174)
# Java VM: OpenJDK 64-Bit Server VM (11.0.8+10-b944.6842174, mixed mode, tiered, compressed oops, g1 gc, windows-amd64)
Heap:
 garbage-first heap   total 157696K, used 108074K [0x0000000080000000, 0x0000000100000000)
  region size 1024K, 59 young (60416K), 9 survivors (9216K)
 Metaspace       used 74391K, capacity 76076K, committed 76416K, reserved 1116160K
  class space    used 9592K, capacity 10260K, committed 10368K, reserved 1048576K
GC Heap History (20 events):
Event: 3.084 GC heap before
{Heap before GC invocations=1 (full 0):
 garbage-first heap   total 131072K, used 84202K [0x0000000080000000, 0x0000000100000000)
  region size 1024K, 76 young (77824K), 3 survivors (3072K)
 Metaspace       used 17680K, capacity 18108K, committed 18176K, reserved 1064960K
  class space    used 2086K, capacity 2238K, committed 2304K, reserved 1048576K
}
Event: 3.094 GC heap after
{Heap after GC invocations=2 (full 0):
 garbage-first heap   total 131072K, used 15945K [0x0000000080000000, 0x0000000100000000)
  region size 1024K, 10 young (10240K), 10 survivors (10240K)
 Metaspace       used 17680K, capacity 18108K, committed 18176K, reserved 1064960K
  class space    used 2086K, capacity 2238K, committed 2304K, reserved 1048576K
}
Event: 3.527 GC heap before
{Heap before GC invocations=2 (full 0):
 garbage-first heap   total 131072K, used 39497K [0x0000000080000000, 0x0000000100000000)
  region size 1024K, 34 young (34816K), 10 survivors (10240K)
 Metaspace       used 20636K, capacity 21140K, committed 21248K, reserved 1067008K
  class space    used 2524K, capacity 2722K, committed 2816K, reserved 1048576K
}
Event: 3.536 GC heap after
{Heap after GC invocations=3 (full 0):
 garbage-first heap   total 131072K, used 17304K [0x0000000080000000, 0x0000000100000000)
  region size 1024K, 1 young (1024K), 1 survivors (1024K)
 Metaspace       used 20636K, capacity 21140K, committed 21248K, reserved 1067008K
  class space    used 2524K, capacity 2722K, committed 2816K, reserved 1048576K
}
Event: 4.240 GC heap before
{Heap before GC invocations=4 (full 0):
 garbage-first heap   total 131072K, used 79768K [0x0000000080000000, 0x0000000100000000)
  region size 1024K, 62 young (63488K), 1 survivors (1024K)
 Metaspace       used 26520K, capacity 27152K, committed 27392K, reserved 1073152K
  class space    used 3495K, capacity 3755K, committed 3840K, reserved 1048576K
}
Event: 4.244 GC heap after
{Heap after GC invocations=5 (full 0):
 garbage-first heap   total 131072K, used 19138K [0x0000000080000000, 0x0000000100000000)
  region size 1024K, 3 young (3072K), 3 survivors (3072K)
 Metaspace       used 26520K, capacity 27152K, committed 27392K, reserved 1073152K
  class space    used 3495K, capacity 3755K, committed 3840K, reserved 1048576K
}
Event: 5.304 GC heap before
{Heap before GC invocations=5 (full 0):
 garbage-first heap   total 131072K, used 67266K [0x0000000080000000, 0x0000000100000000)
  region size 1024K, 51 young (52224K), 3 survivors (3072K)
 Metaspace       used 34935K, capacity 35750K, committed 35840K, reserved 1081344K
  class space    used 4532K, capacity 4832K, committed 4864K, reserved 1048576K
}
Event: 5.315 GC heap after
{Heap after GC invocations=6 (full 0):
 garbage-first heap   total 131072K, used 23001K [0x0000000080000000, 0x0000000100000000)
  region size 1024K, 7 young (7168K), 7 survivors (7168K)
 Metaspace       used 34935K, capacity 35750K, committed 35840K, reserved 1081344K
  class space    used 4532K, capacity 4832K, committed 4864K, reserved 1048576K
}
Event: 6.024 GC heap before
{Heap before GC invocations=7 (full 0):
 garbage-first heap   total 131072K, used 88537K [0x0000000080000000, 0x0000000100000000)
  region size 1024K, 68 young (69632K), 7 survivors (7168K)
 Metaspace       used 39509K, capacity 40446K, committed 40576K, reserved 1085440K
  class space    used 5052K, capacity 5390K, committed 5504K, reserved 1048576K
}
Event: 6.034 GC heap after
{Heap after GC invocations=8 (full 0):
 garbage-first heap   total 131072K, used 27715K [0x0000000080000000, 0x0000000100000000)
  region size 1024K, 9 young (9216K), 9 survivors (9216K)
 Metaspace       used 39509K, capacity 40446K, committed 40576K, reserved 1085440K
  class space    used 5052K, capacity 5390K, committed 5504K, reserved 1048576K
}
Event: 6.707 GC heap before
{Heap before GC invocations=8 (full 0):
 garbage-first heap   total 131072K, used 90179K [0x0000000080000000, 0x0000000100000000)
  region size 1024K, 70 young (71680K), 9 survivors (9216K)
 Metaspace       used 44927K, capacity 46046K, committed 46208K, reserved 1089536K
  class space    used 5781K, capacity 6187K, committed 6272K, reserved 1048576K
}
Event: 6.722 GC heap after
{Heap after GC invocations=9 (full 0):
 garbage-first heap   total 157696K, used 30080K [0x0000000080000000, 0x0000000100000000)
  region size 1024K, 4 young (4096K), 4 survivors (4096K)
 Metaspace       used 44927K, capacity 46046K, committed 46208K, reserved 1089536K
  class space    used 5781K, capacity 6187K, committed 6272K, reserved 1048576K
}
Event: 7.982 GC heap before
{Heap before GC invocations=9 (full 0):
 garbage-first heap   total 157696K, used 113024K [0x0000000080000000, 0x0000000100000000)
  region size 1024K, 79 young (80896K), 4 survivors (4096K)
 Metaspace       used 50882K, capacity 52274K, committed 52352K, reserved 1095680K
  class space    used 6462K, capacity 6965K, committed 7040K, reserved 1048576K
}
Event: 7.989 GC heap after
{Heap after GC invocations=10 (full 0):
 garbage-first heap   total 157696K, used 46001K [0x0000000080000000, 0x0000000100000000)
  region size 1024K, 10 young (10240K), 10 survivors (10240K)
 Metaspace       used 50882K, capacity 52274K, committed 52352K, reserved 1095680K
  class space    used 6462K, capacity 6965K, committed 7040K, reserved 1048576K
}
Event: 8.996 GC heap before
{Heap before GC invocations=10 (full 0):
 garbage-first heap   total 157696K, used 98225K [0x0000000080000000, 0x0000000100000000)
  region size 1024K, 62 young (63488K), 10 survivors (10240K)
 Metaspace       used 58554K, capacity 60037K, committed 60160K, reserved 1101824K
  class space    used 7422K, capacity 7969K, committed 8064K, reserved 1048576K
}
Event: 9.016 GC heap after
{Heap after GC invocations=11 (full 0):
 garbage-first heap   total 157696K, used 49531K [0x0000000080000000, 0x0000000100000000)
  region size 1024K, 3 young (3072K), 3 survivors (3072K)
 Metaspace       used 58554K, capacity 60037K, committed 60160K, reserved 1101824K
  class space    used 7422K, capacity 7969K, committed 8064K, reserved 1048576K
}
Event: 9.884 GC heap before
{Heap before GC invocations=12 (full 0):
 garbage-first heap   total 157696K, used 111995K [0x0000000080000000, 0x0000000100000000)
  region size 1024K, 64 young (65536K), 3 survivors (3072K)
 Metaspace       used 64177K, capacity 65734K, committed 65920K, reserved 1105920K
  class space    used 8122K, capacity 8723K, committed 8832K, reserved 1048576K
}
Event: 9.894 GC heap after
{Heap after GC invocations=13 (full 0):
 garbage-first heap   total 157696K, used 53478K [0x0000000080000000, 0x0000000100000000)
  region size 1024K, 7 young (7168K), 7 survivors (7168K)
 Metaspace       used 64177K, capacity 65734K, committed 65920K, reserved 1105920K
  class space    used 8122K, capacity 8723K, committed 8832K, reserved 1048576K
}
Event: 10.578 GC heap before
{Heap before GC invocations=14 (full 0):
 garbage-first heap   total 157696K, used 114918K [0x0000000080000000, 0x0000000100000000)
  region size 1024K, 67 young (68608K), 7 survivors (7168K)
 Metaspace       used 68094K, capacity 69737K, committed 69888K, reserved 1110016K
  class space    used 8696K, capacity 9372K, committed 9472K, reserved 1048576K
}
Event: 10.588 GC heap after
{Heap after GC invocations=15 (full 0):
 garbage-first heap   total 157696K, used 57898K [0x0000000080000000, 0x0000000100000000)
  region size 1024K, 9 young (9216K), 9 survivors (9216K)
 Metaspace       used 68094K, capacity 69737K, committed 69888K, reserved 1110016K
  class space    used 8696K, capacity 9372K, committed 9472K, reserved 1048576K
}

