# JRE version: OpenJDK Runtime Environment (11.0.8+10) (build 11.0.8+10-b944.6842174)
# Java VM: OpenJDK 64-Bit Server VM (11.0.8+10-b944.6842174, mixed mode, tiered, compressed oops, g1 gc, windows-amd64)
Heap:
 garbage-first heap   total 189440K, used 124204K [0x0000000080000000, 0x0000000100000000)
  region size 1024K, 22 young (22528K), 2 survivors (2048K)
 Metaspace       used 109252K, capacity 112450K, committed 112640K, reserved 1146880K
  class space    used 14290K, capacity 15546K, committed 15616K, reserved 1048576K
GC Heap History (20 events):
Event: 16.588 GC heap before
{Heap before GC invocations=24 (full 0):
 garbage-first heap   total 189440K, used 125952K [0x0000000080000000, 0x0000000100000000)
  region size 1024K, 47 young (48128K), 4 survivors (4096K)
 Metaspace       used 87665K, capacity 89844K, committed 90368K, reserved 1128448K
  class space    used 11252K, capacity 12072K, committed 12288K, reserved 1048576K
}
Event: 16.595 GC heap after
{Heap after GC invocations=25 (full 0):
 garbage-first heap   total 189440K, used 84610K [0x0000000080000000, 0x0000000100000000)
  region size 1024K, 4 young (4096K), 4 survivors (4096K)
 Metaspace       used 87665K, capacity 89844K, committed 90368K, reserved 1128448K
  class space    used 11252K, capacity 12072K, committed 12288K, reserved 1048576K
}
Event: 16.624 GC heap before
{Heap before GC invocations=25 (full 0):
 garbage-first heap   total 189440K, used 89730K [0x0000000080000000, 0x0000000100000000)
  region size 1024K, 9 young (9216K), 4 survivors (4096K)
 Metaspace       used 87811K, capacity 90006K, committed 90624K, reserved 1128448K
  class space    used 11272K, capacity 12104K, committed 12288K, reserved 1048576K
}
Event: 16.630 GC heap after
{Heap after GC invocations=26 (full 0):
 garbage-first heap   total 189440K, used 82028K [0x0000000080000000, 0x0000000100000000)
  region size 1024K, 1 young (1024K), 1 survivors (1024K)
 Metaspace       used 87811K, capacity 90006K, committed 90624K, reserved 1128448K
  class space    used 11272K, capacity 12104K, committed 12288K, reserved 1048576K
}
Event: 20.501 GC heap before
{Heap before GC invocations=26 (full 0):
 garbage-first heap   total 189440K, used 130156K [0x0000000080000000, 0x0000000100000000)
  region size 1024K, 49 young (50176K), 1 survivors (1024K)
 Metaspace       used 90719K, capacity 92882K, committed 93568K, reserved 1130496K
  class space    used 11614K, capacity 12447K, committed 12672K, reserved 1048576K
}
Event: 20.509 GC heap after
{Heap after GC invocations=27 (full 0):
 garbage-first heap   total 189440K, used 87351K [0x0000000080000000, 0x0000000100000000)
  region size 1024K, 6 young (6144K), 6 survivors (6144K)
 Metaspace       used 90719K, capacity 92882K, committed 93568K, reserved 1130496K
  class space    used 11614K, capacity 12447K, committed 12672K, reserved 1048576K
}
Event: 21.145 GC heap before
{Heap before GC invocations=27 (full 0):
 garbage-first heap   total 189440K, used 135479K [0x0000000080000000, 0x0000000100000000)
  region size 1024K, 54 young (55296K), 6 survivors (6144K)
 Metaspace       used 92487K, capacity 94595K, committed 95232K, reserved 1132544K
  class space    used 11811K, capacity 12611K, committed 12800K, reserved 1048576K
}
Event: 21.153 GC heap after
{Heap after GC invocations=28 (full 0):
 garbage-first heap   total 189440K, used 87627K [0x0000000080000000, 0x0000000100000000)
  region size 1024K, 2 young (2048K), 2 survivors (2048K)
 Metaspace       used 92487K, capacity 94595K, committed 95232K, reserved 1132544K
  class space    used 11811K, capacity 12611K, committed 12800K, reserved 1048576K
}
Event: 36.900 GC heap before
{Heap before GC invocations=28 (full 0):
 garbage-first heap   total 189440K, used 137803K [0x0000000080000000, 0x0000000100000000)
  region size 1024K, 52 young (53248K), 2 survivors (2048K)
 Metaspace       used 96359K, capacity 98708K, committed 98816K, reserved 1134592K
  class space    used 12355K, capacity 13224K, committed 13312K, reserved 1048576K
}
Event: 36.906 GC heap after
{Heap after GC invocations=29 (full 0):
 garbage-first heap   total 189440K, used 90363K [0x0000000080000000, 0x0000000100000000)
  region size 1024K, 5 young (5120K), 5 survivors (5120K)
 Metaspace       used 96359K, capacity 98708K, committed 98816K, reserved 1134592K
  class space    used 12355K, capacity 13224K, committed 13312K, reserved 1048576K
}
Event: 37.484 GC heap before
{Heap before GC invocations=30 (full 0):
 garbage-first heap   total 189440K, used 142587K [0x0000000080000000, 0x0000000100000000)
  region size 1024K, 55 young (56320K), 5 survivors (5120K)
 Metaspace       used 98914K, capacity 101356K, committed 101504K, reserved 1136640K
  class space    used 12691K, capacity 13607K, committed 13696K, reserved 1048576K
}
Event: 37.496 GC heap after
{Heap after GC invocations=31 (full 0):
 garbage-first heap   total 189440K, used 95333K [0x0000000080000000, 0x0000000100000000)
  region size 1024K, 7 young (7168K), 7 survivors (7168K)
 Metaspace       used 98914K, capacity 101356K, committed 101504K, reserved 1136640K
  class space    used 12691K, capacity 13607K, committed 13696K, reserved 1048576K
}
Event: 37.534 GC heap before
{Heap before GC invocations=31 (full 0):
 garbage-first heap   total 189440K, used 97381K [0x0000000080000000, 0x0000000100000000)
  region size 1024K, 9 young (9216K), 7 survivors (7168K)
 Metaspace       used 99382K, capacity 101868K, committed 102016K, reserved 1138688K
  class space    used 12743K, capacity 13671K, committed 13696K, reserved 1048576K
}
Event: 37.542 GC heap after
{Heap after GC invocations=32 (full 0):
 garbage-first heap   total 189440K, used 95679K [0x0000000080000000, 0x0000000100000000)
  region size 1024K, 2 young (2048K), 2 survivors (2048K)
 Metaspace       used 99382K, capacity 101868K, committed 102016K, reserved 1138688K
  class space    used 12743K, capacity 13671K, committed 13696K, reserved 1048576K
}
Event: 37.975 GC heap before
{Heap before GC invocations=32 (full 0):
 garbage-first heap   total 189440K, used 143807K [0x0000000080000000, 0x0000000100000000)
  region size 1024K, 50 young (51200K), 2 survivors (2048K)
 Metaspace       used 105753K, capacity 108740K, committed 109056K, reserved 1142784K
  class space    used 13805K, capacity 15002K, committed 15104K, reserved 1048576K
}
Event: 38.005 GC heap after
{Heap after GC invocations=33 (full 0):
 garbage-first heap   total 189440K, used 104957K [0x0000000080000000, 0x0000000100000000)
  region size 1024K, 7 young (7168K), 7 survivors (7168K)
 Metaspace       used 105753K, capacity 108740K, committed 109056K, reserved 1142784K
  class space    used 13805K, capacity 15002K, committed 15104K, reserved 1048576K
}
Event: 38.453 GC heap before
{Heap before GC invocations=34 (full 0):
 garbage-first heap   total 189440K, used 148989K [0x0000000080000000, 0x0000000100000000)
  region size 1024K, 51 young (52224K), 7 survivors (7168K)
 Metaspace       used 108068K, capacity 111238K, committed 111360K, reserved 1144832K
  class space    used 14123K, capacity 15354K, committed 15360K, reserved 1048576K
}
Event: 38.462 GC heap after
{Heap after GC invocations=35 (full 0):
 garbage-first heap   total 189440K, used 107925K [0x0000000080000000, 0x0000000100000000)
  region size 1024K, 3 young (3072K), 3 survivors (3072K)
 Metaspace       used 108068K, capacity 111238K, committed 111360K, reserved 1144832K
  class space    used 14123K, capacity 15354K, committed 15360K, reserved 1048576K
}
Event: 38.616 GC heap before
{Heap before GC invocations=35 (full 0):
 garbage-first heap   total 189440K, used 114069K [0x0000000080000000, 0x0000000100000000)
  region size 1024K, 9 young (9216K), 3 survivors (3072K)
 Metaspace       used 108381K, capacity 111532K, committed 111744K, reserved 1144832K
  class space    used 14152K, capacity 15396K, committed 15488K, reserved 1048576K
}
Event: 38.619 GC heap after
{Heap after GC invocations=36 (full 0):
 garbage-first heap   total 189440K, used 105772K [0x0000000080000000, 0x0000000100000000)
  region size 1024K, 2 young (2048K), 2 survivors (2048K)
 Metaspace       used 108381K, capacity 111532K, committed 111744K, reserved 1144832K
  class space    used 14152K, capacity 15396K, committed 15488K, reserved 1048576K
}

