# JRE version: OpenJDK Runtime Environment (11.0.8+10) (build 11.0.8+10-b944.6842174)
# Java VM: OpenJDK 64-Bit Server VM (11.0.8+10-b944.6842174, mixed mode, tiered, compressed oops, g1 gc, windows-amd64)
Heap:
 garbage-first heap   total 157696K, used 105777K [0x0000000081c00000, 0x0000000100000000)
  region size 1024K, 68 young (69632K), 11 survivors (11264K)
 Metaspace       used 58979K, capacity 59653K, committed 59724K, reserved 1101824K
  class space    used 6482K, capacity 6739K, committed 6784K, reserved 1048576K
GC Heap History (14 events):
Event: 1.306 GC heap before
{Heap before GC invocations=0 (full 0):
 garbage-first heap   total 131072K, used 27648K [0x0000000081c00000, 0x0000000100000000)
  region size 1024K, 24 young (24576K), 0 survivors (0K)
 Metaspace       used 12313K, capacity 12405K, committed 12544K, reserved 1060864K
  class space    used 1155K, capacity 1174K, committed 1280K, reserved 1048576K
}
Event: 1.311 GC heap after
{Heap after GC invocations=1 (full 0):
 garbage-first heap   total 131072K, used 5633K [0x0000000081c00000, 0x0000000100000000)
  region size 1024K, 3 young (3072K), 3 survivors (3072K)
 Metaspace       used 12313K, capacity 12405K, committed 12544K, reserved 1060864K
  class space    used 1155K, capacity 1174K, committed 1280K, reserved 1048576K
}
Event: 2.442 GC heap before
{Heap before GC invocations=1 (full 0):
 garbage-first heap   total 131072K, used 41473K [0x0000000081c00000, 0x0000000100000000)
  region size 1024K, 39 young (39936K), 3 survivors (3072K)
 Metaspace       used 20965K, capacity 21201K, committed 21248K, reserved 1069056K
  class space    used 2216K, capacity 2297K, committed 2304K, reserved 1048576K
}
Event: 2.462 GC heap after
{Heap after GC invocations=2 (full 0):
 garbage-first heap   total 131072K, used 9436K [0x0000000081c00000, 0x0000000100000000)
  region size 1024K, 7 young (7168K), 7 survivors (7168K)
 Metaspace       used 20965K, capacity 21201K, committed 21248K, reserved 1069056K
  class space    used 2216K, capacity 2297K, committed 2304K, reserved 1048576K
}
Event: 3.666 GC heap before
{Heap before GC invocations=3 (full 0):
 garbage-first heap   total 131072K, used 66780K [0x0000000081c00000, 0x0000000100000000)
  region size 1024K, 55 young (56320K), 7 survivors (7168K)
 Metaspace       used 31727K, capacity 32222K, committed 32384K, reserved 1077248K
  class space    used 3776K, capacity 3939K, committed 3968K, reserved 1048576K
}
Event: 3.683 GC heap after
{Heap after GC invocations=4 (full 0):
 garbage-first heap   total 131072K, used 23639K [0x0000000081c00000, 0x0000000100000000)
  region size 1024K, 6 young (6144K), 6 survivors (6144K)
 Metaspace       used 31727K, capacity 32222K, committed 32384K, reserved 1077248K
  class space    used 3776K, capacity 3939K, committed 3968K, reserved 1048576K
}
Event: 3.984 GC heap before
{Heap before GC invocations=4 (full 0):
 garbage-first heap   total 131072K, used 40023K [0x0000000081c00000, 0x0000000100000000)
  region size 1024K, 23 young (23552K), 6 survivors (6144K)
 Metaspace       used 35189K, capacity 35704K, committed 35840K, reserved 1081344K
  class space    used 4147K, capacity 4332K, committed 4352K, reserved 1048576K
}
Event: 4.003 GC heap after
{Heap after GC invocations=5 (full 0):
 garbage-first heap   total 131072K, used 25600K [0x0000000081c00000, 0x0000000100000000)
  region size 1024K, 2 young (2048K), 2 survivors (2048K)
 Metaspace       used 35189K, capacity 35704K, committed 35840K, reserved 1081344K
  class space    used 4147K, capacity 4332K, committed 4352K, reserved 1048576K
}
Event: 5.367 GC heap before
{Heap before GC invocations=6 (full 0):
 garbage-first heap   total 131072K, used 76800K [0x0000000081c00000, 0x0000000100000000)
  region size 1024K, 52 young (53248K), 2 survivors (2048K)
 Metaspace       used 46329K, capacity 46840K, committed 46924K, reserved 1091584K
  class space    used 5497K, capacity 5692K, committed 5760K, reserved 1048576K
}
Event: 5.376 GC heap after
{Heap after GC invocations=7 (full 0):
 garbage-first heap   total 131072K, used 29869K [0x0000000081c00000, 0x0000000100000000)
  region size 1024K, 7 young (7168K), 7 survivors (7168K)
 Metaspace       used 46329K, capacity 46840K, committed 46924K, reserved 1091584K
  class space    used 5497K, capacity 5692K, committed 5760K, reserved 1048576K
}
Event: 6.043 GC heap before
{Heap before GC invocations=7 (full 0):
 garbage-first heap   total 131072K, used 83117K [0x0000000081c00000, 0x0000000100000000)
  region size 1024K, 58 young (59392K), 7 survivors (7168K)
 Metaspace       used 48834K, capacity 49403K, committed 49740K, reserved 1093632K
  class space    used 5690K, capacity 5895K, committed 6016K, reserved 1048576K
}
Event: 6.058 GC heap after
{Heap after GC invocations=8 (full 0):
 garbage-first heap   total 157696K, used 35869K [0x0000000081c00000, 0x0000000100000000)
  region size 1024K, 7 young (7168K), 7 survivors (7168K)
 Metaspace       used 48834K, capacity 49403K, committed 49740K, reserved 1093632K
  class space    used 5690K, capacity 5895K, committed 6016K, reserved 1048576K
}
Event: 7.814 GC heap before
{Heap before GC invocations=8 (full 0):
 garbage-first heap   total 157696K, used 111645K [0x0000000081c00000, 0x0000000100000000)
  region size 1024K, 81 young (82944K), 7 survivors (7168K)
 Metaspace       used 54918K, capacity 55568K, committed 55628K, reserved 1097728K
  class space    used 6261K, capacity 6521K, committed 6528K, reserved 1048576K
}
Event: 7.847 GC heap after
{Heap after GC invocations=9 (full 0):
 garbage-first heap   total 157696K, used 47409K [0x0000000081c00000, 0x0000000100000000)
  region size 1024K, 11 young (11264K), 11 survivors (11264K)
 Metaspace       used 54918K, capacity 55568K, committed 55628K, reserved 1097728K
  class space    used 6261K, capacity 6521K, committed 6528K, reserved 1048576K
}

