# JRE version: OpenJDK Runtime Environment (11.0.8+10) (build 11.0.8+10-b944.6842174)
# Java VM: OpenJDK 64-Bit Server VM (11.0.8+10-b944.6842174, mixed mode, tiered, compressed oops, g1 gc, windows-amd64)
Heap:
 garbage-first heap   total 264192K, used 130635K [0x0000000080000000, 0x0000000100000000)
  region size 1024K, 4 young (4096K), 4 survivors (4096K)
 Metaspace       used 93383K, capacity 95734K, committed 96000K, reserved 1132544K
  class space    used 12098K, capacity 12982K, committed 13056K, reserved 1048576K
GC Heap History (20 events):
Event: 15.142 GC heap after
{Heap after GC invocations=21 (full 0):
 garbage-first heap   total 157696K, used 68571K [0x0000000080000000, 0x0000000100000000)
  region size 1024K, 8 young (8192K), 8 survivors (8192K)
 Metaspace       used 82393K, capacity 84601K, committed 84864K, reserved 1122304K
  class space    used 10693K, capacity 11530K, committed 11648K, reserved 1048576K
}
Event: 16.057 GC heap before
{Heap before GC invocations=21 (full 0):
 garbage-first heap   total 157696K, used 119771K [0x0000000080000000, 0x0000000100000000)
  region size 1024K, 59 young (60416K), 8 survivors (8192K)
 Metaspace       used 85727K, capacity 88002K, committed 88064K, reserved 1126400K
  class space    used 11135K, capacity 11994K, committed 12032K, reserved 1048576K
}
Event: 16.066 GC heap after
{Heap after GC invocations=22 (full 0):
 garbage-first heap   total 157696K, used 69634K [0x0000000080000000, 0x0000000100000000)
  region size 1024K, 5 young (5120K), 5 survivors (5120K)
 Metaspace       used 85727K, capacity 88002K, committed 88064K, reserved 1126400K
  class space    used 11135K, capacity 11994K, committed 12032K, reserved 1048576K
}
Event: 16.798 GC heap before
{Heap before GC invocations=22 (full 0):
 garbage-first heap   total 157696K, used 122882K [0x0000000080000000, 0x0000000100000000)
  region size 1024K, 58 young (59392K), 5 survivors (5120K)
 Metaspace       used 87902K, capacity 90094K, committed 90368K, reserved 1128448K
  class space    used 11385K, capacity 12233K, committed 12288K, reserved 1048576K
}
Event: 16.807 GC heap after
{Heap after GC invocations=23 (full 0):
 garbage-first heap   total 157696K, used 73425K [0x0000000080000000, 0x0000000100000000)
  region size 1024K, 5 young (5120K), 5 survivors (5120K)
 Metaspace       used 87902K, capacity 90094K, committed 90368K, reserved 1128448K
  class space    used 11385K, capacity 12233K, committed 12288K, reserved 1048576K
}
Event: 16.900 GC heap before
{Heap before GC invocations=23 (full 0):
 garbage-first heap   total 157696K, used 83665K [0x0000000080000000, 0x0000000100000000)
  region size 1024K, 14 young (14336K), 5 survivors (5120K)
 Metaspace       used 88144K, capacity 90350K, committed 90624K, reserved 1128448K
  class space    used 11419K, capacity 12252K, committed 12288K, reserved 1048576K
}
Event: 16.908 GC heap after
{Heap after GC invocations=24 (full 0):
 garbage-first heap   total 157696K, used 76048K [0x0000000080000000, 0x0000000100000000)
  region size 1024K, 5 young (5120K), 5 survivors (5120K)
 Metaspace       used 88144K, capacity 90350K, committed 90624K, reserved 1128448K
  class space    used 11419K, capacity 12252K, committed 12288K, reserved 1048576K
}
Event: 17.125 GC heap before
{Heap before GC invocations=25 (full 0):
 garbage-first heap   total 157696K, used 136464K [0x0000000080000000, 0x0000000100000000)
  region size 1024K, 54 young (55296K), 5 survivors (5120K)
 Metaspace       used 88378K, capacity 90558K, committed 91008K, reserved 1128448K
  class space    used 11434K, capacity 12233K, committed 12416K, reserved 1048576K
}
Event: 17.136 GC heap after
{Heap after GC invocations=26 (full 0):
 garbage-first heap   total 157696K, used 82508K [0x0000000080000000, 0x0000000100000000)
  region size 1024K, 7 young (7168K), 7 survivors (7168K)
 Metaspace       used 88378K, capacity 90558K, committed 91008K, reserved 1128448K
  class space    used 11434K, capacity 12233K, committed 12416K, reserved 1048576K
}
Event: 17.244 GC heap before
{Heap before GC invocations=26 (full 0):
 garbage-first heap   total 157696K, used 118348K [0x0000000080000000, 0x0000000100000000)
  region size 1024K, 44 young (45056K), 7 survivors (7168K)
 Metaspace       used 88992K, capacity 91143K, committed 91520K, reserved 1128448K
  class space    used 11513K, capacity 12320K, committed 12416K, reserved 1048576K
}
Event: 17.255 GC heap after
{Heap after GC invocations=27 (full 0):
 garbage-first heap   total 189440K, used 93798K [0x0000000080000000, 0x0000000100000000)
  region size 1024K, 7 young (7168K), 7 survivors (7168K)
 Metaspace       used 88992K, capacity 91143K, committed 91520K, reserved 1128448K
  class space    used 11513K, capacity 12320K, committed 12416K, reserved 1048576K
}
Event: 17.502 GC heap before
{Heap before GC invocations=28 (full 0):
 garbage-first heap   total 189440K, used 141926K [0x0000000080000000, 0x0000000100000000)
  region size 1024K, 53 young (54272K), 7 survivors (7168K)
 Metaspace       used 90707K, capacity 92920K, committed 93056K, reserved 1130496K
  class space    used 11774K, capacity 12622K, committed 12672K, reserved 1048576K
}
Event: 17.509 GC heap after
{Heap after GC invocations=29 (full 0):
 garbage-first heap   total 189440K, used 96203K [0x0000000080000000, 0x0000000100000000)
  region size 1024K, 7 young (7168K), 7 survivors (7168K)
 Metaspace       used 90707K, capacity 92920K, committed 93056K, reserved 1130496K
  class space    used 11774K, capacity 12622K, committed 12672K, reserved 1048576K
}
Event: 17.730 GC heap before
{Heap before GC invocations=29 (full 0):
 garbage-first heap   total 189440K, used 143307K [0x0000000080000000, 0x0000000100000000)
  region size 1024K, 53 young (54272K), 7 survivors (7168K)
 Metaspace       used 91592K, capacity 93941K, committed 94208K, reserved 1130496K
  class space    used 11887K, capacity 12769K, committed 12800K, reserved 1048576K
}
Event: 17.759 GC heap after
{Heap after GC invocations=30 (full 0):
 garbage-first heap   total 189440K, used 105472K [0x0000000080000000, 0x0000000100000000)
  region size 1024K, 7 young (7168K), 7 survivors (7168K)
 Metaspace       used 91592K, capacity 93941K, committed 94208K, reserved 1130496K
  class space    used 11887K, capacity 12769K, committed 12800K, reserved 1048576K
}
Event: 17.900 GC heap before
{Heap before GC invocations=30 (full 0):
 garbage-first heap   total 189440K, used 145408K [0x0000000080000000, 0x0000000100000000)
  region size 1024K, 47 young (48128K), 7 survivors (7168K)
 Metaspace       used 91992K, capacity 94364K, committed 94592K, reserved 1130496K
  class space    used 11940K, capacity 12821K, committed 12928K, reserved 1048576K
}
Event: 17.923 GC heap after
{Heap after GC invocations=31 (full 0):
 garbage-first heap   total 189440K, used 118114K [0x0000000080000000, 0x0000000100000000)
  region size 1024K, 6 young (6144K), 6 survivors (6144K)
 Metaspace       used 91992K, capacity 94364K, committed 94592K, reserved 1130496K
  class space    used 11940K, capacity 12821K, committed 12928K, reserved 1048576K
}
Event: 18.083 GC heap before
{Heap before GC invocations=32 (full 0):
 garbage-first heap   total 189440K, used 149858K [0x0000000080000000, 0x0000000100000000)
  region size 1024K, 37 young (37888K), 6 survivors (6144K)
 Metaspace       used 92904K, capacity 95196K, committed 95488K, reserved 1132544K
  class space    used 12052K, capacity 12927K, committed 13056K, reserved 1048576K
}
Event: 18.100 GC heap after
{Heap after GC invocations=33 (full 0):
 garbage-first heap   total 189440K, used 125203K [0x0000000080000000, 0x0000000100000000)
  region size 1024K, 5 young (5120K), 5 survivors (5120K)
 Metaspace       used 92904K, capacity 95196K, committed 95488K, reserved 1132544K
  class space    used 12052K, capacity 12927K, committed 13056K, reserved 1048576K
}
Event: 18.170 GC heap before
{Heap before GC invocations=33 (full 0):
 garbage-first heap   total 189440K, used 151827K [0x0000000080000000, 0x0000000100000000)
  region size 1024K, 32 young (32768K), 5 survivors (5120K)
 Metaspace       used 93383K, capacity 95734K, committed 96000K, reserved 1132544K
  class space    used 12098K, capacity 12982K, committed 13056K, reserved 1048576K
}

