# JRE version: OpenJDK Runtime Environment (11.0.8+10) (build 11.0.8+10-b944.6842174)
# Java VM: OpenJDK 64-Bit Server VM (11.0.8+10-b944.6842174, mixed mode, tiered, compressed oops, g1 gc, windows-amd64)
Heap:
 garbage-first heap   total 189440K, used 99006K [0x0000000080000000, 0x0000000100000000)
  region size 1024K, 32 young (32768K), 8 survivors (8192K)
 Metaspace       used 91431K, capacity 93890K, committed 94028K, reserved 1130496K
  class space    used 11900K, capacity 12829K, committed 12876K, reserved 1048576K
GC Heap History (20 events):
Event: 8.409 GC heap before
{Heap before GC invocations=9 (full 0):
 garbage-first heap   total 131072K, used 96643K [0x0000000080000000, 0x0000000100000000)
  region size 1024K, 63 young (64512K), 3 survivors (3072K)
 Metaspace       used 47875K, capacity 49188K, committed 49484K, reserved 1091584K
  class space    used 6125K, capacity 6615K, committed 6732K, reserved 1048576K
}
Event: 8.419 GC heap after
{Heap after GC invocations=10 (full 0):
 garbage-first heap   total 131072K, used 44943K [0x0000000080000000, 0x0000000100000000)
  region size 1024K, 8 young (8192K), 8 survivors (8192K)
 Metaspace       used 47875K, capacity 49188K, committed 49484K, reserved 1091584K
  class space    used 6125K, capacity 6615K, committed 6732K, reserved 1048576K
}
Event: 9.297 GC heap before
{Heap before GC invocations=10 (full 0):
 garbage-first heap   total 131072K, used 96143K [0x0000000080000000, 0x0000000100000000)
  region size 1024K, 58 young (59392K), 8 survivors (8192K)
 Metaspace       used 55271K, capacity 56674K, committed 56780K, reserved 1097728K
  class space    used 6998K, capacity 7557K, committed 7628K, reserved 1048576K
}
Event: 9.305 GC heap after
{Heap after GC invocations=11 (full 0):
 garbage-first heap   total 157696K, used 46830K [0x0000000080000000, 0x0000000100000000)
  region size 1024K, 2 young (2048K), 2 survivors (2048K)
 Metaspace       used 55271K, capacity 56674K, committed 56780K, reserved 1097728K
  class space    used 6998K, capacity 7557K, committed 7628K, reserved 1048576K
}
Event: 9.672 GC heap before
{Heap before GC invocations=11 (full 0):
 garbage-first heap   total 157696K, used 66286K [0x0000000080000000, 0x0000000100000000)
  region size 1024K, 22 young (22528K), 2 survivors (2048K)
 Metaspace       used 58729K, capacity 60157K, committed 60236K, reserved 1101824K
  class space    used 7444K, capacity 7988K, committed 8012K, reserved 1048576K
}
Event: 9.678 GC heap after
{Heap after GC invocations=12 (full 0):
 garbage-first heap   total 157696K, used 48312K [0x0000000080000000, 0x0000000100000000)
  region size 1024K, 4 young (4096K), 4 survivors (4096K)
 Metaspace       used 58729K, capacity 60157K, committed 60236K, reserved 1101824K
  class space    used 7444K, capacity 7988K, committed 8012K, reserved 1048576K
}
Event: 10.598 GC heap before
{Heap before GC invocations=13 (full 0):
 garbage-first heap   total 157696K, used 103608K [0x0000000080000000, 0x0000000100000000)
  region size 1024K, 58 young (59392K), 4 survivors (4096K)
 Metaspace       used 63717K, capacity 65252K, committed 65612K, reserved 1105920K
  class space    used 8059K, capacity 8651K, committed 8780K, reserved 1048576K
}
Event: 10.617 GC heap after
{Heap after GC invocations=14 (full 0):
 garbage-first heap   total 157696K, used 51995K [0x0000000080000000, 0x0000000100000000)
  region size 1024K, 7 young (7168K), 7 survivors (7168K)
 Metaspace       used 63717K, capacity 65252K, committed 65612K, reserved 1105920K
  class space    used 8059K, capacity 8651K, committed 8780K, reserved 1048576K
}
Event: 11.241 GC heap before
{Heap before GC invocations=15 (full 0):
 garbage-first heap   total 157696K, used 109339K [0x0000000080000000, 0x0000000100000000)
  region size 1024K, 63 young (64512K), 7 survivors (7168K)
 Metaspace       used 66586K, capacity 68252K, committed 68556K, reserved 1107968K
  class space    used 8416K, capacity 9048K, committed 9164K, reserved 1048576K
}
Event: 11.253 GC heap after
{Heap after GC invocations=16 (full 0):
 garbage-first heap   total 157696K, used 56172K [0x0000000080000000, 0x0000000100000000)
  region size 1024K, 8 young (8192K), 8 survivors (8192K)
 Metaspace       used 66586K, capacity 68252K, committed 68556K, reserved 1107968K
  class space    used 8416K, capacity 9048K, committed 9164K, reserved 1048576K
}
Event: 12.108 GC heap before
{Heap before GC invocations=16 (full 0):
 garbage-first heap   total 157696K, used 113516K [0x0000000080000000, 0x0000000100000000)
  region size 1024K, 64 young (65536K), 8 survivors (8192K)
 Metaspace       used 73472K, capacity 75177K, committed 75468K, reserved 1114112K
  class space    used 9475K, capacity 10127K, committed 10188K, reserved 1048576K
}
Event: 12.117 GC heap after
{Heap after GC invocations=17 (full 0):
 garbage-first heap   total 157696K, used 60372K [0x0000000080000000, 0x0000000100000000)
  region size 1024K, 8 young (8192K), 8 survivors (8192K)
 Metaspace       used 73472K, capacity 75177K, committed 75468K, reserved 1114112K
  class space    used 9475K, capacity 10127K, committed 10188K, reserved 1048576K
}
Event: 12.942 GC heap before
{Heap before GC invocations=17 (full 0):
 garbage-first heap   total 157696K, used 116692K [0x0000000080000000, 0x0000000100000000)
  region size 1024K, 63 young (64512K), 8 survivors (8192K)
 Metaspace       used 78516K, capacity 80392K, committed 80588K, reserved 1118208K
  class space    used 10194K, capacity 10887K, committed 10956K, reserved 1048576K
}
Event: 12.953 GC heap after
{Heap after GC invocations=18 (full 0):
 garbage-first heap   total 157696K, used 63954K [0x0000000080000000, 0x0000000100000000)
  region size 1024K, 8 young (8192K), 8 survivors (8192K)
 Metaspace       used 78516K, capacity 80392K, committed 80588K, reserved 1118208K
  class space    used 10194K, capacity 10887K, committed 10956K, reserved 1048576K
}
Event: 13.789 GC heap before
{Heap before GC invocations=18 (full 0):
 garbage-first heap   total 157696K, used 119250K [0x0000000080000000, 0x0000000100000000)
  region size 1024K, 63 young (64512K), 8 survivors (8192K)
 Metaspace       used 82228K, capacity 84373K, committed 84556K, reserved 1122304K
  class space    used 10701K, capacity 11507K, committed 11596K, reserved 1048576K
}
Event: 13.804 GC heap after
{Heap after GC invocations=19 (full 0):
 garbage-first heap   total 189440K, used 67675K [0x0000000080000000, 0x0000000100000000)
  region size 1024K, 8 young (8192K), 8 survivors (8192K)
 Metaspace       used 82228K, capacity 84373K, committed 84556K, reserved 1122304K
  class space    used 10701K, capacity 11507K, committed 11596K, reserved 1048576K
}
Event: 14.524 GC heap before
{Heap before GC invocations=19 (full 0):
 garbage-first heap   total 189440K, used 135259K [0x0000000080000000, 0x0000000100000000)
  region size 1024K, 75 young (76800K), 8 survivors (8192K)
 Metaspace       used 83714K, capacity 85905K, committed 85964K, reserved 1124352K
  class space    used 10838K, capacity 11666K, committed 11724K, reserved 1048576K
}
Event: 14.535 GC heap after
{Heap after GC invocations=20 (full 0):
 garbage-first heap   total 189440K, used 71839K [0x0000000080000000, 0x0000000100000000)
  region size 1024K, 8 young (8192K), 8 survivors (8192K)
 Metaspace       used 83714K, capacity 85905K, committed 85964K, reserved 1124352K
  class space    used 10838K, capacity 11666K, committed 11724K, reserved 1048576K
}
Event: 15.212 GC heap before
{Heap before GC invocations=20 (full 0):
 garbage-first heap   total 189440K, used 140447K [0x0000000080000000, 0x0000000100000000)
  region size 1024K, 75 young (76800K), 8 survivors (8192K)
 Metaspace       used 88538K, capacity 90731K, committed 90956K, reserved 1128448K
  class space    used 11447K, capacity 12291K, committed 12364K, reserved 1048576K
}
Event: 15.222 GC heap after
{Heap after GC invocations=21 (full 0):
 garbage-first heap   total 189440K, used 75454K [0x0000000080000000, 0x0000000100000000)
  region size 1024K, 8 young (8192K), 8 survivors (8192K)
 Metaspace       used 88538K, capacity 90731K, committed 90956K, reserved 1128448K
  class space    used 11447K, capacity 12291K, committed 12364K, reserved 1048576K
}

